{"/home/user/diamondrentacarnew/src/backend/availability.js": {"path":"/home/user/diamondrentacarnew/src/backend/availability.js","all":false,"statementMap":{"0":{"start":{"line":1,"column":0},"end":{"line":1,"column":12}},"1":{"start":{"line":2,"column":0},"end":{"line":2,"column":56}},"2":{"start":{"line":3,"column":0},"end":{"line":3,"column":2}},"3":{"start":{"line":4,"column":0},"end":{"line":4,"column":69}},"4":{"start":{"line":5,"column":0},"end":{"line":5,"column":83}},"5":{"start":{"line":6,"column":0},"end":{"line":6,"column":87}},"6":{"start":{"line":7,"column":0},"end":{"line":7,"column":21}},"7":{"start":{"line":8,"column":0},"end":{"line":8,"column":2}},"8":{"start":{"line":9,"column":0},"end":{"line":9,"column":70}},"9":{"start":{"line":10,"column":0},"end":{"line":10,"column":72}},"10":{"start":{"line":11,"column":0},"end":{"line":11,"column":2}},"11":{"start":{"line":12,"column":0},"end":{"line":12,"column":80}},"12":{"start":{"line":13,"column":0},"end":{"line":13,"column":81}},"13":{"start":{"line":14,"column":0},"end":{"line":14,"column":81}},"14":{"start":{"line":15,"column":0},"end":{"line":15,"column":42}},"15":{"start":{"line":16,"column":0},"end":{"line":16,"column":0}},"16":{"start":{"line":17,"column":0},"end":{"line":17,"column":24}},"17":{"start":{"line":18,"column":0},"end":{"line":18,"column":41}},"18":{"start":{"line":19,"column":0},"end":{"line":19,"column":63}},"19":{"start":{"line":20,"column":0},"end":{"line":20,"column":52}},"20":{"start":{"line":21,"column":0},"end":{"line":21,"column":1}},"21":{"start":{"line":22,"column":0},"end":{"line":22,"column":0}},"22":{"start":{"line":23,"column":0},"end":{"line":23,"column":3}},"23":{"start":{"line":24,"column":0},"end":{"line":24,"column":77}},"24":{"start":{"line":25,"column":0},"end":{"line":25,"column":77}},"25":{"start":{"line":26,"column":0},"end":{"line":26,"column":70}},"26":{"start":{"line":27,"column":0},"end":{"line":27,"column":2}},"27":{"start":{"line":28,"column":0},"end":{"line":28,"column":83}},"28":{"start":{"line":29,"column":0},"end":{"line":29,"column":78}},"29":{"start":{"line":30,"column":0},"end":{"line":30,"column":3}},"30":{"start":{"line":31,"column":0},"end":{"line":31,"column":61}},"31":{"start":{"line":32,"column":0},"end":{"line":32,"column":32}},"32":{"start":{"line":33,"column":0},"end":{"line":33,"column":28}},"33":{"start":{"line":34,"column":0},"end":{"line":34,"column":32}},"34":{"start":{"line":35,"column":0},"end":{"line":35,"column":28}},"35":{"start":{"line":36,"column":0},"end":{"line":36,"column":57}},"36":{"start":{"line":37,"column":0},"end":{"line":37,"column":40}},"37":{"start":{"line":38,"column":0},"end":{"line":38,"column":1}}},"s":{"0":1,"1":1,"2":1,"3":1,"4":1,"5":1,"6":1,"7":1,"8":1,"9":1,"10":1,"11":1,"12":1,"13":1,"14":1,"15":1,"16":64,"17":64,"18":64,"19":64,"20":64,"21":1,"22":1,"23":1,"24":1,"25":1,"26":1,"27":1,"28":1,"29":1,"30":1,"31":16,"32":16,"33":16,"34":16,"35":16,"36":16,"37":16},"branchMap":{"0":{"type":"branch","line":17,"loc":{"start":{"line":17,"column":0},"end":{"line":21,"column":1}},"locations":[{"start":{"line":17,"column":0},"end":{"line":21,"column":1}}]},"1":{"type":"branch","line":18,"loc":{"start":{"line":18,"column":12},"end":{"line":18,"column":27}},"locations":[{"start":{"line":18,"column":12},"end":{"line":18,"column":27}}]},"2":{"type":"branch","line":18,"loc":{"start":{"line":18,"column":29},"end":{"line":18,"column":41}},"locations":[{"start":{"line":18,"column":29},"end":{"line":18,"column":41}}]},"3":{"type":"branch","line":18,"loc":{"start":{"line":18,"column":40},"end":{"line":19,"column":39}},"locations":[{"start":{"line":18,"column":40},"end":{"line":19,"column":39}}]},"4":{"type":"branch","line":19,"loc":{"start":{"line":19,"column":36},"end":{"line":19,"column":44}},"locations":[{"start":{"line":19,"column":36},"end":{"line":19,"column":44}}]},"5":{"type":"branch","line":19,"loc":{"start":{"line":19,"column":44},"end":{"line":19,"column":62}},"locations":[{"start":{"line":19,"column":44},"end":{"line":19,"column":62}}]},"6":{"type":"branch","line":20,"loc":{"start":{"line":20,"column":37},"end":{"line":20,"column":44}},"locations":[{"start":{"line":20,"column":37},"end":{"line":20,"column":44}}]},"7":{"type":"branch","line":20,"loc":{"start":{"line":20,"column":44},"end":{"line":20,"column":51}},"locations":[{"start":{"line":20,"column":44},"end":{"line":20,"column":51}}]},"8":{"type":"branch","line":31,"loc":{"start":{"line":31,"column":7},"end":{"line":38,"column":1}},"locations":[{"start":{"line":31,"column":7},"end":{"line":38,"column":1}}]},"9":{"type":"branch","line":36,"loc":{"start":{"line":36,"column":13},"end":{"line":36,"column":22}},"locations":[{"start":{"line":36,"column":13},"end":{"line":36,"column":22}}]},"10":{"type":"branch","line":36,"loc":{"start":{"line":36,"column":22},"end":{"line":36,"column":33}},"locations":[{"start":{"line":36,"column":22},"end":{"line":36,"column":33}}]},"11":{"type":"branch","line":36,"loc":{"start":{"line":36,"column":33},"end":{"line":36,"column":42}},"locations":[{"start":{"line":36,"column":33},"end":{"line":36,"column":42}}]},"12":{"type":"branch","line":36,"loc":{"start":{"line":36,"column":44},"end":{"line":36,"column":57}},"locations":[{"start":{"line":36,"column":44},"end":{"line":36,"column":57}}]},"13":{"type":"branch","line":36,"loc":{"start":{"line":36,"column":56},"end":{"line":37,"column":26}},"locations":[{"start":{"line":36,"column":56},"end":{"line":37,"column":26}}]},"14":{"type":"branch","line":37,"loc":{"start":{"line":37,"column":22},"end":{"line":37,"column":39}},"locations":[{"start":{"line":37,"column":22},"end":{"line":37,"column":39}}]}},"b":{"0":[64],"1":[2],"2":[2],"3":[62],"4":[57],"5":[5],"6":[2],"7":[60],"8":[16],"9":[15],"10":[14],"11":[13],"12":[4],"13":[12],"14":[11]},"fnMap":{"0":{"name":"asDate","decl":{"start":{"line":17,"column":0},"end":{"line":21,"column":1}},"loc":{"start":{"line":17,"column":0},"end":{"line":21,"column":1}},"line":17},"1":{"name":"bookingsOverlap","decl":{"start":{"line":31,"column":7},"end":{"line":38,"column":1}},"loc":{"start":{"line":31,"column":7},"end":{"line":38,"column":1}},"line":31}},"f":{"0":64,"1":16}}
,"/home/user/diamondrentacarnew/src/backend/billableDays.js": {"path":"/home/user/diamondrentacarnew/src/backend/billableDays.js","all":false,"statementMap":{"0":{"start":{"line":1,"column":0},"end":{"line":1,"column":12}},"1":{"start":{"line":2,"column":0},"end":{"line":2,"column":24}},"2":{"start":{"line":3,"column":0},"end":{"line":3,"column":41}},"3":{"start":{"line":4,"column":0},"end":{"line":4,"column":63}},"4":{"start":{"line":5,"column":0},"end":{"line":5,"column":52}},"5":{"start":{"line":6,"column":0},"end":{"line":6,"column":1}},"6":{"start":{"line":7,"column":0},"end":{"line":7,"column":0}},"7":{"start":{"line":8,"column":0},"end":{"line":8,"column":80}},"8":{"start":{"line":9,"column":0},"end":{"line":9,"column":31}},"9":{"start":{"line":10,"column":0},"end":{"line":10,"column":30}},"10":{"start":{"line":11,"column":0},"end":{"line":11,"column":39}},"11":{"start":{"line":12,"column":0},"end":{"line":12,"column":109}},"12":{"start":{"line":13,"column":0},"end":{"line":13,"column":58}},"13":{"start":{"line":14,"column":0},"end":{"line":14,"column":3}},"14":{"start":{"line":15,"column":0},"end":{"line":15,"column":0}},"15":{"start":{"line":16,"column":0},"end":{"line":16,"column":69}},"16":{"start":{"line":17,"column":0},"end":{"line":17,"column":10}},"17":{"start":{"line":18,"column":0},"end":{"line":18,"column":10}},"18":{"start":{"line":19,"column":0},"end":{"line":19,"column":52}},"19":{"start":{"line":20,"column":0},"end":{"line":20,"column":4}},"20":{"start":{"line":21,"column":0},"end":{"line":21,"column":1}},"21":{"start":{"line":22,"column":0},"end":{"line":22,"column":0}},"22":{"start":{"line":23,"column":0},"end":{"line":23,"column":72}},"23":{"start":{"line":24,"column":0},"end":{"line":24,"column":81}},"24":{"start":{"line":25,"column":0},"end":{"line":25,"column":1}}},"s":{"0":1,"1":62,"2":62,"3":62,"4":62,"5":62,"6":1,"7":1,"8":31,"9":31,"10":31,"11":6,"12":6,"13":6,"14":25,"15":25,"16":25,"17":25,"18":25,"19":25,"20":25,"21":1,"22":1,"23":12,"24":12},"branchMap":{"0":{"type":"branch","line":2,"loc":{"start":{"line":2,"column":0},"end":{"line":6,"column":1}},"locations":[{"start":{"line":2,"column":0},"end":{"line":6,"column":1}}]},"1":{"type":"branch","line":3,"loc":{"start":{"line":3,"column":12},"end":{"line":3,"column":27}},"locations":[{"start":{"line":3,"column":12},"end":{"line":3,"column":27}}]},"2":{"type":"branch","line":3,"loc":{"start":{"line":3,"column":29},"end":{"line":3,"column":41}},"locations":[{"start":{"line":3,"column":29},"end":{"line":3,"column":41}}]},"3":{"type":"branch","line":3,"loc":{"start":{"line":3,"column":40},"end":{"line":4,"column":39}},"locations":[{"start":{"line":3,"column":40},"end":{"line":4,"column":39}}]},"4":{"type":"branch","line":4,"loc":{"start":{"line":4,"column":36},"end":{"line":4,"column":44}},"locations":[{"start":{"line":4,"column":36},"end":{"line":4,"column":44}}]},"5":{"type":"branch","line":4,"loc":{"start":{"line":4,"column":44},"end":{"line":4,"column":62}},"locations":[{"start":{"line":4,"column":44},"end":{"line":4,"column":62}}]},"6":{"type":"branch","line":5,"loc":{"start":{"line":5,"column":37},"end":{"line":5,"column":44}},"locations":[{"start":{"line":5,"column":37},"end":{"line":5,"column":44}}]},"7":{"type":"branch","line":5,"loc":{"start":{"line":5,"column":44},"end":{"line":5,"column":51}},"locations":[{"start":{"line":5,"column":44},"end":{"line":5,"column":51}}]},"8":{"type":"branch","line":8,"loc":{"start":{"line":8,"column":7},"end":{"line":21,"column":1}},"locations":[{"start":{"line":8,"column":7},"end":{"line":21,"column":1}}]},"9":{"type":"branch","line":11,"loc":{"start":{"line":11,"column":12},"end":{"line":11,"column":20}},"locations":[{"start":{"line":11,"column":12},"end":{"line":11,"column":20}}]},"10":{"type":"branch","line":11,"loc":{"start":{"line":11,"column":20},"end":{"line":11,"column":36}},"locations":[{"start":{"line":11,"column":20},"end":{"line":11,"column":36}}]},"11":{"type":"branch","line":11,"loc":{"start":{"line":11,"column":38},"end":{"line":14,"column":3}},"locations":[{"start":{"line":11,"column":38},"end":{"line":14,"column":3}}]},"12":{"type":"branch","line":12,"loc":{"start":{"line":12,"column":80},"end":{"line":12,"column":103}},"locations":[{"start":{"line":12,"column":80},"end":{"line":12,"column":103}}]},"13":{"type":"branch","line":12,"loc":{"start":{"line":12,"column":103},"end":{"line":12,"column":107}},"locations":[{"start":{"line":12,"column":103},"end":{"line":12,"column":107}}]},"14":{"type":"branch","line":14,"loc":{"start":{"line":14,"column":2},"end":{"line":21,"column":1}},"locations":[{"start":{"line":14,"column":2},"end":{"line":21,"column":1}}]},"15":{"type":"branch","line":23,"loc":{"start":{"line":23,"column":7},"end":{"line":25,"column":1}},"locations":[{"start":{"line":23,"column":7},"end":{"line":25,"column":1}}]}},"b":{"0":[62],"1":[2],"2":[2],"3":[60],"4":[58],"5":[2],"6":[2],"7":[58],"8":[31],"9":[29],"10":[29],"11":[6],"12":[5],"13":[1],"14":[25],"15":[12]},"fnMap":{"0":{"name":"asDate","decl":{"start":{"line":2,"column":0},"end":{"line":6,"column":1}},"loc":{"start":{"line":2,"column":0},"end":{"line":6,"column":1}},"line":2},"1":{"name":"computeBillableDaysDetailed","decl":{"start":{"line":8,"column":7},"end":{"line":21,"column":1}},"loc":{"start":{"line":8,"column":7},"end":{"line":21,"column":1}},"line":8},"2":{"name":"computeBillableDays","decl":{"start":{"line":23,"column":7},"end":{"line":25,"column":1}},"loc":{"start":{"line":23,"column":7},"end":{"line":25,"column":1}},"line":23}},"f":{"0":62,"1":31,"2":12}}
,"/home/user/diamondrentacarnew/src/backend/bookingConfig.js": {"path":"/home/user/diamondrentacarnew/src/backend/bookingConfig.js","all":false,"statementMap":{"0":{"start":{"line":1,"column":0},"end":{"line":1,"column":12}},"1":{"start":{"line":2,"column":0},"end":{"line":2,"column":29}},"2":{"start":{"line":3,"column":0},"end":{"line":3,"column":0}},"3":{"start":{"line":4,"column":0},"end":{"line":4,"column":42}},"4":{"start":{"line":5,"column":0},"end":{"line":5,"column":29}},"5":{"start":{"line":6,"column":0},"end":{"line":6,"column":18}},"6":{"start":{"line":7,"column":0},"end":{"line":7,"column":14}},"7":{"start":{"line":8,"column":0},"end":{"line":8,"column":27}},"8":{"start":{"line":9,"column":0},"end":{"line":9,"column":21}},"9":{"start":{"line":10,"column":0},"end":{"line":10,"column":18}},"10":{"start":{"line":11,"column":0},"end":{"line":11,"column":22}},"11":{"start":{"line":12,"column":0},"end":{"line":12,"column":36}},"12":{"start":{"line":13,"column":0},"end":{"line":13,"column":101}},"13":{"start":{"line":14,"column":0},"end":{"line":14,"column":30}},"14":{"start":{"line":15,"column":0},"end":{"line":15,"column":40}},"15":{"start":{"line":16,"column":0},"end":{"line":16,"column":130}},"16":{"start":{"line":17,"column":0},"end":{"line":17,"column":35}},"17":{"start":{"line":18,"column":0},"end":{"line":18,"column":42}},"18":{"start":{"line":19,"column":0},"end":{"line":19,"column":39}},"19":{"start":{"line":20,"column":0},"end":{"line":20,"column":79}},"20":{"start":{"line":21,"column":0},"end":{"line":21,"column":26}},"21":{"start":{"line":22,"column":0},"end":{"line":22,"column":31}},"22":{"start":{"line":23,"column":0},"end":{"line":23,"column":32}},"23":{"start":{"line":24,"column":0},"end":{"line":24,"column":31}},"24":{"start":{"line":25,"column":0},"end":{"line":25,"column":40}},"25":{"start":{"line":26,"column":0},"end":{"line":26,"column":36}},"26":{"start":{"line":27,"column":0},"end":{"line":27,"column":57}},"27":{"start":{"line":28,"column":0},"end":{"line":28,"column":138}},"28":{"start":{"line":29,"column":0},"end":{"line":29,"column":679}},"29":{"start":{"line":30,"column":0},"end":{"line":30,"column":62}},"30":{"start":{"line":31,"column":0},"end":{"line":31,"column":120}},"31":{"start":{"line":32,"column":0},"end":{"line":32,"column":396}},"32":{"start":{"line":33,"column":0},"end":{"line":33,"column":52}},"33":{"start":{"line":34,"column":0},"end":{"line":34,"column":175}},"34":{"start":{"line":35,"column":0},"end":{"line":35,"column":317}},"35":{"start":{"line":36,"column":0},"end":{"line":36,"column":320}},"36":{"start":{"line":37,"column":0},"end":{"line":37,"column":362}},"37":{"start":{"line":38,"column":0},"end":{"line":38,"column":379}},"38":{"start":{"line":39,"column":0},"end":{"line":39,"column":14}},"39":{"start":{"line":40,"column":0},"end":{"line":40,"column":2}},"40":{"start":{"line":41,"column":0},"end":{"line":41,"column":0}},"41":{"start":{"line":42,"column":0},"end":{"line":42,"column":34}},"42":{"start":{"line":43,"column":0},"end":{"line":43,"column":3}},"43":{"start":{"line":44,"column":0},"end":{"line":44,"column":15}},"44":{"start":{"line":45,"column":0},"end":{"line":45,"column":17}},"45":{"start":{"line":46,"column":0},"end":{"line":46,"column":19}},"46":{"start":{"line":47,"column":0},"end":{"line":47,"column":78}},"47":{"start":{"line":48,"column":0},"end":{"line":48,"column":26}},"48":{"start":{"line":49,"column":0},"end":{"line":49,"column":17}},"49":{"start":{"line":50,"column":0},"end":{"line":50,"column":24}},"50":{"start":{"line":51,"column":0},"end":{"line":51,"column":17}},"51":{"start":{"line":52,"column":0},"end":{"line":52,"column":4}},"52":{"start":{"line":53,"column":0},"end":{"line":53,"column":3}},"53":{"start":{"line":54,"column":0},"end":{"line":54,"column":16}},"54":{"start":{"line":55,"column":0},"end":{"line":55,"column":18}},"55":{"start":{"line":56,"column":0},"end":{"line":56,"column":20}},"56":{"start":{"line":57,"column":0},"end":{"line":57,"column":55}},"57":{"start":{"line":58,"column":0},"end":{"line":58,"column":26}},"58":{"start":{"line":59,"column":0},"end":{"line":59,"column":17}},"59":{"start":{"line":60,"column":0},"end":{"line":60,"column":24}},"60":{"start":{"line":61,"column":0},"end":{"line":61,"column":17}},"61":{"start":{"line":62,"column":0},"end":{"line":62,"column":4}},"62":{"start":{"line":63,"column":0},"end":{"line":63,"column":3}},"63":{"start":{"line":64,"column":0},"end":{"line":64,"column":16}},"64":{"start":{"line":65,"column":0},"end":{"line":65,"column":18}},"65":{"start":{"line":66,"column":0},"end":{"line":66,"column":20}},"66":{"start":{"line":67,"column":0},"end":{"line":67,"column":63}},"67":{"start":{"line":68,"column":0},"end":{"line":68,"column":26}},"68":{"start":{"line":69,"column":0},"end":{"line":69,"column":17}},"69":{"start":{"line":70,"column":0},"end":{"line":70,"column":24}},"70":{"start":{"line":71,"column":0},"end":{"line":71,"column":17}},"71":{"start":{"line":72,"column":0},"end":{"line":72,"column":3}},"72":{"start":{"line":73,"column":0},"end":{"line":73,"column":2}},"73":{"start":{"line":74,"column":0},"end":{"line":74,"column":0}},"74":{"start":{"line":75,"column":0},"end":{"line":75,"column":30}},"75":{"start":{"line":76,"column":0},"end":{"line":76,"column":3}},"76":{"start":{"line":77,"column":0},"end":{"line":77,"column":16}},"77":{"start":{"line":78,"column":0},"end":{"line":78,"column":29}},"78":{"start":{"line":79,"column":0},"end":{"line":79,"column":13}},"79":{"start":{"line":80,"column":0},"end":{"line":80,"column":26}},"80":{"start":{"line":81,"column":0},"end":{"line":81,"column":17}},"81":{"start":{"line":82,"column":0},"end":{"line":82,"column":24}},"82":{"start":{"line":83,"column":0},"end":{"line":83,"column":17}},"83":{"start":{"line":84,"column":0},"end":{"line":84,"column":4}},"84":{"start":{"line":85,"column":0},"end":{"line":85,"column":3}},"85":{"start":{"line":86,"column":0},"end":{"line":86,"column":17}},"86":{"start":{"line":87,"column":0},"end":{"line":87,"column":29}},"87":{"start":{"line":88,"column":0},"end":{"line":88,"column":13}},"88":{"start":{"line":89,"column":0},"end":{"line":89,"column":26}},"89":{"start":{"line":90,"column":0},"end":{"line":90,"column":17}},"90":{"start":{"line":91,"column":0},"end":{"line":91,"column":24}},"91":{"start":{"line":92,"column":0},"end":{"line":92,"column":17}},"92":{"start":{"line":93,"column":0},"end":{"line":93,"column":4}},"93":{"start":{"line":94,"column":0},"end":{"line":94,"column":3}},"94":{"start":{"line":95,"column":0},"end":{"line":95,"column":19}},"95":{"start":{"line":96,"column":0},"end":{"line":96,"column":21}},"96":{"start":{"line":97,"column":0},"end":{"line":97,"column":13}},"97":{"start":{"line":98,"column":0},"end":{"line":98,"column":26}},"98":{"start":{"line":99,"column":0},"end":{"line":99,"column":17}},"99":{"start":{"line":100,"column":0},"end":{"line":100,"column":24}},"100":{"start":{"line":101,"column":0},"end":{"line":101,"column":17}},"101":{"start":{"line":102,"column":0},"end":{"line":102,"column":4}},"102":{"start":{"line":103,"column":0},"end":{"line":103,"column":3}},"103":{"start":{"line":104,"column":0},"end":{"line":104,"column":24}},"104":{"start":{"line":105,"column":0},"end":{"line":105,"column":29}},"105":{"start":{"line":106,"column":0},"end":{"line":106,"column":13}},"106":{"start":{"line":107,"column":0},"end":{"line":107,"column":26}},"107":{"start":{"line":108,"column":0},"end":{"line":108,"column":17}},"108":{"start":{"line":109,"column":0},"end":{"line":109,"column":24}},"109":{"start":{"line":110,"column":0},"end":{"line":110,"column":17}},"110":{"start":{"line":111,"column":0},"end":{"line":111,"column":4}},"111":{"start":{"line":112,"column":0},"end":{"line":112,"column":3}},"112":{"start":{"line":113,"column":0},"end":{"line":113,"column":15}},"113":{"start":{"line":114,"column":0},"end":{"line":114,"column":17}},"114":{"start":{"line":115,"column":0},"end":{"line":115,"column":13}},"115":{"start":{"line":116,"column":0},"end":{"line":116,"column":26}},"116":{"start":{"line":117,"column":0},"end":{"line":117,"column":17}},"117":{"start":{"line":118,"column":0},"end":{"line":118,"column":24}},"118":{"start":{"line":119,"column":0},"end":{"line":119,"column":17}},"119":{"start":{"line":120,"column":0},"end":{"line":120,"column":3}},"120":{"start":{"line":121,"column":0},"end":{"line":121,"column":2}},"121":{"start":{"line":122,"column":0},"end":{"line":122,"column":0}},"122":{"start":{"line":123,"column":0},"end":{"line":123,"column":26}},"123":{"start":{"line":124,"column":0},"end":{"line":124,"column":3}},"124":{"start":{"line":125,"column":0},"end":{"line":125,"column":23}},"125":{"start":{"line":126,"column":0},"end":{"line":126,"column":40}},"126":{"start":{"line":127,"column":0},"end":{"line":127,"column":25}},"127":{"start":{"line":128,"column":0},"end":{"line":128,"column":27}},"128":{"start":{"line":129,"column":0},"end":{"line":129,"column":15}},"129":{"start":{"line":130,"column":0},"end":{"line":130,"column":30}},"130":{"start":{"line":131,"column":0},"end":{"line":131,"column":17}},"131":{"start":{"line":132,"column":0},"end":{"line":132,"column":24}},"132":{"start":{"line":133,"column":0},"end":{"line":133,"column":17}},"133":{"start":{"line":134,"column":0},"end":{"line":134,"column":4}},"134":{"start":{"line":135,"column":0},"end":{"line":135,"column":3}},"135":{"start":{"line":136,"column":0},"end":{"line":136,"column":24}},"136":{"start":{"line":137,"column":0},"end":{"line":137,"column":38}},"137":{"start":{"line":138,"column":0},"end":{"line":138,"column":25}},"138":{"start":{"line":139,"column":0},"end":{"line":139,"column":25}},"139":{"start":{"line":140,"column":0},"end":{"line":140,"column":15}},"140":{"start":{"line":141,"column":0},"end":{"line":141,"column":30}},"141":{"start":{"line":142,"column":0},"end":{"line":142,"column":17}},"142":{"start":{"line":143,"column":0},"end":{"line":143,"column":24}},"143":{"start":{"line":144,"column":0},"end":{"line":144,"column":17}},"144":{"start":{"line":145,"column":0},"end":{"line":145,"column":4}},"145":{"start":{"line":146,"column":0},"end":{"line":146,"column":3}},"146":{"start":{"line":147,"column":0},"end":{"line":147,"column":23}},"147":{"start":{"line":148,"column":0},"end":{"line":148,"column":40}},"148":{"start":{"line":149,"column":0},"end":{"line":149,"column":28}},"149":{"start":{"line":150,"column":0},"end":{"line":150,"column":15}},"150":{"start":{"line":151,"column":0},"end":{"line":151,"column":30}},"151":{"start":{"line":152,"column":0},"end":{"line":152,"column":17}},"152":{"start":{"line":153,"column":0},"end":{"line":153,"column":24}},"153":{"start":{"line":154,"column":0},"end":{"line":154,"column":17}},"154":{"start":{"line":155,"column":0},"end":{"line":155,"column":4}},"155":{"start":{"line":156,"column":0},"end":{"line":156,"column":3}},"156":{"start":{"line":157,"column":0},"end":{"line":157,"column":24}},"157":{"start":{"line":158,"column":0},"end":{"line":158,"column":41}},"158":{"start":{"line":159,"column":0},"end":{"line":159,"column":29}},"159":{"start":{"line":160,"column":0},"end":{"line":160,"column":15}},"160":{"start":{"line":161,"column":0},"end":{"line":161,"column":30}},"161":{"start":{"line":162,"column":0},"end":{"line":162,"column":17}},"162":{"start":{"line":163,"column":0},"end":{"line":163,"column":24}},"163":{"start":{"line":164,"column":0},"end":{"line":164,"column":17}},"164":{"start":{"line":165,"column":0},"end":{"line":165,"column":4}},"165":{"start":{"line":166,"column":0},"end":{"line":166,"column":3}},"166":{"start":{"line":167,"column":0},"end":{"line":167,"column":20}},"167":{"start":{"line":168,"column":0},"end":{"line":168,"column":26}},"168":{"start":{"line":169,"column":0},"end":{"line":169,"column":23}},"169":{"start":{"line":170,"column":0},"end":{"line":170,"column":14}},"170":{"start":{"line":171,"column":0},"end":{"line":171,"column":30}},"171":{"start":{"line":172,"column":0},"end":{"line":172,"column":17}},"172":{"start":{"line":173,"column":0},"end":{"line":173,"column":25}},"173":{"start":{"line":174,"column":0},"end":{"line":174,"column":18}},"174":{"start":{"line":175,"column":0},"end":{"line":175,"column":3}},"175":{"start":{"line":176,"column":0},"end":{"line":176,"column":2}},"176":{"start":{"line":177,"column":0},"end":{"line":177,"column":0}},"177":{"start":{"line":178,"column":0},"end":{"line":178,"column":40}},"178":{"start":{"line":179,"column":0},"end":{"line":179,"column":28}},"179":{"start":{"line":180,"column":0},"end":{"line":180,"column":47}},"180":{"start":{"line":181,"column":0},"end":{"line":181,"column":1}},"181":{"start":{"line":182,"column":0},"end":{"line":182,"column":0}},"182":{"start":{"line":183,"column":0},"end":{"line":183,"column":37}},"183":{"start":{"line":184,"column":0},"end":{"line":184,"column":41}},"184":{"start":{"line":185,"column":0},"end":{"line":185,"column":25}},"185":{"start":{"line":186,"column":0},"end":{"line":186,"column":1}},"186":{"start":{"line":187,"column":0},"end":{"line":187,"column":0}},"187":{"start":{"line":188,"column":0},"end":{"line":188,"column":60}},"188":{"start":{"line":189,"column":0},"end":{"line":189,"column":83}},"189":{"start":{"line":190,"column":0},"end":{"line":190,"column":78}},"190":{"start":{"line":191,"column":0},"end":{"line":191,"column":25}},"191":{"start":{"line":192,"column":0},"end":{"line":192,"column":61}},"192":{"start":{"line":193,"column":0},"end":{"line":193,"column":15}},"193":{"start":{"line":194,"column":0},"end":{"line":194,"column":9}},"194":{"start":{"line":195,"column":0},"end":{"line":195,"column":1}},"195":{"start":{"line":196,"column":0},"end":{"line":196,"column":0}},"196":{"start":{"line":197,"column":0},"end":{"line":197,"column":59}},"197":{"start":{"line":198,"column":0},"end":{"line":198,"column":81}},"198":{"start":{"line":199,"column":0},"end":{"line":199,"column":64}},"199":{"start":{"line":200,"column":0},"end":{"line":200,"column":25}},"200":{"start":{"line":201,"column":0},"end":{"line":201,"column":16}},"201":{"start":{"line":202,"column":0},"end":{"line":202,"column":10}},"202":{"start":{"line":203,"column":0},"end":{"line":203,"column":59}},"203":{"start":{"line":204,"column":0},"end":{"line":204,"column":110}},"204":{"start":{"line":205,"column":0},"end":{"line":205,"column":58}},"205":{"start":{"line":206,"column":0},"end":{"line":206,"column":30}},"206":{"start":{"line":207,"column":0},"end":{"line":207,"column":6}},"207":{"start":{"line":208,"column":0},"end":{"line":208,"column":15}},"208":{"start":{"line":209,"column":0},"end":{"line":209,"column":9}},"209":{"start":{"line":210,"column":0},"end":{"line":210,"column":1}},"210":{"start":{"line":211,"column":0},"end":{"line":211,"column":0}},"211":{"start":{"line":212,"column":0},"end":{"line":212,"column":45}},"212":{"start":{"line":213,"column":0},"end":{"line":213,"column":10}},"213":{"start":{"line":214,"column":0},"end":{"line":214,"column":55}},"214":{"start":{"line":215,"column":0},"end":{"line":215,"column":67}},"215":{"start":{"line":216,"column":0},"end":{"line":216,"column":62}},"216":{"start":{"line":217,"column":0},"end":{"line":217,"column":52}},"217":{"start":{"line":218,"column":0},"end":{"line":218,"column":4}},"218":{"start":{"line":219,"column":0},"end":{"line":219,"column":1}}},"s":{"0":1,"1":1,"2":1,"3":1,"4":1,"5":1,"6":1,"7":1,"8":1,"9":1,"10":1,"11":1,"12":1,"13":1,"14":1,"15":1,"16":1,"17":1,"18":1,"19":1,"20":1,"21":1,"22":1,"23":1,"24":1,"25":1,"26":1,"27":1,"28":1,"29":1,"30":1,"31":1,"32":1,"33":1,"34":1,"35":1,"36":1,"37":1,"38":1,"39":1,"40":1,"41":1,"42":1,"43":1,"44":1,"45":1,"46":1,"47":1,"48":1,"49":1,"50":1,"51":1,"52":1,"53":1,"54":1,"55":1,"56":1,"57":1,"58":1,"59":1,"60":1,"61":1,"62":1,"63":1,"64":1,"65":1,"66":1,"67":1,"68":1,"69":1,"70":1,"71":1,"72":1,"73":1,"74":1,"75":1,"76":1,"77":1,"78":1,"79":1,"80":1,"81":1,"82":1,"83":1,"84":1,"85":1,"86":1,"87":1,"88":1,"89":1,"90":1,"91":1,"92":1,"93":1,"94":1,"95":1,"96":1,"97":1,"98":1,"99":1,"100":1,"101":1,"102":1,"103":1,"104":1,"105":1,"106":1,"107":1,"108":1,"109":1,"110":1,"111":1,"112":1,"113":1,"114":1,"115":1,"116":1,"117":1,"118":1,"119":1,"120":1,"121":1,"122":1,"123":1,"124":1,"125":1,"126":1,"127":1,"128":1,"129":1,"130":1,"131":1,"132":1,"133":1,"134":1,"135":1,"136":1,"137":1,"138":1,"139":1,"140":1,"141":1,"142":1,"143":1,"144":1,"145":1,"146":1,"147":1,"148":1,"149":1,"150":1,"151":1,"152":1,"153":1,"154":1,"155":1,"156":1,"157":1,"158":1,"159":1,"160":1,"161":1,"162":1,"163":1,"164":1,"165":1,"166":1,"167":1,"168":1,"169":1,"170":1,"171":1,"172":1,"173":1,"174":1,"175":1,"176":1,"177":0,"178":0,"179":0,"180":0,"181":1,"182":0,"183":0,"184":0,"185":0,"186":1,"187":1,"188":0,"189":0,"190":0,"191":0,"192":0,"193":0,"194":0,"195":1,"196":1,"197":0,"198":0,"199":0,"200":0,"201":0,"202":0,"203":0,"204":0,"205":0,"206":0,"207":0,"208":0,"209":0,"210":1,"211":1,"212":0,"213":0,"214":0,"215":0,"216":0,"217":0,"218":0},"branchMap":{},"b":{},"fnMap":{"0":{"name":"toNumber","decl":{"start":{"line":178,"column":0},"end":{"line":181,"column":1}},"loc":{"start":{"line":178,"column":0},"end":{"line":181,"column":1}},"line":178},"1":{"name":"text","decl":{"start":{"line":183,"column":0},"end":{"line":186,"column":1}},"loc":{"start":{"line":183,"column":0},"end":{"line":186,"column":1}},"line":183},"2":{"name":"getInsuranceMap","decl":{"start":{"line":188,"column":7},"end":{"line":195,"column":1}},"loc":{"start":{"line":188,"column":7},"end":{"line":195,"column":1}},"line":188},"3":{"name":"getExtraConfigMap","decl":{"start":{"line":197,"column":7},"end":{"line":210,"column":1}},"loc":{"start":{"line":197,"column":7},"end":{"line":210,"column":1}},"line":197},"4":{"name":"getFallbackPricingCatalog","decl":{"start":{"line":212,"column":7},"end":{"line":219,"column":1}},"loc":{"start":{"line":212,"column":7},"end":{"line":219,"column":1}},"line":212}},"f":{"0":0,"1":0,"2":0,"3":0,"4":0}}
,"/home/user/diamondrentacarnew/src/backend/bookingEngine.jsw": {"path":"/home/user/diamondrentacarnew/src/backend/bookingEngine.jsw","all":false,"statementMap":{"0":{"start":{"line":1,"column":0},"end":{"line":1,"column":12}},"1":{"start":{"line":2,"column":0},"end":{"line":2,"column":31}},"2":{"start":{"line":3,"column":0},"end":{"line":3,"column":48}},"3":{"start":{"line":4,"column":0},"end":{"line":4,"column":49}},"4":{"start":{"line":5,"column":0},"end":{"line":5,"column":154}},"5":{"start":{"line":6,"column":0},"end":{"line":6,"column":66}},"6":{"start":{"line":7,"column":0},"end":{"line":7,"column":67}},"7":{"start":{"line":8,"column":0},"end":{"line":8,"column":64}},"8":{"start":{"line":9,"column":0},"end":{"line":9,"column":0}},"9":{"start":{"line":10,"column":0},"end":{"line":10,"column":29}},"10":{"start":{"line":11,"column":0},"end":{"line":11,"column":10}},"11":{"start":{"line":12,"column":0},"end":{"line":12,"column":29}},"12":{"start":{"line":13,"column":0},"end":{"line":13,"column":40}},"13":{"start":{"line":14,"column":0},"end":{"line":14,"column":42}},"14":{"start":{"line":15,"column":0},"end":{"line":15,"column":0}},"15":{"start":{"line":16,"column":0},"end":{"line":16,"column":54}},"16":{"start":{"line":17,"column":0},"end":{"line":17,"column":52}},"17":{"start":{"line":18,"column":0},"end":{"line":18,"column":35}},"18":{"start":{"line":19,"column":0},"end":{"line":19,"column":17}},"19":{"start":{"line":20,"column":0},"end":{"line":20,"column":38}},"20":{"start":{"line":21,"column":0},"end":{"line":21,"column":0}},"21":{"start":{"line":22,"column":0},"end":{"line":22,"column":23}},"22":{"start":{"line":23,"column":0},"end":{"line":23,"column":0}},"23":{"start":{"line":24,"column":0},"end":{"line":24,"column":65}},"24":{"start":{"line":25,"column":0},"end":{"line":25,"column":72}},"25":{"start":{"line":26,"column":0},"end":{"line":26,"column":41}},"26":{"start":{"line":27,"column":0},"end":{"line":27,"column":61}},"27":{"start":{"line":28,"column":0},"end":{"line":28,"column":5}},"28":{"start":{"line":29,"column":0},"end":{"line":29,"column":0}},"29":{"start":{"line":30,"column":0},"end":{"line":30,"column":64}},"30":{"start":{"line":31,"column":0},"end":{"line":31,"column":1}},"31":{"start":{"line":32,"column":0},"end":{"line":32,"column":0}},"32":{"start":{"line":33,"column":0},"end":{"line":33,"column":86}},"33":{"start":{"line":34,"column":0},"end":{"line":34,"column":53}},"34":{"start":{"line":35,"column":0},"end":{"line":35,"column":68}},"35":{"start":{"line":36,"column":0},"end":{"line":36,"column":50}},"36":{"start":{"line":37,"column":0},"end":{"line":37,"column":41}},"37":{"start":{"line":38,"column":0},"end":{"line":38,"column":33}},"38":{"start":{"line":39,"column":0},"end":{"line":39,"column":58}},"39":{"start":{"line":40,"column":0},"end":{"line":40,"column":61}},"40":{"start":{"line":41,"column":0},"end":{"line":41,"column":20}},"41":{"start":{"line":42,"column":0},"end":{"line":42,"column":38}},"42":{"start":{"line":43,"column":0},"end":{"line":43,"column":0}},"43":{"start":{"line":44,"column":0},"end":{"line":44,"column":34}},"44":{"start":{"line":45,"column":0},"end":{"line":45,"column":55}},"45":{"start":{"line":46,"column":0},"end":{"line":46,"column":1}},"46":{"start":{"line":47,"column":0},"end":{"line":47,"column":0}},"47":{"start":{"line":48,"column":0},"end":{"line":48,"column":69}},"48":{"start":{"line":49,"column":0},"end":{"line":49,"column":105}},"49":{"start":{"line":50,"column":0},"end":{"line":50,"column":33}},"50":{"start":{"line":51,"column":0},"end":{"line":51,"column":47}},"51":{"start":{"line":52,"column":0},"end":{"line":52,"column":25}},"52":{"start":{"line":53,"column":0},"end":{"line":53,"column":26}},"53":{"start":{"line":54,"column":0},"end":{"line":54,"column":18}},"54":{"start":{"line":55,"column":0},"end":{"line":55,"column":36}},"55":{"start":{"line":56,"column":0},"end":{"line":56,"column":58}},"56":{"start":{"line":57,"column":0},"end":{"line":57,"column":3}},"57":{"start":{"line":58,"column":0},"end":{"line":58,"column":11}},"58":{"start":{"line":59,"column":0},"end":{"line":59,"column":1}},"59":{"start":{"line":60,"column":0},"end":{"line":60,"column":0}},"60":{"start":{"line":61,"column":0},"end":{"line":61,"column":81}},"61":{"start":{"line":62,"column":0},"end":{"line":62,"column":99}},"62":{"start":{"line":63,"column":0},"end":{"line":63,"column":105}},"63":{"start":{"line":64,"column":0},"end":{"line":64,"column":25}},"64":{"start":{"line":65,"column":0},"end":{"line":65,"column":16}},"65":{"start":{"line":66,"column":0},"end":{"line":66,"column":0}},"66":{"start":{"line":67,"column":0},"end":{"line":67,"column":33}},"67":{"start":{"line":68,"column":0},"end":{"line":68,"column":40}},"68":{"start":{"line":69,"column":0},"end":{"line":69,"column":28}},"69":{"start":{"line":70,"column":0},"end":{"line":70,"column":31}},"70":{"start":{"line":71,"column":0},"end":{"line":71,"column":32}},"71":{"start":{"line":72,"column":0},"end":{"line":72,"column":35}},"72":{"start":{"line":73,"column":0},"end":{"line":73,"column":19}},"73":{"start":{"line":74,"column":0},"end":{"line":74,"column":0}},"74":{"start":{"line":75,"column":0},"end":{"line":75,"column":60}},"75":{"start":{"line":76,"column":0},"end":{"line":76,"column":0}},"76":{"start":{"line":77,"column":0},"end":{"line":77,"column":53}},"77":{"start":{"line":78,"column":0},"end":{"line":78,"column":43}},"78":{"start":{"line":79,"column":0},"end":{"line":79,"column":39}},"79":{"start":{"line":80,"column":0},"end":{"line":80,"column":25}},"80":{"start":{"line":81,"column":0},"end":{"line":81,"column":17}},"81":{"start":{"line":82,"column":0},"end":{"line":82,"column":5}},"82":{"start":{"line":83,"column":0},"end":{"line":83,"column":3}},"83":{"start":{"line":84,"column":0},"end":{"line":84,"column":0}},"84":{"start":{"line":85,"column":0},"end":{"line":85,"column":15}},"85":{"start":{"line":86,"column":0},"end":{"line":86,"column":1}},"86":{"start":{"line":87,"column":0},"end":{"line":87,"column":0}},"87":{"start":{"line":88,"column":0},"end":{"line":88,"column":42}},"88":{"start":{"line":89,"column":0},"end":{"line":89,"column":0}},"89":{"start":{"line":90,"column":0},"end":{"line":90,"column":32}},"90":{"start":{"line":91,"column":0},"end":{"line":91,"column":55}},"91":{"start":{"line":92,"column":0},"end":{"line":92,"column":37}},"92":{"start":{"line":93,"column":0},"end":{"line":93,"column":1}},"93":{"start":{"line":94,"column":0},"end":{"line":94,"column":0}},"94":{"start":{"line":95,"column":0},"end":{"line":95,"column":73}},"95":{"start":{"line":96,"column":0},"end":{"line":96,"column":48}},"96":{"start":{"line":97,"column":0},"end":{"line":97,"column":13}},"97":{"start":{"line":98,"column":0},"end":{"line":98,"column":20}},"98":{"start":{"line":99,"column":0},"end":{"line":99,"column":21}},"99":{"start":{"line":100,"column":0},"end":{"line":100,"column":19}},"100":{"start":{"line":101,"column":0},"end":{"line":101,"column":20}},"101":{"start":{"line":102,"column":0},"end":{"line":102,"column":22}},"102":{"start":{"line":103,"column":0},"end":{"line":103,"column":22}},"103":{"start":{"line":104,"column":0},"end":{"line":104,"column":20}},"104":{"start":{"line":105,"column":0},"end":{"line":105,"column":5}},"105":{"start":{"line":106,"column":0},"end":{"line":106,"column":40}},"106":{"start":{"line":107,"column":0},"end":{"line":107,"column":25}},"107":{"start":{"line":108,"column":0},"end":{"line":108,"column":28}},"108":{"start":{"line":109,"column":0},"end":{"line":109,"column":33}},"109":{"start":{"line":110,"column":0},"end":{"line":110,"column":27}},"110":{"start":{"line":111,"column":0},"end":{"line":111,"column":28}},"111":{"start":{"line":112,"column":0},"end":{"line":112,"column":30}},"112":{"start":{"line":113,"column":0},"end":{"line":113,"column":29}},"113":{"start":{"line":114,"column":0},"end":{"line":114,"column":4}},"114":{"start":{"line":115,"column":0},"end":{"line":115,"column":32}},"115":{"start":{"line":116,"column":0},"end":{"line":116,"column":1}},"116":{"start":{"line":117,"column":0},"end":{"line":117,"column":0}},"117":{"start":{"line":118,"column":0},"end":{"line":118,"column":81}},"118":{"start":{"line":119,"column":0},"end":{"line":119,"column":41}},"119":{"start":{"line":120,"column":0},"end":{"line":120,"column":81}},"120":{"start":{"line":121,"column":0},"end":{"line":121,"column":0}},"121":{"start":{"line":122,"column":0},"end":{"line":122,"column":35}},"122":{"start":{"line":123,"column":0},"end":{"line":123,"column":88}},"123":{"start":{"line":124,"column":0},"end":{"line":124,"column":14}},"124":{"start":{"line":125,"column":0},"end":{"line":125,"column":52}},"125":{"start":{"line":126,"column":0},"end":{"line":126,"column":116}},"126":{"start":{"line":127,"column":0},"end":{"line":127,"column":60}},"127":{"start":{"line":128,"column":0},"end":{"line":128,"column":59}},"128":{"start":{"line":129,"column":0},"end":{"line":129,"column":61}},"129":{"start":{"line":130,"column":0},"end":{"line":130,"column":80}},"130":{"start":{"line":131,"column":0},"end":{"line":131,"column":64}},"131":{"start":{"line":132,"column":0},"end":{"line":132,"column":3}},"132":{"start":{"line":133,"column":0},"end":{"line":133,"column":0}},"133":{"start":{"line":134,"column":0},"end":{"line":134,"column":31}},"134":{"start":{"line":135,"column":0},"end":{"line":135,"column":56}},"135":{"start":{"line":136,"column":0},"end":{"line":136,"column":1}},"136":{"start":{"line":137,"column":0},"end":{"line":137,"column":0}},"137":{"start":{"line":138,"column":0},"end":{"line":138,"column":64}},"138":{"start":{"line":139,"column":0},"end":{"line":139,"column":115}},"139":{"start":{"line":140,"column":0},"end":{"line":140,"column":40}},"140":{"start":{"line":141,"column":0},"end":{"line":141,"column":78}},"141":{"start":{"line":142,"column":0},"end":{"line":142,"column":1}},"142":{"start":{"line":143,"column":0},"end":{"line":143,"column":0}},"143":{"start":{"line":144,"column":0},"end":{"line":144,"column":41}},"144":{"start":{"line":145,"column":0},"end":{"line":145,"column":45}},"145":{"start":{"line":146,"column":0},"end":{"line":146,"column":33}},"146":{"start":{"line":147,"column":0},"end":{"line":147,"column":31}},"147":{"start":{"line":148,"column":0},"end":{"line":148,"column":11}},"148":{"start":{"line":149,"column":0},"end":{"line":149,"column":1}},"149":{"start":{"line":150,"column":0},"end":{"line":150,"column":0}},"150":{"start":{"line":151,"column":0},"end":{"line":151,"column":46}},"151":{"start":{"line":152,"column":0},"end":{"line":152,"column":28}},"152":{"start":{"line":153,"column":0},"end":{"line":153,"column":47}},"153":{"start":{"line":154,"column":0},"end":{"line":154,"column":1}},"154":{"start":{"line":155,"column":0},"end":{"line":155,"column":0}},"155":{"start":{"line":156,"column":0},"end":{"line":156,"column":27}},"156":{"start":{"line":157,"column":0},"end":{"line":157,"column":41}},"157":{"start":{"line":158,"column":0},"end":{"line":158,"column":1}},"158":{"start":{"line":159,"column":0},"end":{"line":159,"column":0}},"159":{"start":{"line":160,"column":0},"end":{"line":160,"column":73}},"160":{"start":{"line":161,"column":0},"end":{"line":161,"column":53}},"161":{"start":{"line":162,"column":0},"end":{"line":162,"column":32}},"162":{"start":{"line":163,"column":0},"end":{"line":163,"column":58}},"163":{"start":{"line":164,"column":0},"end":{"line":164,"column":109}},"164":{"start":{"line":165,"column":0},"end":{"line":165,"column":47}},"165":{"start":{"line":166,"column":0},"end":{"line":166,"column":33}},"166":{"start":{"line":167,"column":0},"end":{"line":167,"column":1}},"167":{"start":{"line":168,"column":0},"end":{"line":168,"column":0}},"168":{"start":{"line":169,"column":0},"end":{"line":169,"column":44}},"169":{"start":{"line":170,"column":0},"end":{"line":170,"column":31}},"170":{"start":{"line":171,"column":0},"end":{"line":171,"column":22}},"171":{"start":{"line":172,"column":0},"end":{"line":172,"column":49}},"172":{"start":{"line":173,"column":0},"end":{"line":173,"column":57}},"173":{"start":{"line":174,"column":0},"end":{"line":174,"column":1}},"174":{"start":{"line":175,"column":0},"end":{"line":175,"column":0}},"175":{"start":{"line":176,"column":0},"end":{"line":176,"column":42}},"176":{"start":{"line":177,"column":0},"end":{"line":177,"column":40}},"177":{"start":{"line":178,"column":0},"end":{"line":178,"column":1}},"178":{"start":{"line":179,"column":0},"end":{"line":179,"column":0}},"179":{"start":{"line":180,"column":0},"end":{"line":180,"column":66}},"180":{"start":{"line":181,"column":0},"end":{"line":181,"column":86}},"181":{"start":{"line":182,"column":0},"end":{"line":182,"column":49}},"182":{"start":{"line":183,"column":0},"end":{"line":183,"column":24}},"183":{"start":{"line":184,"column":0},"end":{"line":184,"column":35}},"184":{"start":{"line":185,"column":0},"end":{"line":185,"column":81}},"185":{"start":{"line":186,"column":0},"end":{"line":186,"column":80}},"186":{"start":{"line":187,"column":0},"end":{"line":187,"column":56}},"187":{"start":{"line":188,"column":0},"end":{"line":188,"column":52}},"188":{"start":{"line":189,"column":0},"end":{"line":189,"column":46}},"189":{"start":{"line":190,"column":0},"end":{"line":190,"column":5}},"190":{"start":{"line":191,"column":0},"end":{"line":191,"column":61}},"191":{"start":{"line":192,"column":0},"end":{"line":192,"column":1}},"192":{"start":{"line":193,"column":0},"end":{"line":193,"column":0}},"193":{"start":{"line":194,"column":0},"end":{"line":194,"column":29}},"194":{"start":{"line":195,"column":0},"end":{"line":195,"column":30}},"195":{"start":{"line":196,"column":0},"end":{"line":196,"column":29}},"196":{"start":{"line":197,"column":0},"end":{"line":197,"column":0}},"197":{"start":{"line":198,"column":0},"end":{"line":198,"column":0}},"198":{"start":{"line":199,"column":0},"end":{"line":199,"column":41}},"199":{"start":{"line":200,"column":0},"end":{"line":200,"column":48}},"200":{"start":{"line":201,"column":0},"end":{"line":201,"column":22}},"201":{"start":{"line":202,"column":0},"end":{"line":202,"column":26}},"202":{"start":{"line":203,"column":0},"end":{"line":203,"column":44}},"203":{"start":{"line":204,"column":0},"end":{"line":204,"column":60}},"204":{"start":{"line":205,"column":0},"end":{"line":205,"column":69}},"205":{"start":{"line":206,"column":0},"end":{"line":206,"column":13}},"206":{"start":{"line":207,"column":0},"end":{"line":207,"column":1}},"207":{"start":{"line":208,"column":0},"end":{"line":208,"column":0}},"208":{"start":{"line":209,"column":0},"end":{"line":209,"column":30}},"209":{"start":{"line":210,"column":0},"end":{"line":210,"column":24}},"210":{"start":{"line":211,"column":0},"end":{"line":211,"column":79}},"211":{"start":{"line":212,"column":0},"end":{"line":212,"column":34}},"212":{"start":{"line":213,"column":0},"end":{"line":213,"column":106}},"213":{"start":{"line":214,"column":0},"end":{"line":214,"column":26}},"214":{"start":{"line":215,"column":0},"end":{"line":215,"column":118}},"215":{"start":{"line":216,"column":0},"end":{"line":216,"column":18}},"216":{"start":{"line":217,"column":0},"end":{"line":217,"column":3}},"217":{"start":{"line":218,"column":0},"end":{"line":218,"column":45}},"218":{"start":{"line":219,"column":0},"end":{"line":219,"column":26}},"219":{"start":{"line":220,"column":0},"end":{"line":220,"column":1}},"220":{"start":{"line":221,"column":0},"end":{"line":221,"column":0}},"221":{"start":{"line":222,"column":0},"end":{"line":222,"column":39}},"222":{"start":{"line":223,"column":0},"end":{"line":223,"column":96}},"223":{"start":{"line":224,"column":0},"end":{"line":224,"column":1}},"224":{"start":{"line":225,"column":0},"end":{"line":225,"column":0}},"225":{"start":{"line":226,"column":0},"end":{"line":226,"column":46}},"226":{"start":{"line":227,"column":0},"end":{"line":227,"column":22}},"227":{"start":{"line":228,"column":0},"end":{"line":228,"column":32}},"228":{"start":{"line":229,"column":0},"end":{"line":229,"column":123}},"229":{"start":{"line":230,"column":0},"end":{"line":230,"column":37}},"230":{"start":{"line":231,"column":0},"end":{"line":231,"column":54}},"231":{"start":{"line":232,"column":0},"end":{"line":232,"column":36}},"232":{"start":{"line":233,"column":0},"end":{"line":233,"column":5}},"233":{"start":{"line":234,"column":0},"end":{"line":234,"column":14}},"234":{"start":{"line":235,"column":0},"end":{"line":235,"column":3}},"235":{"start":{"line":236,"column":0},"end":{"line":236,"column":35}},"236":{"start":{"line":237,"column":0},"end":{"line":237,"column":28}},"237":{"start":{"line":238,"column":0},"end":{"line":238,"column":70}},"238":{"start":{"line":239,"column":0},"end":{"line":239,"column":51}},"239":{"start":{"line":240,"column":0},"end":{"line":240,"column":55}},"240":{"start":{"line":241,"column":0},"end":{"line":241,"column":1}},"241":{"start":{"line":242,"column":0},"end":{"line":242,"column":0}},"242":{"start":{"line":243,"column":0},"end":{"line":243,"column":51}},"243":{"start":{"line":244,"column":0},"end":{"line":244,"column":30}},"244":{"start":{"line":245,"column":0},"end":{"line":245,"column":20}},"245":{"start":{"line":246,"column":0},"end":{"line":246,"column":20}},"246":{"start":{"line":247,"column":0},"end":{"line":247,"column":24}},"247":{"start":{"line":248,"column":0},"end":{"line":248,"column":24}},"248":{"start":{"line":249,"column":0},"end":{"line":249,"column":16}},"249":{"start":{"line":250,"column":0},"end":{"line":250,"column":16}},"250":{"start":{"line":251,"column":0},"end":{"line":251,"column":6}},"251":{"start":{"line":252,"column":0},"end":{"line":252,"column":11}},"252":{"start":{"line":253,"column":0},"end":{"line":253,"column":23}},"253":{"start":{"line":254,"column":0},"end":{"line":254,"column":17}},"254":{"start":{"line":255,"column":0},"end":{"line":255,"column":17}},"255":{"start":{"line":256,"column":0},"end":{"line":256,"column":16}},"256":{"start":{"line":257,"column":0},"end":{"line":257,"column":16}},"257":{"start":{"line":258,"column":0},"end":{"line":258,"column":23}},"258":{"start":{"line":259,"column":0},"end":{"line":259,"column":23}},"259":{"start":{"line":260,"column":0},"end":{"line":260,"column":17}},"260":{"start":{"line":261,"column":0},"end":{"line":261,"column":17}},"261":{"start":{"line":262,"column":0},"end":{"line":262,"column":21}},"262":{"start":{"line":263,"column":0},"end":{"line":263,"column":21}},"263":{"start":{"line":264,"column":0},"end":{"line":264,"column":24}},"264":{"start":{"line":265,"column":0},"end":{"line":265,"column":24}},"265":{"start":{"line":266,"column":0},"end":{"line":266,"column":31}},"266":{"start":{"line":267,"column":0},"end":{"line":267,"column":31}},"267":{"start":{"line":268,"column":0},"end":{"line":268,"column":23}},"268":{"start":{"line":269,"column":0},"end":{"line":269,"column":23}},"269":{"start":{"line":270,"column":0},"end":{"line":270,"column":20}},"270":{"start":{"line":271,"column":0},"end":{"line":271,"column":20}},"271":{"start":{"line":272,"column":0},"end":{"line":272,"column":16}},"272":{"start":{"line":273,"column":0},"end":{"line":273,"column":16}},"273":{"start":{"line":274,"column":0},"end":{"line":274,"column":6}},"274":{"start":{"line":275,"column":0},"end":{"line":275,"column":11}},"275":{"start":{"line":276,"column":0},"end":{"line":276,"column":34}},"276":{"start":{"line":277,"column":0},"end":{"line":277,"column":33}},"277":{"start":{"line":278,"column":0},"end":{"line":278,"column":33}},"278":{"start":{"line":279,"column":0},"end":{"line":279,"column":33}},"279":{"start":{"line":280,"column":0},"end":{"line":280,"column":33}},"280":{"start":{"line":281,"column":0},"end":{"line":281,"column":32}},"281":{"start":{"line":282,"column":0},"end":{"line":282,"column":31}},"282":{"start":{"line":283,"column":0},"end":{"line":283,"column":5}},"283":{"start":{"line":284,"column":0},"end":{"line":284,"column":75}},"284":{"start":{"line":285,"column":0},"end":{"line":285,"column":77}},"285":{"start":{"line":286,"column":0},"end":{"line":286,"column":43}},"286":{"start":{"line":287,"column":0},"end":{"line":287,"column":64}},"287":{"start":{"line":288,"column":0},"end":{"line":288,"column":30}},"288":{"start":{"line":289,"column":0},"end":{"line":289,"column":10}},"289":{"start":{"line":290,"column":0},"end":{"line":290,"column":31}},"290":{"start":{"line":291,"column":0},"end":{"line":291,"column":25}},"291":{"start":{"line":292,"column":0},"end":{"line":292,"column":23}},"292":{"start":{"line":293,"column":0},"end":{"line":293,"column":10}},"293":{"start":{"line":294,"column":0},"end":{"line":294,"column":43}},"294":{"start":{"line":295,"column":0},"end":{"line":295,"column":16}},"295":{"start":{"line":296,"column":0},"end":{"line":296,"column":30}},"296":{"start":{"line":297,"column":0},"end":{"line":297,"column":27}},"297":{"start":{"line":298,"column":0},"end":{"line":298,"column":17}},"298":{"start":{"line":299,"column":0},"end":{"line":299,"column":24}},"299":{"start":{"line":300,"column":0},"end":{"line":300,"column":18}},"300":{"start":{"line":301,"column":0},"end":{"line":301,"column":19}},"301":{"start":{"line":302,"column":0},"end":{"line":302,"column":19}},"302":{"start":{"line":303,"column":0},"end":{"line":303,"column":25}},"303":{"start":{"line":304,"column":0},"end":{"line":304,"column":24}},"304":{"start":{"line":305,"column":0},"end":{"line":305,"column":22}},"305":{"start":{"line":306,"column":0},"end":{"line":306,"column":23}},"306":{"start":{"line":307,"column":0},"end":{"line":307,"column":23}},"307":{"start":{"line":308,"column":0},"end":{"line":308,"column":18}},"308":{"start":{"line":309,"column":0},"end":{"line":309,"column":18}},"309":{"start":{"line":310,"column":0},"end":{"line":310,"column":22}},"310":{"start":{"line":311,"column":0},"end":{"line":311,"column":22}},"311":{"start":{"line":312,"column":0},"end":{"line":312,"column":25}},"312":{"start":{"line":313,"column":0},"end":{"line":313,"column":24}},"313":{"start":{"line":314,"column":0},"end":{"line":314,"column":7}},"314":{"start":{"line":315,"column":0},"end":{"line":315,"column":11}},"315":{"start":{"line":316,"column":0},"end":{"line":316,"column":63}},"316":{"start":{"line":317,"column":0},"end":{"line":317,"column":62}},"317":{"start":{"line":318,"column":0},"end":{"line":318,"column":59}},"318":{"start":{"line":319,"column":0},"end":{"line":319,"column":60}},"319":{"start":{"line":320,"column":0},"end":{"line":320,"column":12}},"320":{"start":{"line":321,"column":0},"end":{"line":321,"column":93}},"321":{"start":{"line":322,"column":0},"end":{"line":322,"column":50}},"322":{"start":{"line":323,"column":0},"end":{"line":323,"column":45}},"323":{"start":{"line":324,"column":0},"end":{"line":324,"column":45}},"324":{"start":{"line":325,"column":0},"end":{"line":325,"column":111}},"325":{"start":{"line":326,"column":0},"end":{"line":326,"column":97}},"326":{"start":{"line":327,"column":0},"end":{"line":327,"column":18}},"327":{"start":{"line":328,"column":0},"end":{"line":328,"column":53}},"328":{"start":{"line":329,"column":0},"end":{"line":329,"column":5}},"329":{"start":{"line":330,"column":0},"end":{"line":330,"column":4}},"330":{"start":{"line":331,"column":0},"end":{"line":331,"column":1}},"331":{"start":{"line":332,"column":0},"end":{"line":332,"column":0}},"332":{"start":{"line":333,"column":0},"end":{"line":333,"column":53}},"333":{"start":{"line":334,"column":0},"end":{"line":334,"column":48}},"334":{"start":{"line":335,"column":0},"end":{"line":335,"column":23}},"335":{"start":{"line":336,"column":0},"end":{"line":336,"column":16}},"336":{"start":{"line":337,"column":0},"end":{"line":337,"column":34}},"337":{"start":{"line":338,"column":0},"end":{"line":338,"column":0}},"338":{"start":{"line":339,"column":0},"end":{"line":339,"column":26}},"339":{"start":{"line":340,"column":0},"end":{"line":340,"column":71}},"340":{"start":{"line":341,"column":0},"end":{"line":341,"column":40}},"341":{"start":{"line":342,"column":0},"end":{"line":342,"column":1}},"342":{"start":{"line":343,"column":0},"end":{"line":343,"column":0}},"343":{"start":{"line":344,"column":0},"end":{"line":344,"column":0}},"344":{"start":{"line":345,"column":0},"end":{"line":345,"column":45}},"345":{"start":{"line":346,"column":0},"end":{"line":346,"column":58}},"346":{"start":{"line":347,"column":0},"end":{"line":347,"column":1}},"347":{"start":{"line":348,"column":0},"end":{"line":348,"column":0}},"348":{"start":{"line":349,"column":0},"end":{"line":349,"column":65}},"349":{"start":{"line":350,"column":0},"end":{"line":350,"column":76}},"350":{"start":{"line":351,"column":0},"end":{"line":351,"column":40}},"351":{"start":{"line":352,"column":0},"end":{"line":352,"column":45}},"352":{"start":{"line":353,"column":0},"end":{"line":353,"column":0}},"353":{"start":{"line":354,"column":0},"end":{"line":354,"column":11}},"354":{"start":{"line":355,"column":0},"end":{"line":355,"column":9}},"355":{"start":{"line":356,"column":0},"end":{"line":356,"column":80}},"356":{"start":{"line":357,"column":0},"end":{"line":357,"column":61}},"357":{"start":{"line":358,"column":0},"end":{"line":358,"column":20}},"358":{"start":{"line":359,"column":0},"end":{"line":359,"column":3}},"359":{"start":{"line":360,"column":0},"end":{"line":360,"column":0}},"360":{"start":{"line":361,"column":0},"end":{"line":361,"column":13}},"361":{"start":{"line":362,"column":0},"end":{"line":362,"column":92}},"362":{"start":{"line":363,"column":0},"end":{"line":363,"column":52}},"363":{"start":{"line":364,"column":0},"end":{"line":364,"column":55}},"364":{"start":{"line":365,"column":0},"end":{"line":365,"column":71}},"365":{"start":{"line":366,"column":0},"end":{"line":366,"column":31}},"366":{"start":{"line":367,"column":0},"end":{"line":367,"column":7}},"367":{"start":{"line":368,"column":0},"end":{"line":368,"column":28}},"368":{"start":{"line":369,"column":0},"end":{"line":369,"column":3}},"369":{"start":{"line":370,"column":0},"end":{"line":370,"column":0}},"370":{"start":{"line":371,"column":0},"end":{"line":371,"column":14}},"371":{"start":{"line":372,"column":0},"end":{"line":372,"column":1}},"372":{"start":{"line":373,"column":0},"end":{"line":373,"column":0}},"373":{"start":{"line":374,"column":0},"end":{"line":374,"column":65}},"374":{"start":{"line":375,"column":0},"end":{"line":375,"column":83}},"375":{"start":{"line":376,"column":0},"end":{"line":376,"column":76}},"376":{"start":{"line":377,"column":0},"end":{"line":377,"column":25}},"377":{"start":{"line":378,"column":0},"end":{"line":378,"column":45}},"378":{"start":{"line":379,"column":0},"end":{"line":379,"column":1}},"379":{"start":{"line":380,"column":0},"end":{"line":380,"column":0}},"380":{"start":{"line":381,"column":0},"end":{"line":381,"column":0}},"381":{"start":{"line":382,"column":0},"end":{"line":382,"column":53}},"382":{"start":{"line":383,"column":0},"end":{"line":383,"column":10}},"383":{"start":{"line":384,"column":0},"end":{"line":384,"column":98}},"384":{"start":{"line":385,"column":0},"end":{"line":385,"column":81}},"385":{"start":{"line":386,"column":0},"end":{"line":386,"column":63}},"386":{"start":{"line":387,"column":0},"end":{"line":387,"column":63}},"387":{"start":{"line":388,"column":0},"end":{"line":388,"column":103}},"388":{"start":{"line":389,"column":0},"end":{"line":389,"column":88}},"389":{"start":{"line":390,"column":0},"end":{"line":390,"column":151}},"390":{"start":{"line":391,"column":0},"end":{"line":391,"column":74}},"391":{"start":{"line":392,"column":0},"end":{"line":392,"column":4}},"392":{"start":{"line":393,"column":0},"end":{"line":393,"column":1}},"393":{"start":{"line":394,"column":0},"end":{"line":394,"column":0}},"394":{"start":{"line":395,"column":0},"end":{"line":395,"column":65}},"395":{"start":{"line":396,"column":0},"end":{"line":396,"column":79}},"396":{"start":{"line":397,"column":0},"end":{"line":397,"column":59}},"397":{"start":{"line":398,"column":0},"end":{"line":398,"column":25}},"398":{"start":{"line":399,"column":0},"end":{"line":399,"column":43}},"399":{"start":{"line":400,"column":0},"end":{"line":400,"column":107}},"400":{"start":{"line":401,"column":0},"end":{"line":401,"column":32}},"401":{"start":{"line":402,"column":0},"end":{"line":402,"column":93}},"402":{"start":{"line":403,"column":0},"end":{"line":403,"column":5}},"403":{"start":{"line":404,"column":0},"end":{"line":404,"column":3}},"404":{"start":{"line":405,"column":0},"end":{"line":405,"column":0}},"405":{"start":{"line":406,"column":0},"end":{"line":406,"column":127}},"406":{"start":{"line":407,"column":0},"end":{"line":407,"column":102}},"407":{"start":{"line":408,"column":0},"end":{"line":408,"column":34}},"408":{"start":{"line":409,"column":0},"end":{"line":409,"column":40}},"409":{"start":{"line":410,"column":0},"end":{"line":410,"column":63}},"410":{"start":{"line":411,"column":0},"end":{"line":411,"column":71}},"411":{"start":{"line":412,"column":0},"end":{"line":412,"column":3}},"412":{"start":{"line":413,"column":0},"end":{"line":413,"column":106}},"413":{"start":{"line":414,"column":0},"end":{"line":414,"column":0}},"414":{"start":{"line":415,"column":0},"end":{"line":415,"column":52}},"415":{"start":{"line":416,"column":0},"end":{"line":416,"column":59}},"416":{"start":{"line":417,"column":0},"end":{"line":417,"column":55}},"417":{"start":{"line":418,"column":0},"end":{"line":418,"column":110}},"418":{"start":{"line":419,"column":0},"end":{"line":419,"column":126}},"419":{"start":{"line":420,"column":0},"end":{"line":420,"column":0}},"420":{"start":{"line":421,"column":0},"end":{"line":421,"column":28}},"421":{"start":{"line":422,"column":0},"end":{"line":422,"column":42}},"422":{"start":{"line":423,"column":0},"end":{"line":423,"column":209}},"423":{"start":{"line":424,"column":0},"end":{"line":424,"column":106}},"424":{"start":{"line":425,"column":0},"end":{"line":425,"column":72}},"425":{"start":{"line":426,"column":0},"end":{"line":426,"column":28}},"426":{"start":{"line":427,"column":0},"end":{"line":427,"column":92}},"427":{"start":{"line":428,"column":0},"end":{"line":428,"column":25}},"428":{"start":{"line":429,"column":0},"end":{"line":429,"column":36}},"429":{"start":{"line":430,"column":0},"end":{"line":430,"column":87}},"430":{"start":{"line":431,"column":0},"end":{"line":431,"column":147}},"431":{"start":{"line":432,"column":0},"end":{"line":432,"column":140}},"432":{"start":{"line":433,"column":0},"end":{"line":433,"column":36}},"433":{"start":{"line":434,"column":0},"end":{"line":434,"column":37}},"434":{"start":{"line":435,"column":0},"end":{"line":435,"column":37}},"435":{"start":{"line":436,"column":0},"end":{"line":436,"column":38}},"436":{"start":{"line":437,"column":0},"end":{"line":437,"column":38}},"437":{"start":{"line":438,"column":0},"end":{"line":438,"column":37}},"438":{"start":{"line":439,"column":0},"end":{"line":439,"column":37}},"439":{"start":{"line":440,"column":0},"end":{"line":440,"column":36}},"440":{"start":{"line":441,"column":0},"end":{"line":441,"column":36}},"441":{"start":{"line":442,"column":0},"end":{"line":442,"column":36}},"442":{"start":{"line":443,"column":0},"end":{"line":443,"column":36}},"443":{"start":{"line":444,"column":0},"end":{"line":444,"column":36}},"444":{"start":{"line":445,"column":0},"end":{"line":445,"column":36}},"445":{"start":{"line":446,"column":0},"end":{"line":446,"column":45}},"446":{"start":{"line":447,"column":0},"end":{"line":447,"column":45}},"447":{"start":{"line":448,"column":0},"end":{"line":448,"column":30}},"448":{"start":{"line":449,"column":0},"end":{"line":449,"column":7}},"449":{"start":{"line":450,"column":0},"end":{"line":450,"column":106}},"450":{"start":{"line":451,"column":0},"end":{"line":451,"column":28}},"451":{"start":{"line":452,"column":0},"end":{"line":452,"column":24}},"452":{"start":{"line":453,"column":0},"end":{"line":453,"column":46}},"453":{"start":{"line":454,"column":0},"end":{"line":454,"column":61}},"454":{"start":{"line":455,"column":0},"end":{"line":455,"column":26}},"455":{"start":{"line":456,"column":0},"end":{"line":456,"column":24}},"456":{"start":{"line":457,"column":0},"end":{"line":457,"column":14}},"457":{"start":{"line":458,"column":0},"end":{"line":458,"column":21}},"458":{"start":{"line":459,"column":0},"end":{"line":459,"column":20}},"459":{"start":{"line":460,"column":0},"end":{"line":460,"column":27}},"460":{"start":{"line":461,"column":0},"end":{"line":461,"column":28}},"461":{"start":{"line":462,"column":0},"end":{"line":462,"column":35}},"462":{"start":{"line":463,"column":0},"end":{"line":463,"column":38}},"463":{"start":{"line":464,"column":0},"end":{"line":464,"column":42}},"464":{"start":{"line":465,"column":0},"end":{"line":465,"column":44}},"465":{"start":{"line":466,"column":0},"end":{"line":466,"column":31}},"466":{"start":{"line":467,"column":0},"end":{"line":467,"column":15}},"467":{"start":{"line":468,"column":0},"end":{"line":468,"column":94}},"468":{"start":{"line":469,"column":0},"end":{"line":469,"column":13}},"469":{"start":{"line":470,"column":0},"end":{"line":470,"column":9}},"470":{"start":{"line":471,"column":0},"end":{"line":471,"column":12}},"471":{"start":{"line":472,"column":0},"end":{"line":472,"column":39}},"472":{"start":{"line":473,"column":0},"end":{"line":473,"column":79}},"473":{"start":{"line":474,"column":0},"end":{"line":474,"column":81}},"474":{"start":{"line":475,"column":0},"end":{"line":475,"column":86}},"475":{"start":{"line":476,"column":0},"end":{"line":476,"column":116}},"476":{"start":{"line":477,"column":0},"end":{"line":477,"column":99}},"477":{"start":{"line":478,"column":0},"end":{"line":478,"column":91}},"478":{"start":{"line":479,"column":0},"end":{"line":479,"column":85}},"479":{"start":{"line":480,"column":0},"end":{"line":480,"column":103}},"480":{"start":{"line":481,"column":0},"end":{"line":481,"column":5}},"481":{"start":{"line":482,"column":0},"end":{"line":482,"column":3}},"482":{"start":{"line":483,"column":0},"end":{"line":483,"column":0}},"483":{"start":{"line":484,"column":0},"end":{"line":484,"column":10}},"484":{"start":{"line":485,"column":0},"end":{"line":485,"column":52}},"485":{"start":{"line":486,"column":0},"end":{"line":486,"column":140}},"486":{"start":{"line":487,"column":0},"end":{"line":487,"column":4}},"487":{"start":{"line":488,"column":0},"end":{"line":488,"column":1}},"488":{"start":{"line":489,"column":0},"end":{"line":489,"column":0}},"489":{"start":{"line":490,"column":0},"end":{"line":490,"column":43}},"490":{"start":{"line":491,"column":0},"end":{"line":491,"column":9}},"491":{"start":{"line":492,"column":0},"end":{"line":492,"column":15}},"492":{"start":{"line":493,"column":0},"end":{"line":493,"column":22}},"493":{"start":{"line":494,"column":0},"end":{"line":494,"column":23}},"494":{"start":{"line":495,"column":0},"end":{"line":495,"column":21}},"495":{"start":{"line":496,"column":0},"end":{"line":496,"column":27}},"496":{"start":{"line":497,"column":0},"end":{"line":497,"column":28}},"497":{"start":{"line":498,"column":0},"end":{"line":498,"column":25}},"498":{"start":{"line":499,"column":0},"end":{"line":499,"column":18}},"499":{"start":{"line":500,"column":0},"end":{"line":500,"column":18}},"500":{"start":{"line":501,"column":0},"end":{"line":501,"column":28}},"501":{"start":{"line":502,"column":0},"end":{"line":502,"column":27}},"502":{"start":{"line":503,"column":0},"end":{"line":503,"column":22}},"503":{"start":{"line":504,"column":0},"end":{"line":504,"column":24}},"504":{"start":{"line":505,"column":0},"end":{"line":505,"column":25}},"505":{"start":{"line":506,"column":0},"end":{"line":506,"column":25}},"506":{"start":{"line":507,"column":0},"end":{"line":507,"column":24}},"507":{"start":{"line":508,"column":0},"end":{"line":508,"column":23}},"508":{"start":{"line":509,"column":0},"end":{"line":509,"column":29}},"509":{"start":{"line":510,"column":0},"end":{"line":510,"column":25}},"510":{"start":{"line":511,"column":0},"end":{"line":511,"column":24}},"511":{"start":{"line":512,"column":0},"end":{"line":512,"column":18}},"512":{"start":{"line":513,"column":0},"end":{"line":513,"column":23}},"513":{"start":{"line":514,"column":0},"end":{"line":514,"column":0}},"514":{"start":{"line":515,"column":0},"end":{"line":515,"column":116}},"515":{"start":{"line":516,"column":0},"end":{"line":516,"column":77}},"516":{"start":{"line":517,"column":0},"end":{"line":517,"column":9}},"517":{"start":{"line":518,"column":0},"end":{"line":518,"column":0}},"518":{"start":{"line":519,"column":0},"end":{"line":519,"column":66}},"519":{"start":{"line":520,"column":0},"end":{"line":520,"column":68}},"520":{"start":{"line":521,"column":0},"end":{"line":521,"column":124}},"521":{"start":{"line":522,"column":0},"end":{"line":522,"column":94}},"522":{"start":{"line":523,"column":0},"end":{"line":523,"column":9}},"523":{"start":{"line":524,"column":0},"end":{"line":524,"column":0}},"524":{"start":{"line":525,"column":0},"end":{"line":525,"column":27}},"525":{"start":{"line":526,"column":0},"end":{"line":526,"column":13}},"526":{"start":{"line":527,"column":0},"end":{"line":527,"column":71}},"527":{"start":{"line":528,"column":0},"end":{"line":528,"column":21}},"528":{"start":{"line":529,"column":0},"end":{"line":529,"column":58}},"529":{"start":{"line":530,"column":0},"end":{"line":530,"column":9}},"530":{"start":{"line":531,"column":0},"end":{"line":531,"column":0}},"531":{"start":{"line":532,"column":0},"end":{"line":532,"column":72}},"532":{"start":{"line":533,"column":0},"end":{"line":533,"column":70}},"533":{"start":{"line":534,"column":0},"end":{"line":534,"column":0}},"534":{"start":{"line":535,"column":0},"end":{"line":535,"column":68}},"535":{"start":{"line":536,"column":0},"end":{"line":536,"column":0}},"536":{"start":{"line":537,"column":0},"end":{"line":537,"column":86}},"537":{"start":{"line":538,"column":0},"end":{"line":538,"column":112}},"538":{"start":{"line":539,"column":0},"end":{"line":539,"column":0}},"539":{"start":{"line":540,"column":0},"end":{"line":540,"column":76}},"540":{"start":{"line":541,"column":0},"end":{"line":541,"column":116}},"541":{"start":{"line":542,"column":0},"end":{"line":542,"column":9}},"542":{"start":{"line":543,"column":0},"end":{"line":543,"column":0}},"543":{"start":{"line":544,"column":0},"end":{"line":544,"column":92}},"544":{"start":{"line":545,"column":0},"end":{"line":545,"column":60}},"545":{"start":{"line":546,"column":0},"end":{"line":546,"column":92}},"546":{"start":{"line":547,"column":0},"end":{"line":547,"column":9}},"547":{"start":{"line":548,"column":0},"end":{"line":548,"column":0}},"548":{"start":{"line":549,"column":0},"end":{"line":549,"column":52}},"549":{"start":{"line":550,"column":0},"end":{"line":550,"column":50}},"550":{"start":{"line":551,"column":0},"end":{"line":551,"column":57}},"551":{"start":{"line":552,"column":0},"end":{"line":552,"column":83}},"552":{"start":{"line":553,"column":0},"end":{"line":553,"column":21}},"553":{"start":{"line":554,"column":0},"end":{"line":554,"column":30}},"554":{"start":{"line":555,"column":0},"end":{"line":555,"column":30}},"555":{"start":{"line":556,"column":0},"end":{"line":556,"column":12}},"556":{"start":{"line":557,"column":0},"end":{"line":557,"column":10}},"557":{"start":{"line":558,"column":0},"end":{"line":558,"column":0}},"558":{"start":{"line":559,"column":0},"end":{"line":559,"column":73}},"559":{"start":{"line":560,"column":0},"end":{"line":560,"column":88}},"560":{"start":{"line":561,"column":0},"end":{"line":561,"column":0}},"561":{"start":{"line":562,"column":0},"end":{"line":562,"column":67}},"562":{"start":{"line":563,"column":0},"end":{"line":563,"column":61}},"563":{"start":{"line":564,"column":0},"end":{"line":564,"column":58}},"564":{"start":{"line":565,"column":0},"end":{"line":565,"column":45}},"565":{"start":{"line":566,"column":0},"end":{"line":566,"column":47}},"566":{"start":{"line":567,"column":0},"end":{"line":567,"column":23}},"567":{"start":{"line":568,"column":0},"end":{"line":568,"column":33}},"568":{"start":{"line":569,"column":0},"end":{"line":569,"column":35}},"569":{"start":{"line":570,"column":0},"end":{"line":570,"column":34}},"570":{"start":{"line":571,"column":0},"end":{"line":571,"column":54}},"571":{"start":{"line":572,"column":0},"end":{"line":572,"column":11}},"572":{"start":{"line":573,"column":0},"end":{"line":573,"column":101}},"573":{"start":{"line":574,"column":0},"end":{"line":574,"column":0}},"574":{"start":{"line":575,"column":0},"end":{"line":575,"column":70}},"575":{"start":{"line":576,"column":0},"end":{"line":576,"column":74}},"576":{"start":{"line":577,"column":0},"end":{"line":577,"column":0}},"577":{"start":{"line":578,"column":0},"end":{"line":578,"column":80}},"578":{"start":{"line":579,"column":0},"end":{"line":579,"column":31}},"579":{"start":{"line":580,"column":0},"end":{"line":580,"column":31}},"580":{"start":{"line":581,"column":0},"end":{"line":581,"column":41}},"581":{"start":{"line":582,"column":0},"end":{"line":582,"column":36}},"582":{"start":{"line":583,"column":0},"end":{"line":583,"column":0}},"583":{"start":{"line":584,"column":0},"end":{"line":584,"column":45}},"584":{"start":{"line":585,"column":0},"end":{"line":585,"column":161}},"585":{"start":{"line":586,"column":0},"end":{"line":586,"column":70}},"586":{"start":{"line":587,"column":0},"end":{"line":587,"column":39}},"587":{"start":{"line":588,"column":0},"end":{"line":588,"column":0}},"588":{"start":{"line":589,"column":0},"end":{"line":589,"column":55}},"589":{"start":{"line":590,"column":0},"end":{"line":590,"column":154}},"590":{"start":{"line":591,"column":0},"end":{"line":591,"column":182}},"591":{"start":{"line":592,"column":0},"end":{"line":592,"column":203}},"592":{"start":{"line":593,"column":0},"end":{"line":593,"column":112}},"593":{"start":{"line":594,"column":0},"end":{"line":594,"column":0}},"594":{"start":{"line":595,"column":0},"end":{"line":595,"column":48}},"595":{"start":{"line":596,"column":0},"end":{"line":596,"column":161}},"596":{"start":{"line":597,"column":0},"end":{"line":597,"column":45}},"597":{"start":{"line":598,"column":0},"end":{"line":598,"column":9}},"598":{"start":{"line":599,"column":0},"end":{"line":599,"column":0}},"599":{"start":{"line":600,"column":0},"end":{"line":600,"column":85}},"600":{"start":{"line":601,"column":0},"end":{"line":601,"column":95}},"601":{"start":{"line":602,"column":0},"end":{"line":602,"column":52}},"602":{"start":{"line":603,"column":0},"end":{"line":603,"column":20}},"603":{"start":{"line":604,"column":0},"end":{"line":604,"column":33}},"604":{"start":{"line":605,"column":0},"end":{"line":605,"column":35}},"605":{"start":{"line":606,"column":0},"end":{"line":606,"column":27}},"606":{"start":{"line":607,"column":0},"end":{"line":607,"column":50}},"607":{"start":{"line":608,"column":0},"end":{"line":608,"column":11}},"608":{"start":{"line":609,"column":0},"end":{"line":609,"column":110}},"609":{"start":{"line":610,"column":0},"end":{"line":610,"column":110}},"610":{"start":{"line":611,"column":0},"end":{"line":611,"column":95}},"611":{"start":{"line":612,"column":0},"end":{"line":612,"column":101}},"612":{"start":{"line":613,"column":0},"end":{"line":613,"column":195}},"613":{"start":{"line":614,"column":0},"end":{"line":614,"column":122}},"614":{"start":{"line":615,"column":0},"end":{"line":615,"column":125}},"615":{"start":{"line":616,"column":0},"end":{"line":616,"column":90}},"616":{"start":{"line":617,"column":0},"end":{"line":617,"column":15}},"617":{"start":{"line":618,"column":0},"end":{"line":618,"column":36}},"618":{"start":{"line":619,"column":0},"end":{"line":619,"column":46}},"619":{"start":{"line":620,"column":0},"end":{"line":620,"column":40}},"620":{"start":{"line":621,"column":0},"end":{"line":621,"column":42}},"621":{"start":{"line":622,"column":0},"end":{"line":622,"column":23}},"622":{"start":{"line":623,"column":0},"end":{"line":623,"column":22}},"623":{"start":{"line":624,"column":0},"end":{"line":624,"column":21}},"624":{"start":{"line":625,"column":0},"end":{"line":625,"column":34}},"625":{"start":{"line":626,"column":0},"end":{"line":626,"column":39}},"626":{"start":{"line":627,"column":0},"end":{"line":627,"column":49}},"627":{"start":{"line":628,"column":0},"end":{"line":628,"column":44}},"628":{"start":{"line":629,"column":0},"end":{"line":629,"column":32}},"629":{"start":{"line":630,"column":0},"end":{"line":630,"column":36}},"630":{"start":{"line":631,"column":0},"end":{"line":631,"column":74}},"631":{"start":{"line":632,"column":0},"end":{"line":632,"column":26}},"632":{"start":{"line":633,"column":0},"end":{"line":633,"column":11}},"633":{"start":{"line":634,"column":0},"end":{"line":634,"column":0}},"634":{"start":{"line":635,"column":0},"end":{"line":635,"column":60}},"635":{"start":{"line":636,"column":0},"end":{"line":636,"column":63}},"636":{"start":{"line":637,"column":0},"end":{"line":637,"column":0}},"637":{"start":{"line":638,"column":0},"end":{"line":638,"column":66}},"638":{"start":{"line":639,"column":0},"end":{"line":639,"column":117}},"639":{"start":{"line":640,"column":0},"end":{"line":640,"column":38}},"640":{"start":{"line":641,"column":0},"end":{"line":641,"column":36}},"641":{"start":{"line":642,"column":0},"end":{"line":642,"column":72}},"642":{"start":{"line":643,"column":0},"end":{"line":643,"column":59}},"643":{"start":{"line":644,"column":0},"end":{"line":644,"column":59}},"644":{"start":{"line":645,"column":0},"end":{"line":645,"column":60}},"645":{"start":{"line":646,"column":0},"end":{"line":646,"column":32}},"646":{"start":{"line":647,"column":0},"end":{"line":647,"column":35}},"647":{"start":{"line":648,"column":0},"end":{"line":648,"column":52}},"648":{"start":{"line":649,"column":0},"end":{"line":649,"column":75}},"649":{"start":{"line":650,"column":0},"end":{"line":650,"column":10}},"650":{"start":{"line":651,"column":0},"end":{"line":651,"column":0}},"651":{"start":{"line":652,"column":0},"end":{"line":652,"column":35}},"652":{"start":{"line":653,"column":0},"end":{"line":653,"column":35}},"653":{"start":{"line":654,"column":0},"end":{"line":654,"column":67}},"654":{"start":{"line":655,"column":0},"end":{"line":655,"column":67}},"655":{"start":{"line":656,"column":0},"end":{"line":656,"column":65}},"656":{"start":{"line":657,"column":0},"end":{"line":657,"column":63}},"657":{"start":{"line":658,"column":0},"end":{"line":658,"column":63}},"658":{"start":{"line":659,"column":0},"end":{"line":659,"column":59}},"659":{"start":{"line":660,"column":0},"end":{"line":660,"column":53}},"660":{"start":{"line":661,"column":0},"end":{"line":661,"column":51}},"661":{"start":{"line":662,"column":0},"end":{"line":662,"column":59}},"662":{"start":{"line":663,"column":0},"end":{"line":663,"column":55}},"663":{"start":{"line":664,"column":0},"end":{"line":664,"column":69}},"664":{"start":{"line":665,"column":0},"end":{"line":665,"column":62}},"665":{"start":{"line":666,"column":0},"end":{"line":666,"column":63}},"666":{"start":{"line":667,"column":0},"end":{"line":667,"column":10}},"667":{"start":{"line":668,"column":0},"end":{"line":668,"column":0}},"668":{"start":{"line":669,"column":0},"end":{"line":669,"column":25}},"669":{"start":{"line":670,"column":0},"end":{"line":670,"column":26}},"670":{"start":{"line":671,"column":0},"end":{"line":671,"column":0}},"671":{"start":{"line":672,"column":0},"end":{"line":672,"column":41}},"672":{"start":{"line":673,"column":0},"end":{"line":673,"column":0}},"673":{"start":{"line":674,"column":0},"end":{"line":674,"column":41}},"674":{"start":{"line":675,"column":0},"end":{"line":675,"column":75}},"675":{"start":{"line":676,"column":0},"end":{"line":676,"column":50}},"676":{"start":{"line":677,"column":0},"end":{"line":677,"column":124}},"677":{"start":{"line":678,"column":0},"end":{"line":678,"column":70}},"678":{"start":{"line":679,"column":0},"end":{"line":679,"column":84}},"679":{"start":{"line":680,"column":0},"end":{"line":680,"column":67}},"680":{"start":{"line":681,"column":0},"end":{"line":681,"column":0}},"681":{"start":{"line":682,"column":0},"end":{"line":682,"column":35}},"682":{"start":{"line":683,"column":0},"end":{"line":683,"column":37}},"683":{"start":{"line":684,"column":0},"end":{"line":684,"column":0}},"684":{"start":{"line":685,"column":0},"end":{"line":685,"column":47}},"685":{"start":{"line":686,"column":0},"end":{"line":686,"column":33}},"686":{"start":{"line":687,"column":0},"end":{"line":687,"column":33}},"687":{"start":{"line":688,"column":0},"end":{"line":688,"column":0}},"688":{"start":{"line":689,"column":0},"end":{"line":689,"column":33}},"689":{"start":{"line":690,"column":0},"end":{"line":690,"column":40}},"690":{"start":{"line":691,"column":0},"end":{"line":691,"column":34}},"691":{"start":{"line":692,"column":0},"end":{"line":692,"column":43}},"692":{"start":{"line":693,"column":0},"end":{"line":693,"column":0}},"693":{"start":{"line":694,"column":0},"end":{"line":694,"column":58}},"694":{"start":{"line":695,"column":0},"end":{"line":695,"column":64}},"695":{"start":{"line":696,"column":0},"end":{"line":696,"column":67}},"696":{"start":{"line":697,"column":0},"end":{"line":697,"column":0}},"697":{"start":{"line":698,"column":0},"end":{"line":698,"column":52}},"698":{"start":{"line":699,"column":0},"end":{"line":699,"column":25}},"699":{"start":{"line":700,"column":0},"end":{"line":700,"column":0}},"700":{"start":{"line":701,"column":0},"end":{"line":701,"column":28}},"701":{"start":{"line":702,"column":0},"end":{"line":702,"column":82}},"702":{"start":{"line":703,"column":0},"end":{"line":703,"column":72}},"703":{"start":{"line":704,"column":0},"end":{"line":704,"column":76}},"704":{"start":{"line":705,"column":0},"end":{"line":705,"column":68}},"705":{"start":{"line":706,"column":0},"end":{"line":706,"column":72}},"706":{"start":{"line":707,"column":0},"end":{"line":707,"column":33}},"707":{"start":{"line":708,"column":0},"end":{"line":708,"column":36}},"708":{"start":{"line":709,"column":0},"end":{"line":709,"column":46}},"709":{"start":{"line":710,"column":0},"end":{"line":710,"column":41}},"710":{"start":{"line":711,"column":0},"end":{"line":711,"column":32}},"711":{"start":{"line
[...]
1}},"loc":{"start":{"line":65,"column":0},"end":{"line":68,"column":1}},"line":65},"3":{"name":"normalizeEmail","decl":{"start":{"line":70,"column":0},"end":{"line":72,"column":1}},"loc":{"start":{"line":70,"column":0},"end":{"line":72,"column":1}},"line":70},"4":{"name":"readBool","decl":{"start":{"line":74,"column":0},"end":{"line":80,"column":1}},"loc":{"start":{"line":74,"column":0},"end":{"line":80,"column":1}},"line":74},"5":{"name":"slugKey","decl":{"start":{"line":82,"column":7},"end":{"line":91,"column":1}},"loc":{"start":{"line":82,"column":7},"end":{"line":91,"column":1}},"line":82},"6":{"name":"addHours","decl":{"start":{"line":93,"column":7},"end":{"line":97,"column":1}},"loc":{"start":{"line":93,"column":7},"end":{"line":97,"column":1}},"line":93},"7":{"name":"addDays","decl":{"start":{"line":99,"column":7},"end":{"line":103,"column":1}},"loc":{"start":{"line":99,"column":7},"end":{"line":103,"column":1}},"line":99},"8":{"name":"buildTempPassword","decl":{"start":{"line":105,"column":0},"end":{"line":107,"column":1}},"loc":{"start":{"line":105,"column":0},"end":{"line":107,"column":1}},"line":105},"9":{"name":"buildOnboardingMessage","decl":{"start":{"line":109,"column":0},"end":{"line":121,"column":1}},"loc":{"start":{"line":109,"column":0},"end":{"line":121,"column":1}},"line":109},"10":{"name":"safeJson","decl":{"start":{"line":123,"column":0},"end":{"line":125,"column":1}},"loc":{"start":{"line":123,"column":0},"end":{"line":125,"column":1}},"line":123},"11":{"name":"derivePasswordHash","decl":{"start":{"line":127,"column":7},"end":{"line":133,"column":1}},"loc":{"start":{"line":127,"column":7},"end":{"line":133,"column":1}},"line":127},"12":{"name":"verifyPassword","decl":{"start":{"line":135,"column":0},"end":{"line":141,"column":1}},"loc":{"start":{"line":135,"column":0},"end":{"line":141,"column":1}},"line":135},"13":{"name":"buildPermField","decl":{"start":{"line":143,"column":0},"end":{"line":145,"column":1}},"loc":{"start":{"line":143,"column":0},"end":{"line":145,"column":1}},"line":143},"14":{"name":"toPermissionMap","decl":{"start":{"line":147,"column":0},"end":{"line":153,"column":1}},"loc":{"start":{"line":147,"column":0},"end":{"line":153,"column":1}},"line":147},"15":{"name":"parseSpecialPermissions","decl":{"start":{"line":155,"column":0},"end":{"line":160,"column":1}},"loc":{"start":{"line":155,"column":0},"end":{"line":160,"column":1}},"line":155},"16":{"name":"roleToView","decl":{"start":{"line":162,"column":0},"end":{"line":175,"column":1}},"loc":{"start":{"line":162,"column":0},"end":{"line":175,"column":1}},"line":162},"17":{"name":"normalizeRole","decl":{"start":{"line":177,"column":0},"end":{"line":196,"column":1}},"loc":{"start":{"line":177,"column":0},"end":{"line":196,"column":1}},"line":177},"18":{"name":"normalizeUser","decl":{"start":{"line":198,"column":0},"end":{"line":210,"column":1}},"loc":{"start":{"line":198,"column":0},"end":{"line":210,"column":1}},"line":198},"19":{"name":"defaultRoles","decl":{"start":{"line":212,"column":0},"end":{"line":246,"column":1}},"loc":{"start":{"line":212,"column":0},"end":{"line":246,"column":1}},"line":212},"20":{"name":"bootstrapRoles","decl":{"start":{"line":248,"column":0},"end":{"line":258,"column":1}},"loc":{"start":{"line":248,"column":0},"end":{"line":258,"column":1}},"line":248},"21":{"name":"logAudit","decl":{"start":{"line":260,"column":0},"end":{"line":275,"column":1}},"loc":{"start":{"line":260,"column":0},"end":{"line":275,"column":1}},"line":260},"22":{"name":"getStaffUser","decl":{"start":{"line":277,"column":0},"end":{"line":282,"column":1}},"loc":{"start":{"line":277,"column":0},"end":{"line":282,"column":1}},"line":277},"23":{"name":"getRole","decl":{"start":{"line":284,"column":0},"end":{"line":290,"column":1}},"loc":{"start":{"line":284,"column":0},"end":{"line":290,"column":1}},"line":284},"24":{"name":"getAllRoles","decl":{"start":{"line":292,"column":0},"end":{"line":296,"column":1}},"loc":{"start":{"line":292,"column":0},"end":{"line":296,"column":1}},"line":292},"25":{"name":"getRoleMap","decl":{"start":{"line":298,"column":0},"end":{"line":303,"column":1}},"loc":{"start":{"line":298,"column":0},"end":{"line":303,"column":1}},"line":298},"26":{"name":"getCredential","decl":{"start":{"line":305,"column":0},"end":{"line":310,"column":1}},"loc":{"start":{"line":305,"column":0},"end":{"line":310,"column":1}},"line":305},"27":{"name":"upsertCredential","decl":{"start":{"line":312,"column":0},"end":{"line":330,"column":1}},"loc":{"start":{"line":312,"column":0},"end":{"line":330,"column":1}},"line":312},"28":{"name":"createSession","decl":{"start":{"line":335,"column":0},"end":{"line":352,"column":1}},"loc":{"start":{"line":335,"column":0},"end":{"line":352,"column":1}},"line":335},"29":{"name":"getSessionByToken","decl":{"start":{"line":354,"column":0},"end":{"line":358,"column":1}},"loc":{"start":{"line":354,"column":0},"end":{"line":358,"column":1}},"line":354},"30":{"name":"buildProfile","decl":{"start":{"line":360,"column":0},"end":{"line":386,"column":1}},"loc":{"start":{"line":360,"column":0},"end":{"line":386,"column":1}},"line":360},"31":{"name":"canAccessArea","decl":{"start":{"line":388,"column":0},"end":{"line":395,"column":1}},"loc":{"start":{"line":388,"column":0},"end":{"line":395,"column":1}},"line":388},"32":{"name":"summarizeRole","decl":{"start":{"line":397,"column":0},"end":{"line":402,"column":1}},"loc":{"start":{"line":397,"column":0},"end":{"line":402,"column":1}},"line":397},"33":{"name":"getAllCredentials","decl":{"start":{"line":404,"column":0},"end":{"line":407,"column":1}},"loc":{"start":{"line":404,"column":0},"end":{"line":407,"column":1}},"line":404},"34":{"name":"getActiveCredentialsCount","decl":{"start":{"line":409,"column":0},"end":{"line":412,"column":1}},"loc":{"start":{"line":409,"column":0},"end":{"line":412,"column":1}},"line":409},"35":{"name":"canUseBootstrapLogin","decl":{"start":{"line":414,"column":0},"end":{"line":418,"column":1}},"loc":{"start":{"line":414,"column":0},"end":{"line":418,"column":1}},"line":414},"36":{"name":"getBootstrapPassword","decl":{"start":{"line":421,"column":0},"end":{"line":433,"column":1}},"loc":{"start":{"line":421,"column":0},"end":{"line":433,"column":1}},"line":421},"37":{"name":"getAllSessions","decl":{"start":{"line":435,"column":0},"end":{"line":441,"column":1}},"loc":{"start":{"line":435,"column":0},"end":{"line":441,"column":1}},"line":435},"38":{"name":"getAuditRows","decl":{"start":{"line":443,"column":0},"end":{"line":446,"column":1}},"loc":{"start":{"line":443,"column":0},"end":{"line":446,"column":1}},"line":443},"39":{"name":"getStaffUsersList","decl":{"start":{"line":448,"column":0},"end":{"line":451,"column":1}},"loc":{"start":{"line":448,"column":0},"end":{"line":451,"column":1}},"line":448},"40":{"name":"getCollectionHealth","decl":{"start":{"line":453,"column":0},"end":{"line":460,"column":1}},"loc":{"start":{"line":453,"column":0},"end":{"line":460,"column":1}},"line":453},"41":{"name":"_getAuthHealthDetails","decl":{"start":{"line":462,"column":0},"end":{"line":492,"column":1}},"loc":{"start":{"line":462,"column":0},"end":{"line":492,"column":1}},"line":462},"42":{"name":"assertUniqueRoleKey","decl":{"start":{"line":494,"column":0},"end":{"line":501,"column":1}},"loc":{"start":{"line":494,"column":0},"end":{"line":501,"column":1}},"line":494},"43":{"name":"assertUniqueUserEmail","decl":{"start":{"line":503,"column":0},"end":{"line":510,"column":1}},"loc":{"start":{"line":503,"column":0},"end":{"line":510,"column":1}},"line":503},"44":{"name":"revokeSessionsByQuery","decl":{"start":{"line":512,"column":0},"end":{"line":523,"column":1}},"loc":{"start":{"line":512,"column":0},"end":{"line":523,"column":1}},"line":512},"45":{"name":"loginStaff","decl":{"start":{"line":528,"column":7},"end":{"line":588,"column":1}},"loc":{"start":{"line":528,"column":7},"end":{"line":588,"column":1}},"line":528},"46":{"name":"getSessionState","decl":{"start":{"line":593,"column":7},"end":{"line":619,"column":1}},"loc":{"start":{"line":593,"column":7},"end":{"line":619,"column":1}},"line":593},"47":{"name":"logoutStaff","decl":{"start":{"line":624,"column":7},"end":{"line":632,"column":1}},"loc":{"start":{"line":624,"column":7},"end":{"line":632,"column":1}},"line":624},"48":{"name":"requireStaffAccess","decl":{"start":{"line":637,"column":7},"end":{"line":647,"column":1}},"loc":{"start":{"line":637,"column":7},"end":{"line":647,"column":1}},"line":637},"49":{"name":"authorizeStaffRoute","decl":{"start":{"line":652,"column":7},"end":{"line":656,"column":1}},"loc":{"start":{"line":652,"column":7},"end":{"line":656,"column":1}},"line":652},"50":{"name":"getStaffAccessSnapshot","decl":{"start":{"line":661,"column":7},"end":{"line":763,"column":1}},"loc":{"start":{"line":661,"column":7},"end":{"line":763,"column":1}},"line":661},"51":{"name":"upsertStaffRole","decl":{"start":{"line":768,"column":7},"end":{"line":787,"column":1}},"loc":{"start":{"line":768,"column":7},"end":{"line":787,"column":1}},"line":768},"52":{"name":"upsertStaffUser","decl":{"start":{"line":792,"column":7},"end":{"line":814,"column":1}},"loc":{"start":{"line":792,"column":7},"end":{"line":814,"column":1}},"line":792},"53":{"name":"deactivateStaffUser","decl":{"start":{"line":819,"column":7},"end":{"line":827,"column":1}},"loc":{"start":{"line":819,"column":7},"end":{"line":827,"column":1}},"line":819},"54":{"name":"reactivateStaffUser","decl":{"start":{"line":832,"column":7},"end":{"line":839,"column":1}},"loc":{"start":{"line":832,"column":7},"end":{"line":839,"column":1}},"line":832},"55":{"name":"inviteStaffUser","decl":{"start":{"line":844,"column":7},"end":{"line":893,"column":1}},"loc":{"start":{"line":844,"column":7},"end":{"line":893,"column":1}},"line":844},"56":{"name":"setStaffPassword","decl":{"start":{"line":898,"column":7},"end":{"line":908,"column":1}},"loc":{"start":{"line":898,"column":7},"end":{"line":908,"column":1}},"line":898},"57":{"name":"resetStaffPassword","decl":{"start":{"line":913,"column":7},"end":{"line":925,"column":1}},"loc":{"start":{"line":913,"column":7},"end":{"line":925,"column":1}},"line":913},"58":{"name":"revokeStaffSessions","decl":{"start":{"line":930,"column":7},"end":{"line":947,"column":1}},"loc":{"start":{"line":930,"column":7},"end":{"line":947,"column":1}},"line":930},"59":{"name":"changeOwnPassword","decl":{"start":{"line":952,"column":7},"end":{"line":961,"column":1}},"loc":{"start":{"line":952,"column":7},"end":{"line":961,"column":1}},"line":952},"60":{"name":"revokeOwnOtherSessions","decl":{"start":{"line":967,"column":7},"end":{"line":978,"column":1}},"loc":{"start":{"line":967,"column":7},"end":{"line":978,"column":1}},"line":967},"61":{"name":"hasRecentRecoveryRequest","decl":{"start":{"line":981,"column":0},"end":{"line":998,"column":1}},"loc":{"start":{"line":981,"column":0},"end":{"line":998,"column":1}},"line":981},"62":{"name":"requestAccessRecovery","decl":{"start":{"line":1003,"column":7},"end":{"line":1029,"column":1}},"loc":{"start":{"line":1003,"column":7},"end":{"line":1029,"column":1}},"line":1003},"63":{"name":"getPublicLoginBootstrap","decl":{"start":{"line":1031,"column":7},"end":{"line":1040,"column":1}},"loc":{"start":{"line":1031,"column":7},"end":{"line":1040,"column":1}},"line":1031},"64":{"name":"getPublicAuthHealth","decl":{"start":{"line":1042,"column":7},"end":{"line":1050,"column":1}},"loc":{"start":{"line":1042,"column":7},"end":{"line":1050,"column":1}},"line":1042},"65":{"name":"getBootstrapHelp","decl":{"start":{"line":1052,"column":7},"end":{"line":1060,"column":1}},"loc":{"start":{"line":1052,"column":7},"end":{"line":1060,"column":1}},"line":1052},"66":{"name":"hasSpecialPermission","decl":{"start":{"line":1062,"column":0},"end":{"line":1064,"column":1}},"loc":{"start":{"line":1062,"column":0},"end":{"line":1064,"column":1}},"line":1062},"67":{"name":"doPurgeExpiredSessions","decl":{"start":{"line":1066,"column":0},"end":{"line":1085,"column":1}},"loc":{"start":{"line":1066,"column":0},"end":{"line":1085,"column":1}},"line":1066},"68":{"name":"cleanupSessions","decl":{"start":{"line":1090,"column":7},"end":{"line":1095,"column":1}},"loc":{"start":{"line":1090,"column":7},"end":{"line":1095,"column":1}},"line":1090},"69":{"name":"scheduledSessionCleanup","decl":{"start":{"line":1097,"column":7},"end":{"line":1101,"column":1}},"loc":{"start":{"line":1097,"column":7},"end":{"line":1101,"column":1}},"line":1097}},"f":{"0":0,"1":0,"2":1926,"3":506,"4":582,"5":0,"6":52,"7":68,"8":0,"9":0,"10":0,"11":176,"12":57,"13":2632,"14":98,"15":98,"16":0,"17":0,"18":0,"19":0,"20":175,"21":67,"22":112,"23":107,"24":0,"25":0,"26":104,"27":0,"28":53,"29":92,"30":98,"31":2,"32":0,"33":0,"34":0,"35":0,"36":0,"37":0,"38":0,"39":0,"40":0,"41":0,"42":0,"43":0,"44":0,"45":68,"46":116,"47":4,"48":107,"49":0,"50":0,"51":0,"52":0,"53":0,"54":0,"55":0,"56":0,"57":0,"58":0,"59":0,"60":0,"61":0,"62":0,"63":0,"64":0,"65":0,"66":0,"67":0,"68":0,"69":0}}
,"/home/user/diamondrentacarnew/src/backend/utils.js": {"path":"/home/user/diamondrentacarnew/src/backend/utils.js","all":false,"statementMap":{"0":{"start":{"line":1,"column":0},"end":{"line":1,"column":12}},"1":{"start":{"line":2,"column":0},"end":{"line":2,"column":33}},"2":{"start":{"line":3,"column":0},"end":{"line":3,"column":36}},"3":{"start":{"line":4,"column":0},"end":{"line":4,"column":1}},"4":{"start":{"line":5,"column":0},"end":{"line":5,"column":0}},"5":{"start":{"line":6,"column":0},"end":{"line":6,"column":46}},"6":{"start":{"line":7,"column":0},"end":{"line":7,"column":26}},"7":{"start":{"line":8,"column":0},"end":{"line":8,"column":43}},"8":{"start":{"line":9,"column":0},"end":{"line":9,"column":1}},"9":{"start":{"line":10,"column":0},"end":{"line":10,"column":0}},"10":{"start":{"line":11,"column":0},"end":{"line":11,"column":31}},"11":{"start":{"line":12,"column":0},"end":{"line":12,"column":73}},"12":{"start":{"line":13,"column":0},"end":{"line":13,"column":60}},"13":{"start":{"line":14,"column":0},"end":{"line":14,"column":46}},"14":{"start":{"line":15,"column":0},"end":{"line":15,"column":1}},"15":{"start":{"line":16,"column":0},"end":{"line":16,"column":0}},"16":{"start":{"line":17,"column":0},"end":{"line":17,"column":37}},"17":{"start":{"line":18,"column":0},"end":{"line":18,"column":27}},"18":{"start":{"line":19,"column":0},"end":{"line":19,"column":45}},"19":{"start":{"line":20,"column":0},"end":{"line":20,"column":11}},"20":{"start":{"line":21,"column":0},"end":{"line":21,"column":1}},"21":{"start":{"line":22,"column":0},"end":{"line":22,"column":0}},"22":{"start":{"line":23,"column":0},"end":{"line":23,"column":34}},"23":{"start":{"line":24,"column":0},"end":{"line":24,"column":24}},"24":{"start":{"line":25,"column":0},"end":{"line":25,"column":125}},"25":{"start":{"line":26,"column":0},"end":{"line":26,"column":25}},"26":{"start":{"line":27,"column":0},"end":{"line":27,"column":1}},"27":{"start":{"line":28,"column":0},"end":{"line":28,"column":0}},"28":{"start":{"line":29,"column":0},"end":{"line":29,"column":35}},"29":{"start":{"line":30,"column":0},"end":{"line":30,"column":28}},"30":{"start":{"line":31,"column":0},"end":{"line":31,"column":79}},"31":{"start":{"line":32,"column":0},"end":{"line":32,"column":1}},"32":{"start":{"line":33,"column":0},"end":{"line":33,"column":0}},"33":{"start":{"line":34,"column":0},"end":{"line":34,"column":42}},"34":{"start":{"line":35,"column":0},"end":{"line":35,"column":34}},"35":{"start":{"line":36,"column":0},"end":{"line":36,"column":37}},"36":{"start":{"line":37,"column":0},"end":{"line":37,"column":60}},"37":{"start":{"line":38,"column":0},"end":{"line":38,"column":39}},"38":{"start":{"line":39,"column":0},"end":{"line":39,"column":58}},"39":{"start":{"line":40,"column":0},"end":{"line":40,"column":1}},"40":{"start":{"line":41,"column":0},"end":{"line":41,"column":0}},"41":{"start":{"line":42,"column":0},"end":{"line":42,"column":43}},"42":{"start":{"line":43,"column":0},"end":{"line":43,"column":30}},"43":{"start":{"line":44,"column":0},"end":{"line":44,"column":52}},"44":{"start":{"line":45,"column":0},"end":{"line":45,"column":1}}},"s":{"0":1,"1":1,"2":0,"3":0,"4":1,"5":1,"6":191,"7":191,"8":191,"9":1,"10":1,"11":26,"12":26,"13":26,"14":26,"15":1,"16":1,"17":0,"18":0,"19":0,"20":0,"21":1,"22":1,"23":0,"24":0,"25":0,"26":0,"27":1,"28":1,"29":0,"30":0,"31":0,"32":1,"33":1,"34":0,"35":0,"36":0,"37":0,"38":0,"39":0,"40":1,"41":1,"42":0,"43":0,"44":0},"branchMap":{"0":{"type":"branch","line":6,"loc":{"start":{"line":6,"column":7},"end":{"line":9,"column":1}},"locations":[{"start":{"line":6,"column":7},"end":{"line":9,"column":1}}]},"1":{"type":"branch","line":8,"loc":{"start":{"line":8,"column":27},"end":{"line":8,"column":31}},"locations":[{"start":{"line":8,"column":27},"end":{"line":8,"column":31}}]},"2":{"type":"branch","line":8,"loc":{"start":{"line":8,"column":31},"end":{"line":8,"column":42}},"locations":[{"start":{"line":8,"column":31},"end":{"line":8,"column":42}}]},"3":{"type":"branch","line":11,"loc":{"start":{"line":11,"column":7},"end":{"line":15,"column":1}},"locations":[{"start":{"line":11,"column":7},"end":{"line":15,"column":1}}]},"4":{"type":"branch","line":12,"loc":{"start":{"line":12,"column":43},"end":{"line":12,"column":59}},"locations":[{"start":{"line":12,"column":43},"end":{"line":12,"column":59}}]},"5":{"type":"branch","line":12,"loc":{"start":{"line":12,"column":61},"end":{"line":12,"column":73}},"locations":[{"start":{"line":12,"column":61},"end":{"line":12,"column":73}}]},"6":{"type":"branch","line":12,"loc":{"start":{"line":12,"column":72},"end":{"line":13,"column":36}},"locations":[{"start":{"line":12,"column":72},"end":{"line":13,"column":36}}]},"7":{"type":"branch","line":13,"loc":{"start":{"line":13,"column":33},"end":{"line":13,"column":41}},"locations":[{"start":{"line":13,"column":33},"end":{"line":13,"column":41}}]},"8":{"type":"branch","line":13,"loc":{"start":{"line":13,"column":41},"end":{"line":13,"column":59}},"locations":[{"start":{"line":13,"column":41},"end":{"line":13,"column":59}}]},"9":{"type":"branch","line":14,"loc":{"start":{"line":14,"column":34},"end":{"line":14,"column":41}},"locations":[{"start":{"line":14,"column":34},"end":{"line":14,"column":41}}]},"10":{"type":"branch","line":14,"loc":{"start":{"line":14,"column":41},"end":{"line":14,"column":45}},"locations":[{"start":{"line":14,"column":41},"end":{"line":14,"column":45}}]}},"b":{"0":[191],"1":[111],"2":[80],"3":[26],"4":[20],"5":[6],"6":[20],"7":[0],"8":[20],"9":[2],"10":[18]},"fnMap":{"0":{"name":"safeText","decl":{"start":{"line":2,"column":7},"end":{"line":4,"column":1}},"loc":{"start":{"line":2,"column":7},"end":{"line":4,"column":1}},"line":2},"1":{"name":"safeNum","decl":{"start":{"line":6,"column":7},"end":{"line":9,"column":1}},"loc":{"start":{"line":6,"column":7},"end":{"line":9,"column":1}},"line":6},"2":{"name":"asDate","decl":{"start":{"line":11,"column":7},"end":{"line":15,"column":1}},"loc":{"start":{"line":11,"column":7},"end":{"line":15,"column":1}},"line":11},"3":{"name":"addDays","decl":{"start":{"line":17,"column":7},"end":{"line":21,"column":1}},"loc":{"start":{"line":17,"column":7},"end":{"line":21,"column":1}},"line":17},"4":{"name":"pickLabel","decl":{"start":{"line":23,"column":7},"end":{"line":27,"column":1}},"loc":{"start":{"line":23,"column":7},"end":{"line":27,"column":1}},"line":23},"5":{"name":"isLikelyId","decl":{"start":{"line":29,"column":7},"end":{"line":32,"column":1}},"loc":{"start":{"line":29,"column":7},"end":{"line":32,"column":1}},"line":29},"6":{"name":"extractCode","decl":{"start":{"line":34,"column":7},"end":{"line":40,"column":1}},"loc":{"start":{"line":34,"column":7},"end":{"line":40,"column":1}},"line":34},"7":{"name":"normalizeDateParam","decl":{"start":{"line":42,"column":7},"end":{"line":45,"column":1}},"loc":{"start":{"line":42,"column":7},"end":{"line":45,"column":1}},"line":42}},"f":{"0":0,"1":191,"2":26,"3":0,"4":0,"5":0,"6":0,"7":0}}
}
