TN:
SF:src/backend/availability.js
FN:17,asDate
FN:31,bookingsOverlap
FNF:2
FNH:2
FNDA:64,asDate
FNDA:16,bookingsOverlap
DA:1,1
DA:2,1
DA:3,1
DA:4,1
DA:5,1
DA:6,1
DA:7,1
DA:8,1
DA:9,1
DA:10,1
DA:11,1
DA:12,1
DA:13,1
DA:14,1
DA:15,1
DA:16,1
DA:17,64
DA:18,64
DA:19,64
DA:20,64
DA:21,64
DA:22,1
DA:23,1
DA:24,1
DA:25,1
DA:26,1
DA:27,1
DA:28,1
DA:29,1
DA:30,1
DA:31,1
DA:32,16
DA:33,16
DA:34,16
DA:35,16
DA:36,16
DA:37,16
DA:38,16
LF:38
LH:38
BRDA:17,0,0,64
BRDA:18,1,0,2
BRDA:18,2,0,2
BRDA:18,3,0,62
BRDA:19,4,0,57
BRDA:19,5,0,5
BRDA:20,6,0,2
BRDA:20,7,0,60
BRDA:31,8,0,16
BRDA:36,9,0,15
BRDA:36,10,0,14
BRDA:36,11,0,13
BRDA:36,12,0,4
BRDA:36,13,0,12
BRDA:37,14,0,11
BRF:15
BRH:15
end_of_record
TN:
SF:src/backend/billableDays.js
FN:2,asDate
FN:8,computeBillableDaysDetailed
FN:23,computeBillableDays
FNF:3
FNH:3
FNDA:62,asDate
FNDA:31,computeBillableDaysDetailed
FNDA:12,computeBillableDays
DA:1,1
DA:2,62
DA:3,62
DA:4,62
DA:5,62
DA:6,62
DA:7,1
DA:8,1
DA:9,31
DA:10,31
DA:11,31
DA:12,6
DA:13,6
DA:14,6
DA:15,25
DA:16,25
DA:17,25
DA:18,25
DA:19,25
DA:20,25
DA:21,25
DA:22,1
DA:23,1
DA:24,12
DA:25,12
LF:25
LH:25
BRDA:2,0,0,62
BRDA:3,1,0,2
BRDA:3,2,0,2
BRDA:3,3,0,60
BRDA:4,4,0,58
BRDA:4,5,0,2
BRDA:5,6,0,2
BRDA:5,7,0,58
BRDA:8,8,0,31
BRDA:11,9,0,29
BRDA:11,10,0,29
BRDA:11,11,0,6
BRDA:12,12,0,5
BRDA:12,13,0,1
BRDA:14,14,0,25
BRDA:23,15,0,12
BRF:16
BRH:16
end_of_record
TN:
SF:src/backend/bookingConfig.js
FN:178,toNumber
FN:183,text
FN:188,getInsuranceMap
FN:197,getExtraConfigMap
FN:212,getFallbackPricingCatalog
FNF:5
FNH:0
FNDA:0,toNumber
FNDA:0,text
FNDA:0,getInsuranceMap
FNDA:0,getExtraConfigMap
FNDA:0,getFallbackPricingCatalog
DA:1,1
DA:2,1
DA:3,1
DA:4,1
DA:5,1
DA:6,1
DA:7,1
DA:8,1
DA:9,1
DA:10,1
DA:11,1
DA:12,1
DA:13,1
DA:14,1
DA:15,1
DA:16,1
DA:17,1
DA:18,1
DA:19,1
DA:20,1
DA:21,1
DA:22,1
DA:23,1
DA:24,1
DA:25,1
DA:26,1
DA:27,1
DA:28,1
DA:29,1
DA:30,1
DA:31,1
DA:32,1
DA:33,1
DA:34,1
DA:35,1
DA:36,1
DA:37,1
DA:38,1
DA:39,1
DA:40,1
DA:41,1
DA:42,1
DA:43,1
DA:44,1
DA:45,1
DA:46,1
DA:47,1
DA:48,1
DA:49,1
DA:50,1
DA:51,1
DA:52,1
DA:53,1
DA:54,1
DA:55,1
DA:56,1
DA:57,1
DA:58,1
DA:59,1
DA:60,1
DA:61,1
DA:62,1
DA:63,1
DA:64,1
DA:65,1
DA:66,1
DA:67,1
DA:68,1
DA:69,1
DA:70,1
DA:71,1
DA:72,1
DA:73,1
DA:74,1
DA:75,1
DA:76,1
DA:77,1
DA:78,1
DA:79,1
DA:80,1
DA:81,1
DA:82,1
DA:83,1
DA:84,1
DA:85,1
DA:86,1
DA:87,1
DA:88,1
DA:89,1
DA:90,1
DA:91,1
DA:92,1
DA:93,1
DA:94,1
DA:95,1
DA:96,1
DA:97,1
DA:98,1
DA:99,1
DA:100,1
DA:101,1
DA:102,1
DA:103,1
DA:104,1
DA:105,1
DA:106,1
DA:107,1
DA:108,1
DA:109,1
DA:110,1
DA:111,1
DA:112,1
DA:113,1
DA:114,1
DA:115,1
DA:116,1
DA:117,1
DA:118,1
DA:119,1
DA:120,1
DA:121,1
DA:122,1
DA:123,1
DA:124,1
DA:125,1
DA:126,1
DA:127,1
DA:128,1
DA:129,1
DA:130,1
DA:131,1
DA:132,1
DA:133,1
DA:134,1
DA:135,1
DA:136,1
DA:137,1
DA:138,1
DA:139,1
DA:140,1
DA:141,1
DA:142,1
DA:143,1
DA:144,1
DA:145,1
DA:146,1
DA:147,1
DA:148,1
DA:149,1
DA:150,1
DA:151,1
DA:152,1
DA:153,1
DA:154,1
DA:155,1
DA:156,1
DA:157,1
DA:158,1
DA:159,1
DA:160,1
DA:161,1
DA:162,1
DA:163,1
DA:164,1
DA:165,1
DA:166,1
DA:167,1
DA:168,1
DA:169,1
DA:170,1
DA:171,1
DA:172,1
DA:173,1
DA:174,1
DA:175,1
DA:176,1
DA:177,1
DA:178,0
DA:179,0
DA:180,0
DA:181,0
DA:182,1
DA:183,0
DA:184,0
DA:185,0
DA:186,0
DA:187,1
DA:188,1
DA:189,0
DA:190,0
DA:191,0
DA:192,0
DA:193,0
DA:194,0
DA:195,0
DA:196,1
DA:197,1
DA:198,0
DA:199,0
DA:200,0
DA:201,0
DA:202,0
DA:203,0
DA:204,0
DA:205,0
DA:206,0
DA:207,0
DA:208,0
DA:209,0
DA:210,0
DA:211,1
DA:212,1
DA:213,0
DA:214,0
DA:215,0
DA:216,0
DA:217,0
DA:218,0
DA:219,0
LF:219
LH:184
BRF:0
BRH:0
end_of_record
TN:
SF:src/backend/bookingEngine.jsw
FN:13,generateBookingNumber
FN:35,hasOverlap
FN:48,getActiveFleetCountByCategoryKeys
FN:62,countOverlappingBookingsByCategoryKeys
FN:90,readPart
FN:95,getTimeZoneOffsetMs
FN:118,parseBusinessLocalDateTime
FN:138,athensHour
FN:144,deriveAgeFee
FN:151,toFiniteNumber
FN:156,cleanText
FN:160,buildVehicleCategoryDisplayName
FN:169,extractCategoryCode
FN:176,normalizeLocationCompare
FN:180,resolvePickupLocationFee
FN:199,vehicleCategoryImageUrl
FN:209,toImageArray
FN:222,uniqueImageList
FN:226,deriveFleetCategoryCode
FN:243,mapVehicleCategoryCatalogItem
FN:333,getVehicleCategoriesCatalog
FN:345,isVehicleCategoryActive
FN:350,findVehicleCategoryRecord
FN:375,getVehicleCategoryDetails
FN:382,buildFleetSpecs
FN:396,getFleetModelsPreview
FN:490,createBooking
FN:778,applyCalendarChange
FNF:28
FNH:21
FNDA:11,generateBookingNumber
FNDA:0,hasOverlap
FNDA:12,getActiveFleetCountByCategoryKeys
FNDA:12,countOverlappingBookingsByCategoryKeys
FNDA:564,readPart
FNDA:93,getTimeZoneOffsetMs
FNDA:52,parseBusinessLocalDateTime
FNDA:3,athensHour
FNDA:16,deriveAgeFee
FNDA:77,toFiniteNumber
FNDA:425,cleanText
FNDA:22,buildVehicleCategoryDisplayName
FNDA:27,extractCategoryCode
FNDA:22,normalizeLocationCompare
FNDA:22,resolvePickupLocationFee
FNDA:11,vehicleCategoryImageUrl
FNDA:66,toImageArray
FNDA:11,uniqueImageList
FNDA:41,deriveFleetCategoryCode
FNDA:11,mapVehicleCategoryCatalogItem
FNDA:0,getVehicleCategoriesCatalog
FNDA:11,isVehicleCategoryActive
FNDA:0,findVehicleCategoryRecord
FNDA:0,getVehicleCategoryDetails
FNDA:0,buildFleetSpecs
FNDA:0,getFleetModelsPreview
FNDA:22,createBooking
FNDA:0,applyCalendarChange
DA:1,1
DA:2,1
DA:3,1
DA:4,1
DA:5,1
DA:6,1
DA:7,1
DA:8,1
DA:9,1
DA:10,1
DA:11,1
DA:12,1
DA:13,11
DA:14,11
DA:15,11
DA:16,11
DA:17,11
DA:18,11
DA:19,11
DA:20,11
DA:21,11
DA:22,11
DA:23,11
DA:24,11
DA:25,0
DA:26,0
DA:27,0
DA:28,0
DA:29,11
DA:30,11
DA:31,11
DA:32,1
DA:33,1
DA:34,1
DA:35,0
DA:36,0
DA:37,0
DA:38,0
DA:39,0
DA:40,0
DA:41,0
DA:42,0
DA:43,0
DA:44,0
DA:45,0
DA:46,0
DA:47,1
DA:48,12
DA:49,12
DA:50,12
DA:51,24
DA:52,24
DA:53,24
DA:54,24
DA:55,24
DA:56,24
DA:57,24
DA:58,0
DA:59,0
DA:60,1
DA:61,1
DA:62,12
DA:63,12
DA:64,12
DA:65,12
DA:66,12
DA:67,12
DA:68,24
DA:69,24
DA:70,24
DA:71,24
DA:72,24
DA:73,24
DA:74,24
DA:75,24
DA:76,24
DA:77,24
DA:78,24
DA:79,6
DA:80,6
DA:81,6
DA:82,6
DA:83,24
DA:84,12
DA:85,12
DA:86,12
DA:87,1
DA:88,1
DA:89,1
DA:90,564
DA:91,564
DA:92,564
DA:93,564
DA:94,1
DA:95,1
DA:96,93
DA:97,93
DA:98,93
DA:99,93
DA:100,93
DA:101,93
DA:102,93
DA:103,93
DA:104,93
DA:105,93
DA:106,93
DA:107,93
DA:108,93
DA:109,93
DA:110,93
DA:111,93
DA:112,93
DA:113,93
DA:114,93
DA:115,93
DA:116,93
DA:117,1
DA:118,1
DA:119,52
DA:120,52
DA:121,47
DA:122,47
DA:123,47
DA:124,52
DA:125,45
DA:126,45
DA:127,45
DA:128,45
DA:129,45
DA:130,45
DA:131,45
DA:132,45
DA:133,2
DA:134,2
DA:135,52
DA:136,52
DA:137,1
DA:138,1
DA:139,3
DA:140,3
DA:141,3
DA:142,3
DA:143,1
DA:144,1
DA:145,16
DA:146,16
DA:147,16
DA:148,13
DA:149,13
DA:150,1
DA:151,77
DA:152,77
DA:153,77
DA:154,77
DA:155,1
DA:156,425
DA:157,425
DA:158,425
DA:159,1
DA:160,22
DA:161,22
DA:162,22
DA:163,22
DA:164,22
DA:165,22
DA:166,22
DA:167,22
DA:168,1
DA:169,1
DA:170,27
DA:171,27
DA:172,25
DA:173,27
DA:174,27
DA:175,1
DA:176,22
DA:177,22
DA:178,22
DA:179,1
DA:180,22
DA:181,22
DA:182,22
DA:183,22
DA:184,0
DA:185,0
DA:186,0
DA:187,0
DA:188,0
DA:189,0
DA:190,0
DA:191,22
DA:192,22
DA:193,1
DA:194,1
DA:195,1
DA:196,1
DA:197,1
DA:198,1
DA:199,11
DA:200,11
DA:201,11
DA:202,0
DA:203,0
DA:204,0
DA:205,0
DA:206,0
DA:207,0
DA:208,1
DA:209,66
DA:210,66
DA:211,0
DA:212,0
DA:213,0
DA:214,0
DA:215,0
DA:216,0
DA:217,0
DA:218,0
DA:219,66
DA:220,66
DA:221,1
DA:222,11
DA:223,11
DA:224,11
DA:225,1
DA:226,1
DA:227,41
DA:228,41
DA:229,3
DA:230,3
DA:231,16
DA:232,16
DA:233,16
DA:234,1
DA:235,1
DA:236,21
DA:237,41
DA:238,41
DA:239,16
DA:240,41
DA:241,41
DA:242,1
DA:243,11
DA:244,11
DA:245,11
DA:246,11
DA:247,11
DA:248,11
DA:249,11
DA:250,11
DA:251,0
DA:252,11
DA:253,11
DA:254,11
DA:255,11
DA:256,11
DA:257,11
DA:258,11
DA:259,11
DA:260,11
DA:261,11
DA:262,11
DA:263,11
DA:264,11
DA:265,11
DA:266,11
DA:267,11
DA:268,11
DA:269,11
DA:270,11
DA:271,11
DA:272,11
DA:273,11
DA:274,0
DA:275,11
DA:276,11
DA:277,11
DA:278,11
DA:279,11
DA:280,11
DA:281,11
DA:282,11
DA:283,11
DA:284,11
DA:285,11
DA:286,11
DA:287,11
DA:288,11
DA:289,11
DA:290,11
DA:291,11
DA:292,11
DA:293,11
DA:294,11
DA:295,11
DA:296,11
DA:297,11
DA:298,11
DA:299,11
DA:300,11
DA:301,11
DA:302,11
DA:303,11
DA:304,11
DA:305,11
DA:306,11
DA:307,11
DA:308,11
DA:309,11
DA:310,11
DA:311,11
DA:312,11
DA:313,11
DA:314,0
DA:315,11
DA:316,11
DA:317,11
DA:318,11
DA:319,11
DA:320,11
DA:321,11
DA:322,11
DA:323,11
DA:324,11
DA:325,11
DA:326,11
DA:327,11
DA:328,11
DA:329,11
DA:330,11
DA:331,11
DA:332,1
DA:333,1
DA:334,0
DA:335,0
DA:336,0
DA:337,0
DA:338,0
DA:339,0
DA:340,0
DA:341,0
DA:342,0
DA:343,1
DA:344,1
DA:345,11
DA:346,11
DA:347,11
DA:348,1
DA:349,1
DA:350,0
DA:351,0
DA:352,0
DA:353,0
DA:354,0
DA:355,0
DA:356,0
DA:357,0
DA:358,0
DA:359,0
DA:360,0
DA:361,0
DA:362,0
DA:363,0
DA:364,0
DA:365,0
DA:366,0
DA:367,0
DA:368,0
DA:369,0
DA:370,0
DA:371,0
DA:372,0
DA:373,1
DA:374,1
DA:375,1
DA:376,0
DA:377,0
DA:378,0
DA:379,0
DA:380,1
DA:381,1
DA:382,0
DA:383,0
DA:384,0
DA:385,0
DA:386,0
DA:387,0
DA:388,0
DA:389,0
DA:390,0
DA:391,0
DA:392,0
DA:393,0
DA:394,1
DA:395,1
DA:396,1
DA:397,0
DA:398,0
DA:399,0
DA:400,0
DA:401,0
DA:402,0
DA:403,0
DA:404,0
DA:405,0
DA:406,0
DA:407,0
DA:408,0
DA:409,0
DA:410,0
DA:411,0
DA:412,0
DA:413,0
DA:414,0
DA:415,0
DA:416,0
DA:417,0
DA:418,0
DA:419,0
DA:420,0
DA:421,0
DA:422,0
DA:423,0
DA:424,0
DA:425,0
DA:426,0
DA:427,0
DA:428,0
DA:429,0
DA:430,0
DA:431,0
DA:432,0
DA:433,0
DA:434,0
DA:435,0
DA:436,0
DA:437,0
DA:438,0
DA:439,0
DA:440,0
DA:441,0
DA:442,0
DA:443,0
DA:444,0
DA:445,0
DA:446,0
DA:447,0
DA:448,0
DA:449,0
DA:450,0
DA:451,0
DA:452,0
DA:453,0
DA:454,0
DA:455,0
DA:456,0
DA:457,0
DA:458,0
DA:459,0
DA:460,0
DA:461,0
DA:462,0
DA:463,0
DA:464,0
DA:465,0
DA:466,0
DA:467,0
DA:468,0
DA:469,0
DA:470,0
DA:471,0
DA:472,0
DA:473,0
DA:474,0
DA:475,0
DA:476,0
DA:477,0
DA:478,0
DA:479,0
DA:480,0
DA:481,0
DA:482,0
DA:483,0
DA:484,0
DA:485,0
DA:486,0
DA:487,0
DA:488,0
DA:489,1
DA:490,1
DA:491,22
DA:492,22
DA:493,22
DA:494,22
DA:495,22
DA:496,22
DA:497,22
DA:498,22
DA:499,22
DA:500,22
DA:501,22
DA:502,22
DA:503,22
DA:504,22
DA:505,22
DA:506,22
DA:507,22
DA:508,22
DA:509,22
DA:510,22
DA:511,22
DA:512,22
DA:513,22
DA:514,22
DA:515,22
DA:516,7
DA:517,7
DA:518,15
DA:519,15
DA:520,15
DA:521,22
DA:522,3
DA:523,3
DA:524,12
DA:525,12
DA:526,12
DA:527,12
DA:528,22
DA:529,0
DA:530,0
DA:531,12
DA:532,22
DA:533,22
DA:534,22
DA:535,22
DA:536,22
DA:537,22
DA:538,12
DA:539,12
DA:540,22
DA:541,1
DA:542,1
DA:543,11
DA:544,11
DA:545,22
DA:546,0
DA:547,0
DA:548,11
DA:549,11
DA:550,11
DA:551,11
DA:552,22
DA:553,22
DA:554,22
DA:555,22
DA:556,0
DA:557,22
DA:558,22
DA:559,22
DA:560,22
DA:561,22
DA:562,22
DA:563,22
DA:564,22
DA:565,22
DA:566,22
DA:567,22
DA:568,22
DA:569,22
DA:570,22
DA:571,22
DA:572,22
DA:573,22
DA:574,22
DA:575,22
DA:576,22
DA:577,22
DA:578,22
DA:579,22
DA:580,22
DA:581,22
DA:582,22
DA:583,22
DA:584,22
DA:585,0
DA:586,0
DA:587,0
DA:588,0
DA:589,0
DA:590,0
DA:591,0
DA:592,0
DA:593,0
DA:594,0
DA:595,0
DA:596,0
DA:597,0
DA:598,0
DA:599,11
DA:600,11
DA:601,11
DA:602,11
DA:603,11
DA:604,11
DA:605,11
DA:606,11
DA:607,22
DA:608,22
DA:609,22
DA:610,22
DA:611,22
DA:612,22
DA:613,22
DA:614,22
DA:615,22
DA:616,22
DA:617,22
DA:618,22
DA:619,22
DA:620,22
DA:621,22
DA:622,22
DA:623,22
DA:624,22
DA:625,22
DA:626,22
DA:627,22
DA:628,22
DA:629,22
DA:630,22
DA:631,22
DA:632,22
DA:633,22
DA:634,22
DA:635,22
DA:636,22
DA:637,22
DA:638,22
DA:639,22
DA:640,22
DA:641,22
DA:642,22
DA:643,22
DA:644,22
DA:645,22
DA:646,22
DA:647,22
DA:648,22
DA:649,22
DA:650,22
DA:651,22
DA:652,22
DA:653,22
DA:654,22
DA:655,22
DA:656,22
DA:657,22
DA:658,22
DA:659,22
DA:660,22
DA:661,22
DA:662,22
DA:663,22
DA:664,22
DA:665,22
DA:666,22
DA:667,22
DA:668,22
DA:669,22
DA:670,22
DA:671,22
DA:672,22
DA:673,22
DA:674,22
DA:675,22
DA:676,22
DA:677,22
DA:678,22
DA:679,22
DA:680,22
DA:681,22
DA:682,22
DA:683,22
DA:684,22
DA:685,22
DA:686,22
DA:687,22
DA:688,22
DA:689,22
DA:690,22
DA:691,22
DA:692,22
DA:693,22
DA:694,22
DA:695,22
DA:696,22
DA:697,22
DA:698,22
DA:699,22
DA:700,22
DA:701,22
DA:702,22
DA:703,22
DA:704,22
DA:705,22
DA:706,22
DA:707,22
DA:708,22
DA:709,22
DA:710,22
DA:711,22
DA:712,22
DA:713,22
DA:714,22
DA:715,22
DA:716,22
DA:717,22
DA:718,22
DA:719,22
DA:720,22
DA:721,22
DA:722,22
DA:723,22
DA:724,22
DA:725,22
DA:726,22
DA:727,22
DA:728,22
DA:729,22
DA:730,22
DA:731,22
DA:732,22
DA:733,22
DA:734,22
DA:735,22
DA:736,22
DA:737,22
DA:738,22
DA:739,22
DA:740,22
DA:741,22
DA:742,22
DA:743,22
DA:744,22
DA:745,22
DA:746,22
DA:747,22
DA:748,22
DA:749,22
DA:750,22
DA:751,22
DA:752,22
DA:753,22
DA:754,22
DA:755,22
DA:756,22
DA:757,22
DA:758,22
DA:759,22
DA:760,22
DA:761,22
DA:762,22
DA:763,22
DA:764,22
DA:765,22
DA:766,22
DA:767,22
DA:768,11
DA:769,11
DA:770,22
DA:771,0
DA:772,0
DA:773,22
DA:774,1
DA:775,1
DA:776,1
DA:777,1
DA:778,1
DA:779,0
DA:780,0
DA:781,0
DA:782,0
DA:783,0
DA:784,0
DA:785,0
DA:786,0
DA:787,0
DA:788,0
DA:789,0
DA:790,0
DA:791,0
DA:792,0
DA:793,0
DA:794,0
DA:795,0
DA:796,0
DA:797,0
DA:798,0
DA:799,0
DA:800,0
DA:801,0
DA:802,0
DA:803,0
DA:804,0
DA:805,0
DA:806,0
DA:807,0
DA:808,0
DA:809,0
DA:810,0
DA:811,0
DA:812,0
DA:813,0
DA:814,0
DA:815,0
DA:816,0
DA:817,0
DA:818,0
DA:819,0
DA:820,0
DA:821,0
DA:822,0
DA:823,0
DA:824,0
DA:825,0
DA:826,0
DA:827,0
DA:828,0
DA:829,0
DA:830,0
DA:831,0
DA:832,0
DA:833,0
DA:834,0
DA:835,0
DA:836,0
DA:837,0
DA:838,0
LF:838
LH:575
BRDA:13,0,0,11
BRDA:24,1,0,0
BRDA:24,2,0,0
BRDA:48,3,0,12
BRDA:49,4,0,0
BRDA:50,5,0,24
BRDA:56,6,0,0
BRDA:56,7,0,12
BRDA:57,8,0,0
BRDA:49,9,0,36
BRDA:49,10,0,0
BRDA:62,11,0,12
BRDA:63,12,0,0
BRDA:67,13,0,24
BRDA:75,14,0,0
BRDA:78,15,0,0
BRDA:78,16,0,6
BRDA:79,17,0,0
BRDA:63,18,0,36
BRDA:63,19,0,0
BRDA:90,20,0,564
BRDA:91,21,0,0
BRDA:92,22,0,0
BRDA:91,23,0,3360
BRDA:95,24,0,93
BRDA:118,25,0,52
BRDA:119,26,0,3
BRDA:119,27,0,3
BRDA:119,28,0,49
BRDA:120,29,0,2
BRDA:120,30,0,1
BRDA:120,31,0,1
BRDA:120,32,0,47
BRDA:124,33,0,45
BRDA:130,34,0,3
BRDA:131,35,0,0
BRDA:132,36,0,2
BRDA:135,37,0,0
BRDA:138,38,0,3
BRDA:144,39,0,16
BRDA:145,40,0,2
BRDA:146,41,0,2
BRDA:146,42,0,14
BRDA:147,43,0,1
BRDA:147,44,0,13
BRDA:151,45,0,77
BRDA:153,46,0,66
BRDA:153,47,0,11
BRDA:156,48,0,425
BRDA:157,49,0,23
BRDA:160,50,0,22
BRDA:164,51,0,0
BRDA:165,52,0,0
BRDA:166,53,0,0
BRDA:169,54,0,27
BRDA:171,55,0,2
BRDA:171,56,0,25
BRDA:173,57,0,2
BRDA:173,58,0,23
BRDA:176,59,0,22
BRDA:180,60,0,22
BRDA:181,61,0,0
BRDA:183,62,0,0
BRDA:199,63,0,11
BRDA:201,64,0,0
BRDA:209,65,0,66
BRDA:210,66,0,0
BRDA:219,67,0,0
BRDA:222,68,0,11
BRDA:223,69,0,0
BRDA:226,70,0,41
BRDA:227,71,0,17
BRDA:227,72,0,24
BRDA:228,73,0,3
BRDA:230,74,0,16
BRDA:232,75,0,2
BRDA:233,76,0,1
BRDA:235,77,0,21
BRDA:237,78,0,0
BRDA:237,79,0,21
BRDA:238,80,0,5
BRDA:238,81,0,16
BRDA:240,82,0,13
BRDA:240,83,0,3
BRDA:243,84,0,11
BRDA:245,85,0,0
BRDA:246,86,0,0
BRDA:247,87,0,0
BRDA:248,88,0,0
BRDA:249,89,0,0
BRDA:250,90,0,0
BRDA:254,91,0,0
BRDA:255,92,0,0
BRDA:256,93,0,0
BRDA:257,94,0,0
BRDA:258,95,0,0
BRDA:259,96,0,0
BRDA:260,97,0,0
BRDA:261,98,0,0
BRDA:262,99,0,0
BRDA:263,100,0,0
BRDA:264,101,0,0
BRDA:265,102,0,0
BRDA:266,103,0,0
BRDA:267,104,0,0
BRDA:268,105,0,0
BRDA:269,106,0,0
BRDA:270,107,0,0
BRDA:271,108,0,0
BRDA:272,109,0,0
BRDA:273,110,0,0
BRDA:287,111,0,0
BRDA:288,112,0,0
BRDA:290,113,0,0
BRDA:294,114,0,0
BRDA:294,115,0,0
BRDA:301,116,0,0
BRDA:302,117,0,0
BRDA:303,118,0,0
BRDA:304,119,0,0
BRDA:305,120,0,0
BRDA:306,121,0,0
BRDA:307,122,0,0
BRDA:308,123,0,0
BRDA:309,124,0,0
BRDA:310,125,0,0
BRDA:311,126,0,0
BRDA:312,127,0,0
BRDA:313,128,0,0
BRDA:315,129,0,0
BRDA:316,130,0,0
BRDA:318,131,0,0
BRDA:318,132,0,0
BRDA:345,133,0,11
BRDA:346,134,0,0
BRDA:346,135,0,0
BRDA:490,136,0,22
BRDA:513,137,0,0
BRDA:515,138,0,21
BRDA:515,139,0,20
BRDA:515,140,0,19
BRDA:515,141,0,18
BRDA:515,142,0,17
BRDA:515,143,0,16
BRDA:515,144,0,7
BRDA:517,145,0,15
BRDA:521,146,0,14
BRDA:521,147,0,14
BRDA:521,148,0,14
BRDA:521,149,0,14
BRDA:521,150,0,3
BRDA:523,151,0,12
BRDA:528,152,0,0
BRDA:530,153,0,12
BRDA:532,154,0,0
BRDA:533,155,0,12
BRDA:537,156,0,12
BRDA:540,157,0,2
BRDA:540,158,0,1
BRDA:542,159,0,11
BRDA:545,160,0,0
BRDA:547,161,0,11
BRDA:552,162,0,11
BRDA:552,163,0,0
BRDA:552,164,0,0
BRDA:553,165,0,0
BRDA:554,166,0,0
BRDA:555,167,0,0
BRDA:562,168,0,11
BRDA:562,169,0,0
BRDA:563,170,0,11
BRDA:563,171,0,0
BRDA:573,172,0,11
BRDA:575,173,0,0
BRDA:578,174,0,11
BRDA:578,175,0,0
BRDA:584,176,0,0
BRDA:598,177,0,11
BRDA:607,178,0,0
BRDA:610,179,0,11
BRDA:613,180,0,11
BRDA:613,181,0,0
BRDA:613,182,0,11
BRDA:613,183,0,0
BRDA:613,184,0,11
BRDA:616,185,0,11
BRDA:635,186,0,11
BRDA:636,187,0,11
BRDA:638,188,0,0
BRDA:638,189,0,11
BRDA:639,190,0,0
BRDA:639,191,0,11
BRDA:639,192,0,11
BRDA:639,193,0,11
BRDA:639,194,0,11
BRDA:641,195,0,11
BRDA:642,196,0,0
BRDA:642,197,0,11
BRDA:643,198,0,0
BRDA:643,199,0,11
BRDA:644,200,0,0
BRDA:644,201,0,11
BRDA:645,202,0,0
BRDA:645,203,0,11
BRDA:648,204,0,0
BRDA:648,205,0,11
BRDA:649,206,0,0
BRDA:649,207,0,11
BRDA:649,208,0,11
BRDA:653,209,0,11
BRDA:654,210,0,0
BRDA:654,211,0,11
BRDA:655,212,0,0
BRDA:655,213,0,11
BRDA:656,214,0,0
BRDA:656,215,0,11
BRDA:657,216,0,0
BRDA:657,217,0,11
BRDA:658,218,0,0
BRDA:658,219,0,11
BRDA:659,220,0,0
BRDA:659,221,0,11
BRDA:660,222,0,0
BRDA:660,223,0,11
BRDA:661,224,0,0
BRDA:661,225,0,11
BRDA:662,226,0,0
BRDA:662,227,0,11
BRDA:663,228,0,0
BRDA:663,229,0,11
BRDA:664,230,0,0
BRDA:664,231,0,11
BRDA:665,232,0,0
BRDA:666,233,0,0
BRDA:675,234,0,0
BRDA:677,235,0,0
BRDA:677,236,0,0
BRDA:678,237,0,0
BRDA:678,238,0,0
BRDA:679,239,0,11
BRDA:679,240,0,11
BRDA:694,241,0,11
BRDA:694,242,0,0
BRDA:695,243,0,0
BRDA:695,244,0,11
BRDA:696,245,0,0
BRDA:696,246,0,11
BRDA:702,247,0,11
BRDA:702,248,0,0
BRDA:703,249,0,11
BRDA:703,250,0,0
BRDA:703,251,0,11
BRDA:704,252,0,11
BRDA:704,253,0,0
BRDA:704,254,0,11
BRDA:705,255,0,11
BRDA:705,256,0,0
BRDA:705,257,0,11
BRDA:706,258,0,11
BRDA:706,259,0,0
BRDA:706,260,0,11
BRDA:736,261,0,11
BRDA:737,262,0,0
BRDA:737,263,0,11
BRDA:738,264,0,0
BRDA:738,265,0,11
BRDA:739,266,0,0
BRDA:739,267,0,11
BRDA:744,268,0,11
BRDA:746,269,0,11
BRDA:746,270,0,11
BRDA:767,271,0,11
BRDA:770,272,0,0
BRF:273
BRH:143
end_of_record
TN:
SF:src/backend/bookingTotals.js
FN:7,toFiniteNumber
FN:12,round2
FN:24,computeBookingTotals
FNF:3
FNH:3
FNDA:309,toFiniteNumber
FNDA:278,round2
FNDA:31,computeBookingTotals
DA:1,1
DA:2,1
DA:3,1
DA:4,1
DA:5,1
DA:6,1
DA:7,309
DA:8,309
DA:9,309
DA:10,309
DA:11,1
DA:12,278
DA:13,278
DA:14,278
DA:15,1
DA:16,1
DA:17,1
DA:18,1
DA:19,1
DA:20,1
DA:21,1
DA:22,1
DA:23,1
DA:24,1
DA:25,31
DA:26,31
DA:27,31
DA:28,31
DA:29,31
DA:30,31
DA:31,31
DA:32,31
DA:33,31
DA:34,31
DA:35,31
DA:36,31
DA:37,31
DA:38,31
DA:39,31
DA:40,31
DA:41,31
DA:42,31
DA:43,31
DA:44,31
DA:45,31
DA:46,31
DA:47,31
DA:48,31
DA:49,31
DA:50,31
DA:51,31
DA:52,31
DA:53,31
DA:54,31
DA:55,31
DA:56,31
DA:57,31
DA:58,31
DA:59,31
DA:60,31
LF:60
LH:60
BRDA:7,0,0,309
BRDA:9,1,0,307
BRDA:9,2,0,2
BRDA:12,3,0,278
BRDA:24,4,0,31
BRDA:46,5,0,1
BRDA:46,6,0,30
BRF:7
BRH:7
end_of_record
TN:
SF:src/backend/cryptoUtils.js
FN:10,getCrypto
FN:26,fallbackHash
FN:44,sha256
FN:56,randomHex
FN:72,safeEqual
FNF:5
FNH:4
FNDA:630,getCrypto
FNDA:0,fallbackHash
FNDA:203,sha256
FNDA:190,randomHex
FNDA:61,safeEqual
DA:1,1
DA:2,1
DA:3,1
DA:4,1
DA:5,1
DA:6,1
DA:7,1
DA:8,1
DA:9,1
DA:10,1
DA:11,630
DA:12,6
DA:13,6
DA:14,630
DA:15,630
DA:16,0
DA:17,0
DA:18,6
DA:19,6
DA:20,1
DA:21,1
DA:22,1
DA:23,1
DA:24,1
DA:25,1
DA:26,1
DA:27,0
DA:28,0
DA:29,0
DA:30,0
DA:31,0
DA:32,0
DA:33,0
DA:34,0
DA:35,0
DA:36,0
DA:37,0
DA:38,0
DA:39,0
DA:40,0
DA:41,0
DA:42,1
DA:43,1
DA:44,1
DA:45,203
DA:46,203
DA:47,203
DA:48,203
DA:49,1
DA:50,1
DA:51,1
DA:52,1
DA:53,1
DA:54,1
DA:55,1
DA:56,1
DA:57,190
DA:58,190
DA:59,0
DA:60,0
DA:61,0
DA:62,0
DA:63,0
DA:64,0
DA:65,1
DA:66,1
DA:67,1
DA:68,1
DA:69,1
DA:70,1
DA:71,1
DA:72,1
DA:73,61
DA:74,61
DA:75,61
DA:76,61
DA:77,61
DA:78,61
DA:79,61
DA:80,61
DA:81,59
DA:82,61
DA:83,61
DA:84,0
DA:85,0
DA:86,0
DA:87,0
DA:88,0
DA:89,0
DA:90,0
DA:91,0
DA:92,0
DA:93,0
LF:93
LH:60
BRDA:10,0,0,630
BRDA:11,1,0,624
BRDA:11,2,0,6
BRDA:14,3,0,0
BRDA:15,4,0,0
BRDA:17,5,0,6
BRDA:44,6,0,203
BRDA:46,7,0,0
BRDA:46,8,0,0
BRDA:56,9,0,190
BRDA:58,10,0,0
BRDA:72,11,0,61
BRDA:73,12,0,1
BRDA:74,13,0,1
BRDA:80,14,0,60
BRDA:80,15,0,59
BRDA:80,16,0,2
BRDA:82,17,0,0
BRDA:83,18,0,0
BRF:19
BRH:12
end_of_record
TN:
SF:src/backend/fleetCalendar.jsw
FN:72,_safeText
FN:76,extractCode
FN:82,_has
FN:86,_pickKey
FN:93,_isPublishStatusValue
FN:98,ensureFieldMapping
FN:162,getFleetMetaById
FN:187,iso
FN:192,toDate
FN:199,asId
FN:206,refId
FN:214,isOpaqueCategoryId
FN:218,catCode
FN:235,fleetCatCode
FN:240,catLabel
FN:248,yesNo
FN:256,renderCategoryHeader
FN:260,renderVehicleRow
FN:278,isNonRevenueBooking
FN:294,getFleetCalendarData
FN:323,moveBookingVehicleOnly
FN:382,confirmAndAutoAssign
FN:450,acknowledgeUnassignedInRange
FN:482,fetchFleet
FN:492,fetchBookingsInRange
FN:513,buildGroups
FN:607,buildItems
FN:702,buildHeatmap
FNF:28
FNH:17
FNDA:0,_safeText
FNDA:0,extractCode
FNDA:65,_has
FNDA:26,_pickKey
FNDA:1,_isPublishStatusValue
FNDA:28,ensureFieldMapping
FNDA:9,getFleetMetaById
FNDA:26,iso
FNDA:52,toDate
FNDA:32,asId
FNDA:28,refId
FNDA:45,isOpaqueCategoryId
FNDA:44,catCode
FNDA:3,fleetCatCode
FNDA:0,catLabel
FNDA:0,yesNo
FNDA:0,renderCategoryHeader
FNDA:0,renderVehicleRow
FNDA:16,isNonRevenueBooking
FNDA:0,getFleetCalendarData
FNDA:18,moveBookingVehicleOnly
FNDA:10,confirmAndAutoAssign
FNDA:0,acknowledgeUnassignedInRange
FNDA:4,fetchFleet
FNDA:0,fetchBookingsInRange
FNDA:0,buildGroups
FNDA:0,buildItems
FNDA:19,buildHeatmap
DA:1,1
DA:2,1
DA:3,1
DA:4,1
DA:5,1
DA:6,1
DA:7,1
DA:8,1
DA:9,1
DA:10,1
DA:11,1
DA:12,1
DA:13,1
DA:14,1
DA:15,1
DA:16,1
DA:17,1
DA:18,1
DA:19,1
DA:20,1
DA:21,1
DA:22,1
DA:23,1
DA:24,1
DA:25,1
DA:26,1
DA:27,1
DA:28,1
DA:29,1
DA:30,1
DA:31,1
DA:32,1
DA:33,1
DA:34,1
DA:35,1
DA:36,1
DA:37,1
DA:38,1
DA:39,1
DA:40,1
DA:41,1
DA:42,1
DA:43,1
DA:44,1
DA:45,1
DA:46,1
DA:47,1
DA:48,1
DA:49,1
DA:50,1
DA:51,1
DA:52,1
DA:53,1
DA:54,1
DA:55,1
DA:56,1
DA:57,1
DA:58,1
DA:59,1
DA:60,1
DA:61,1
DA:62,1
DA:63,1
DA:64,1
DA:65,1
DA:66,1
DA:67,1
DA:68,1
DA:69,1
DA:70,1
DA:71,1
DA:72,0
DA:73,0
DA:74,0
DA:75,1
DA:76,0
DA:77,0
DA:78,0
DA:79,0
DA:80,0
DA:81,1
DA:82,65
DA:83,65
DA:84,65
DA:85,1
DA:86,26
DA:87,26
DA:88,64
DA:89,64
DA:90,14
DA:91,14
DA:92,1
DA:93,1
DA:94,1
DA:95,1
DA:96,1
DA:97,1
DA:98,28
DA:99,28
DA:100,1
DA:101,1
DA:102,1
DA:103,1
DA:104,28
DA:105,28
DA:106,28
DA:107,28
DA:108,28
DA:109,28
DA:110,28
DA:111,1
DA:112,1
DA:113,1
DA:114,1
DA:115,1
DA:116,1
DA:117,1
DA:118,1
DA:119,1
DA:120,1
DA:121,1
DA:122,1
DA:123,1
DA:124,1
DA:125,1
DA:126,1
DA:127,1
DA:128,1
DA:129,1
DA:130,1
DA:131,1
DA:132,1
DA:133,1
DA:134,28
DA:135,0
DA:136,1
DA:137,1
DA:138,1
DA:139,1
DA:140,1
DA:141,28
DA:142,28
DA:143,28
DA:144,28
DA:145,28
DA:146,28
DA:147,28
DA:148,28
DA:149,28
DA:150,28
DA:151,28
DA:152,28
DA:153,28
DA:154,28
DA:155,28
DA:156,0
DA:157,1
DA:158,1
DA:159,1
DA:160,1
DA:161,1
DA:162,9
DA:163,9
DA:164,9
DA:165,9
DA:166,9
DA:167,9
DA:168,9
DA:169,9
DA:170,9
DA:171,9
DA:172,9
DA:173,9
DA:174,9
DA:175,9
DA:176,9
DA:177,9
DA:178,0
DA:179,0
DA:180,9
DA:181,1
DA:182,1
DA:183,1
DA:184,1
DA:185,1
DA:186,1
DA:187,26
DA:188,26
DA:189,26
DA:190,26
DA:191,1
DA:192,52
DA:193,52
DA:194,52
DA:195,24
DA:196,52
DA:197,52
DA:198,1
DA:199,1
DA:200,32
DA:201,28
DA:202,3
DA:203,0
DA:204,0
DA:205,1
DA:206,1
DA:207,28
DA:208,28
DA:209,24
DA:210,28
DA:211,19
DA:212,19
DA:213,1
DA:214,1
DA:215,45
DA:216,45
DA:217,45
DA:218,1
DA:219,44
DA:220,40
DA:221,44
DA:222,44
DA:223,2
DA:224,2
DA:225,2
DA:226,44
DA:227,44
DA:228,37
DA:229,37
DA:230,44
DA:231,44
DA:232,44
DA:233,1
DA:234,1
DA:235,1
DA:236,3
DA:237,3
DA:238,1
DA:239,1
DA:240,0
DA:241,0
DA:242,0
DA:243,0
DA:244,0
DA:245,0
DA:246,1
DA:247,1
DA:248,0
DA:249,0
DA:250,0
DA:251,0
DA:252,0
DA:253,0
DA:254,0
DA:255,1
DA:256,0
DA:257,0
DA:258,0
DA:259,1
DA:260,0
DA:261,0
DA:262,0
DA:263,0
DA:264,0
DA:265,0
DA:266,0
DA:267,0
DA:268,0
DA:269,0
DA:270,0
DA:271,0
DA:272,0
DA:273,0
DA:274,0
DA:275,0
DA:276,1
DA:277,1
DA:278,1
DA:279,16
DA:280,16
DA:281,16
DA:282,16
DA:283,16
DA:284,1
DA:285,1
DA:286,1
DA:287,1
DA:288,1
DA:289,1
DA:290,1
DA:291,1
DA:292,1
DA:293,1
DA:294,1
DA:295,0
DA:296,0
DA:297,0
DA:298,0
DA:299,0
DA:300,0
DA:301,0
DA:302,0
DA:303,0
DA:304,0
DA:305,0
DA:306,0
DA:307,0
DA:308,0
DA:309,0
DA:310,0
DA:311,0
DA:312,0
DA:313,0
DA:314,0
DA:315,0
DA:316,0
DA:317,1
DA:318,1
DA:319,1
DA:320,1
DA:321,1
DA:322,1
DA:323,1
DA:324,18
DA:325,15
DA:326,15
DA:327,18
DA:328,18
DA:329,13
DA:330,13
DA:331,18
DA:332,18
DA:333,18
DA:334,2
DA:335,2
DA:336,10
DA:337,18
DA:338,9
DA:339,18
DA:340,18
DA:341,18
DA:342,8
DA:343,8
DA:344,8
DA:345,18
DA:346,7
DA:347,7
DA:348,7
DA:349,7
DA:350,7
DA:351,7
DA:352,7
DA:353,7
DA:354,7
DA:355,7
DA:356,7
DA:357,6
DA:358,6
DA:359,6
DA:360,6
DA:361,6
DA:362,6
DA:363,6
DA:364,6
DA:365,18
DA:366,1
DA:367,1
DA:368,1
DA:369,1
DA:370,1
DA:371,1
DA:372,7
DA:373,7
DA:374,18
DA:375,18
DA:376,1
DA:377,1
DA:378,1
DA:379,1
DA:380,1
DA:381,1
DA:382,1
DA:383,10
DA:384,9
DA:385,9
DA:386,10
DA:387,8
DA:388,8
DA:389,10
DA:390,7
DA:391,7
DA:392,7
DA:393,10
DA:394,10
DA:395,10
DA:396,1
DA:397,1
DA:398,10
DA:399,1
DA:400,1
DA:401,10
DA:402,4
DA:403,4
DA:404,5
DA:405,10
DA:406,4
DA:407,10
DA:408,10
DA:409,10
DA:410,10
DA:411,10
DA:412,4
DA:413,4
DA:414,10
DA:415,8
DA:416,8
DA:417,10
DA:418,10
DA:419,10
DA:420,6
DA:421,6
DA:422,6
DA:423,6
DA:424,6
DA:425,6
DA:426,6
DA:427,6
DA:428,6
DA:429,6
DA:430,3
DA:431,3
DA:432,3
DA:433,3
DA:434,3
DA:435,3
DA:436,3
DA:437,3
DA:438,3
DA:439,3
DA:440,3
DA:441,6
DA:442,1
DA:443,1
DA:444,1
DA:445,1
DA:446,1
DA:447,1
DA:448,1
DA:449,1
DA:450,1
DA:451,0
DA:452,0
DA:453,0
DA:454,0
DA:455,0
DA:456,0
DA:457,0
DA:458,0
DA:459,0
DA:460,0
DA:461,0
DA:462,0
DA:463,0
DA:464,0
DA:465,0
DA:466,0
DA:467,0
DA:468,0
DA:469,0
DA:470,0
DA:471,0
DA:472,0
DA:473,0
DA:474,0
DA:475,1
DA:476,1
DA:477,1
DA:478,1
DA:479,1
DA:480,1
DA:481,1
DA:482,4
DA:483,4
DA:484,4
DA:485,4
DA:486,4
DA:487,4
DA:488,4
DA:489,4
DA:490,4
DA:491,1
DA:492,0
DA:493,0
DA:494,0
DA:495,0
DA:496,0
DA:497,0
DA:498,0
DA:499,0
DA:500,0
DA:501,0
DA:502,0
DA:503,0
DA:504,0
DA:505,0
DA:506,0
DA:507,1
DA:508,1
DA:509,1
DA:510,1
DA:511,1
DA:512,1
DA:513,0
DA:514,0
DA:515,0
DA:516,0
DA:517,0
DA:518,0
DA:519,0
DA:520,0
DA:521,0
DA:522,0
DA:523,0
DA:524,0
DA:525,0
DA:526,0
DA:527,0
DA:528,0
DA:529,0
DA:530,0
DA:531,0
DA:532,0
DA:533,0
DA:534,0
DA:535,0
DA:536,0
DA:537,0
DA:538,0
DA:539,0
DA:540,0
DA:541,0
DA:542,0
DA:543,0
DA:544,0
DA:545,0
DA:546,0
DA:547,0
DA:548,0
DA:549,0
DA:550,0
DA:551,0
DA:552,0
DA:553,0
DA:554,0
DA:555,0
DA:556,0
DA:557,0
DA:558,0
DA:559,0
DA:560,0
DA:561,0
DA:562,0
DA:563,0
DA:564,0
DA:565,0
DA:566,0
DA:567,0
DA:568,0
DA:569,0
DA:570,0
DA:571,0
DA:572,0
DA:573,0
DA:574,0
DA:575,0
DA:576,0
DA:577,0
DA:578,0
DA:579,0
DA:580,0
DA:581,0
DA:582,0
DA:583,0
DA:584,0
DA:585,0
DA:586,0
DA:587,0
DA:588,0
DA:589,0
DA:590,0
DA:591,0
DA:592,0
DA:593,0
DA:594,0
DA:595,0
DA:596,0
DA:597,0
DA:598,0
DA:599,0
DA:600,0
DA:601,0
DA:602,0
DA:603,0
DA:604,0
DA:605,0
DA:606,1
DA:607,0
DA:608,0
DA:609,0
DA:610,0
DA:611,0
DA:612,0
DA:613,0
DA:614,0
DA:615,0
DA:616,0
DA:617,0
DA:618,0
DA:619,0
DA:620,0
DA:621,0
DA:622,0
DA:623,0
DA:624,0
DA:625,0
DA:626,0
DA:627,0
DA:628,0
DA:629,0
DA:630,0
DA:631,0
DA:632,0
DA:633,0
DA:634,0
DA:635,0
DA:636,0
DA:637,0
DA:638,0
DA:639,0
DA:640,0
DA:641,0
DA:642,0
DA:643,0
DA:644,0
DA:645,0
DA:646,0
DA:647,0
DA:648,0
DA:649,0
DA:650,0
DA:651,0
DA:652,0
DA:653,0
DA:654,0
DA:655,0
DA:656,0
DA:657,0
DA:658,0
DA:659,0
DA:660,0
DA:661,0
DA:662,0
DA:663,0
DA:664,0
DA:665,0
DA:666,0
DA:667,0
DA:668,0
DA:669,0
DA:670,0
DA:671,0
DA:672,0
DA:673,0
DA:674,0
DA:675,0
DA:676,0
DA:677,0
DA:678,0
DA:679,0
DA:680,0
DA:681,0
DA:682,0
DA:683,0
DA:684,0
DA:685,0
DA:686,0
DA:687,0
DA:688,0
DA:689,0
DA:690,0
DA:691,0
DA:692,0
DA:693,0
DA:694,0
DA:695,0
DA:696,0
DA:697,0
DA:698,0
DA:699,1
DA:700,1
DA:701,1
DA:702,1
DA:703,19
DA:704,19
DA:705,19
DA:706,19
DA:707,19
DA:708,19
DA:709,19
DA:710,19
DA:711,19
DA:712,19
DA:713,14
DA:714,14
DA:715,13
DA:716,13
DA:717,13
DA:718,13
DA:719,13
DA:720,13
DA:721,13
DA:722,14
DA:723,13
DA:724,19
DA:725,19
DA:726,19
LF:726
LH:434
BRDA:82,0,0,65
BRDA:86,1,0,26
BRDA:87,2,0,64
BRDA:88,3,0,12
BRDA:89,4,0,14
BRDA:93,5,0,1
BRDA:94,6,0,0
BRDA:98,7,0,28
BRDA:99,8,0,27
BRDA:99,9,0,1
BRDA:104,10,0,0
BRDA:108,11,0,1
BRDA:108,12,0,1
BRDA:109,13,0,0
BRDA:109,14,0,0
BRDA:109,15,0,0
BRDA:109,16,0,1
BRDA:110,17,0,0
BRDA:110,18,0,1
BRDA:134,19,0,0
BRDA:135,20,0,1
BRDA:141,21,0,0
BRDA:155,22,0,0
BRDA:156,23,0,1
BRDA:162,24,0,9
BRDA:164,25,0,0
BRDA:167,26,0,0
BRDA:168,27,0,0
BRDA:168,28,0,0
BRDA:169,29,0,0
BRDA:169,30,0,0
BRDA:170,31,0,0
BRDA:170,32,0,0
BRDA:174,33,0,0
BRDA:174,34,0,0
BRDA:177,35,0,0
BRDA:187,36,0,26
BRDA:189,37,0,0
BRDA:192,38,0,52
BRDA:193,39,0,2
BRDA:193,40,0,50
BRDA:194,41,0,26
BRDA:194,42,0,24
BRDA:196,43,0,0
BRDA:196,44,0,24
BRDA:199,45,0,32
BRDA:200,46,0,5
BRDA:200,47,0,28
BRDA:200,48,0,27
BRDA:201,49,0,24
BRDA:201,50,0,10
BRDA:201,51,0,3
BRDA:202,52,0,1
BRDA:202,53,0,0
BRDA:202,54,0,0
BRDA:202,55,0,0
BRDA:202,56,0,0
BRDA:206,57,0,28
BRDA:208,58,0,4
BRDA:208,59,0,24
BRDA:210,60,0,21
BRDA:210,61,0,20
BRDA:210,62,0,5
BRDA:210,63,0,19
BRDA:214,64,0,45
BRDA:215,65,0,0
BRDA:216,66,0,42
BRDA:216,67,0,2
BRDA:218,68,0,44
BRDA:219,69,0,4
BRDA:219,70,0,40
BRDA:221,71,0,1
BRDA:221,72,0,40
BRDA:222,73,0,2
BRDA:224,74,0,1
BRDA:224,75,0,1
BRDA:224,76,0,0
BRDA:224,77,0,0
BRDA:224,78,0,0
BRDA:224,79,0,0
BRDA:224,80,0,0
BRDA:225,81,0,40
BRDA:226,82,0,0
BRDA:227,83,0,40
BRDA:227,84,0,3
BRDA:227,85,0,37
BRDA:230,86,0,0
BRDA:235,87,0,3
BRDA:236,88,0,2
BRDA:278,89,0,16
BRDA:280,90,0,3
BRDA:281,91,0,3
BRDA:282,92,0,14
BRDA:282,93,0,13
BRDA:282,94,0,12
BRDA:323,95,0,18
BRDA:324,96,0,15
BRDA:327,97,0,2
BRDA:328,98,0,14
BRDA:328,99,0,13
BRDA:328,100,0,13
BRDA:328,101,0,2
BRDA:328,102,0,13
BRDA:331,103,0,1
BRDA:331,104,0,12
BRDA:332,105,0,10
BRDA:333,106,0,11
BRDA:333,107,0,2
BRDA:335,108,0,10
BRDA:337,109,0,1
BRDA:337,110,0,9
BRDA:340,111,0,9
BRDA:341,112,0,8
BRDA:341,113,0,1
BRDA:341,114,0,8
BRDA:345,115,0,7
BRDA:356,116,0,0
BRDA:356,117,0,1
BRDA:356,118,0,6
BRDA:360,119,0,0
BRDA:361,120,0,0
BRDA:362,121,0,0
BRDA:363,122,0,0
BRDA:365,123,0,1
BRDA:371,124,0,7
BRDA:374,125,0,1
BRDA:382,126,0,10
BRDA:383,127,0,9
BRDA:386,128,0,1
BRDA:386,129,0,8
BRDA:389,130,0,1
BRDA:389,131,0,7
BRDA:393,132,0,0
BRDA:395,133,0,6
BRDA:395,134,0,1
BRDA:397,135,0,6
BRDA:398,136,0,2
BRDA:398,137,0,1
BRDA:400,138,0,5
BRDA:401,139,0,4
BRDA:403,140,0,5
BRDA:405,141,0,1
BRDA:405,142,0,4
BRDA:408,143,0,4
BRDA:409,144,0,4
BRDA:409,145,0,0
BRDA:409,146,0,0
BRDA:411,147,0,4
BRDA:411,148,0,0
BRDA:411,149,0,4
BRDA:414,150,0,0
BRDA:419,151,0,6
BRDA:429,152,0,0
BRDA:429,153,0,3
BRDA:433,154,0,0
BRDA:434,155,0,0
BRDA:435,156,0,0
BRDA:436,157,0,0
BRDA:441,158,0,1
BRDA:414,159,0,8
BRDA:416,160,0,0
BRDA:482,161,0,4
BRDA:487,162,0,0
BRDA:489,163,0,0
BRDA:702,164,0,19
BRDA:706,165,0,1
BRDA:710,166,0,34
BRDA:712,167,0,1
BRDA:712,168,0,14
BRDA:713,169,0,0
BRDA:714,170,0,1
BRDA:714,171,0,13
BRDA:722,172,0,20
BRDA:722,173,0,13
BRDA:706,174,0,34
BRDA:706,175,0,0
BRF:176
BRH:122
end_of_record
TN:
SF:src/backend/htmlEscape.js
FN:9,escapeHtml
FNF:1
FNH:1
FNDA:9,escapeHtml
DA:1,1
DA:2,1
DA:3,1
DA:4,1
DA:5,1
DA:6,1
DA:7,1
DA:8,1
DA:9,1
DA:10,9
DA:11,9
DA:12,9
DA:13,9
DA:14,9
DA:15,9
DA:16,9
LF:16
LH:16
BRDA:9,0,0,9
BRDA:10,1,0,2
BRDA:10,2,0,7
BRF:3
BRH:3
end_of_record
TN:
SF:src/backend/memberPortal.jsw
FN:9,generateToken
FN:17,findSessionRow
FN:27,resolveSession
FN:34,sanitizeBooking
FN:60,signIn
FN:112,signOut
FN:124,getCustomerProfile
FN:146,getCustomerBookings
FN:172,getBookingDetail
FN:187,updateBooking
FN:212,cancelBooking
FNF:11
FNH:11
FNDA:24,generateToken
FNDA:28,findSessionRow
FNDA:26,resolveSession
FNDA:7,sanitizeBooking
FNDA:32,signIn
FNDA:3,signOut
FNDA:6,getCustomerProfile
FNDA:2,getCustomerBookings
FNDA:3,getBookingDetail
FNDA:8,updateBooking
FNDA:7,cancelBooking
DA:1,1
DA:2,1
DA:3,1
DA:4,1
DA:5,1
DA:6,1
DA:7,1
DA:8,1
DA:9,24
DA:10,24
DA:11,24
DA:12,1
DA:13,1
DA:14,1
DA:15,1
DA:16,1
DA:17,28
DA:18,28
DA:19,28
DA:20,28
DA:21,28
DA:22,28
DA:23,28
DA:24,28
DA:25,28
DA:26,1
DA:27,26
DA:28,26
DA:29,26
DA:30,26
DA:31,17
DA:32,17
DA:33,1
DA:34,7
DA:35,7
DA:36,7
DA:37,7
DA:38,7
DA:39,7
DA:40,7
DA:41,7
DA:42,7
DA:43,7
DA:44,7
DA:45,7
DA:46,7
DA:47,7
DA:48,7
DA:49,7
DA:50,7
DA:51,7
DA:52,7
DA:53,7
DA:54,7
DA:55,7
DA:56,7
DA:57,7
DA:58,7
DA:59,1
DA:60,1
DA:61,32
DA:62,29
DA:63,29
DA:64,29
DA:65,29
DA:66,29
DA:67,29
DA:68,29
DA:69,29
DA:70,29
DA:71,32
DA:72,32
DA:73,27
DA:74,32
DA:75,32
DA:76,24
DA:77,32
DA:78,32
DA:79,32
DA:80,32
DA:81,24
DA:82,24
DA:83,24
DA:84,24
DA:85,24
DA:86,24
DA:87,24
DA:88,24
DA:89,32
DA:90,32
DA:91,32
DA:92,32
DA:93,32
DA:94,32
DA:95,32
DA:96,32
DA:97,32
DA:98,24
DA:99,24
DA:100,24
DA:101,24
DA:102,24
DA:103,24
DA:104,32
DA:105,32
DA:106,32
DA:107,32
DA:108,32
DA:109,32
DA:110,32
DA:111,1
DA:112,1
DA:113,3
DA:114,2
DA:115,2
DA:116,2
DA:117,3
DA:118,1
DA:119,1
DA:120,3
DA:121,2
DA:122,2
DA:123,1
DA:124,1
DA:125,6
DA:126,6
DA:127,1
DA:128,1
DA:129,1
DA:130,1
DA:131,1
DA:132,6
DA:133,6
DA:134,1
DA:135,1
DA:136,1
DA:137,1
DA:138,1
DA:139,6
DA:140,6
DA:141,6
DA:142,6
DA:143,6
DA:144,6
DA:145,1
DA:146,1
DA:147,2
DA:148,2
DA:149,1
DA:150,1
DA:151,1
DA:152,1
DA:153,1
DA:154,1
DA:155,1
DA:156,2
DA:157,0
DA:158,2
DA:159,0
DA:160,1
DA:161,0
DA:162,0
DA:163,1
DA:164,1
DA:165,1
DA:166,1
DA:167,2
DA:168,2
DA:169,2
DA:170,2
DA:171,1
DA:172,1
DA:173,3
DA:174,3
DA:175,2
DA:176,2
DA:177,2
DA:178,2
DA:179,2
DA:180,2
DA:181,3
DA:182,3
DA:183,1
DA:184,1
DA:185,1
DA:186,1
DA:187,1
DA:188,8
DA:189,8
DA:190,7
DA:191,7
DA:192,7
DA:193,7
DA:194,7
DA:195,7
DA:196,8
DA:197,8
DA:198,8
DA:199,8
DA:200,4
DA:201,4
DA:202,4
DA:203,8
DA:204,20
DA:205,20
DA:206,8
DA:207,2
DA:208,2
DA:209,2
DA:210,2
DA:211,1
DA:212,1
DA:213,7
DA:214,7
DA:215,6
DA:216,6
DA:217,6
DA:218,6
DA:219,6
DA:220,6
DA:221,7
DA:222,7
DA:223,7
DA:224,7
DA:225,3
DA:226,3
DA:227,3
DA:228,3
DA:229,3
DA:230,7
DA:231,7
DA:232,3
DA:233,3
DA:234,3
LF:234
LH:230
BRDA:9,0,0,24
BRDA:17,1,0,28
BRDA:18,2,0,0
BRDA:24,3,0,9
BRDA:27,4,0,26
BRDA:29,5,0,8
BRDA:29,6,0,18
BRDA:30,7,0,1
BRDA:30,8,0,17
BRDA:34,9,0,7
BRDA:47,10,0,0
BRDA:48,11,0,0
BRDA:48,12,0,0
BRDA:50,13,0,5
BRDA:51,14,0,0
BRDA:51,15,0,0
BRDA:52,16,0,0
BRDA:52,17,0,0
BRDA:55,18,0,4
BRDA:56,19,0,4
BRDA:60,20,0,32
BRDA:61,21,0,30
BRDA:61,22,0,3
BRDA:61,23,0,29
BRDA:72,24,0,2
BRDA:72,25,0,27
BRDA:74,26,0,0
BRDA:74,27,0,0
BRDA:75,28,0,3
BRDA:75,29,0,24
BRDA:77,30,0,0
BRDA:80,31,0,24
BRDA:89,32,0,0
BRDA:97,33,0,24
BRDA:104,34,0,0
BRDA:105,35,0,24
BRDA:105,36,0,0
BRDA:105,37,0,0
BRDA:105,38,0,0
BRDA:105,39,0,0
BRDA:105,40,0,0
BRDA:106,41,0,24
BRDA:106,42,0,0
BRDA:106,43,0,0
BRDA:106,44,0,0
BRDA:107,45,0,24
BRDA:107,46,0,0
BRDA:107,47,0,0
BRDA:107,48,0,0
BRDA:107,49,0,0
BRDA:107,50,0,0
BRDA:112,51,0,3
BRDA:113,52,0,2
BRDA:113,53,0,1
BRDA:113,54,0,2
BRDA:117,55,0,1
BRDA:120,56,0,0
BRDA:120,57,0,2
BRDA:124,58,0,6
BRDA:126,59,0,5
BRDA:126,60,0,1
BRDA:133,61,0,0
BRDA:133,62,0,1
BRDA:139,63,0,0
BRDA:139,64,0,0
BRDA:140,65,0,0
BRDA:140,66,0,0
BRDA:141,67,0,0
BRDA:141,68,0,0
BRDA:146,69,0,2
BRDA:148,70,0,1
BRDA:156,71,0,0
BRDA:158,72,0,1
BRDA:158,73,0,0
BRDA:160,74,0,0
BRDA:167,75,0,0
BRDA:168,76,0,0
BRDA:172,77,0,3
BRDA:174,78,0,1
BRDA:174,79,0,2
BRDA:182,80,0,1
BRDA:187,81,0,8
BRDA:189,82,0,1
BRDA:189,83,0,7
BRDA:197,84,0,1
BRDA:197,85,0,6
BRDA:198,86,0,1
BRDA:198,87,0,5
BRDA:199,88,0,1
BRDA:199,89,0,4
BRDA:203,90,0,20
BRDA:204,91,0,2
BRDA:205,92,0,4
BRDA:206,93,0,2
BRDA:212,94,0,7
BRDA:214,95,0,1
BRDA:214,96,0,6
BRDA:222,97,0,1
BRDA:222,98,0,5
BRDA:223,99,0,1
BRDA:223,100,0,4
BRDA:224,101,0,1
BRDA:224,102,0,3
BRDA:230,103,0,2
BRDA:230,104,0,2
BRDA:231,105,0,3
BRF:106
BRH:67
end_of_record
TN:
SF:src/backend/pricingAdmin.jsw
FN:11,text
FN:12,toNumber
FN:13,readBool
FN:14,cleanId
FN:15,slugKey
FN:16,normalizeStationProfiles
FN:32,normalizeStationSettingsMap
FN:43,queryAllRows
FN:56,requirePricingView
FN:57,requirePricingEdit
FN:59,writePricingAudit
FN:76,queryFirstByField
FN:90,queryRowsByNormalizedKey
FN:97,seedCollectionIfEmpty
FN:114,ensurePricingSeeded
FN:123,vehicleCategoryImageUrl
FN:133,resolveFleetCategoryCode
FN:138,categoryLookupMaps
FN:149,resolveFleetCategoryMeta
FN:164,buildVehicleCategoryDisplayTitle
FN:171,normalizeVehicleCategoryItem
FN:197,mapVehicleCategoryAdminRow
FN:207,getVehicleCategoriesAdminRows
FN:226,findVehicleCategoryByCategoryCode
FN:233,normalizeFleetVehicleItem
FN:252,activeStatusFrom
FN:257,buildFleetVehicleDisplayTitle
FN:266,mapFleetVehicleAdminRow
FN:274,getFleetVehiclesAdminRows
FN:291,findFleetVehicleByPlate
FN:299,normalizePickupLocationItem
FN:325,mapPickupLocationAdminRow
FN:333,getPickupLocationsAdminRows
FN:345,getPricingAdminSnapshot
FN:360,saveBusinessSettings
FN:423,normalizeCatalogItem
FN:441,upsertByKey
FN:475,upsertInsurancePlan
FN:487,upsertExtraService
FN:499,upsertFeeRule
FN:511,deletePricingItem
FN:538,seedPricingDefaults
FN:544,isBlank
FN:548,applyMissing
FN:566,seedBusiness
FN:584,seedRows
FN:615,resetPricingDefaults
FN:621,resetBusiness
FN:630,resetRows
FN:654,upsertVehicleCategory
FN:676,deleteVehicleCategory
FN:690,upsertFleetVehicle
FN:713,deleteFleetVehicle
FN:725,normalizePricingSeasonItem
FN:742,normalizeCategoryRateRuleItem
FN:764,upsertPricingSeason
FN:777,deletePricingSeason
FN:784,upsertCategoryRateRule
FN:797,deleteCategoryRateRule
FN:805,upsertPickupLocation
FN:818,deletePickupLocation
FN:825,exportPricingCatalogSnapshot
FN:834,getStaffPricingCatalog
FNF:63
FNH:36
FNDA:133,text
FNDA:30,toNumber
FNDA:28,readBool
FNDA:33,cleanId
FNDA:90,slugKey
FNDA:0,normalizeStationProfiles
FNDA:0,normalizeStationSettingsMap
FNDA:18,queryAllRows
FNDA:2,requirePricingView
FNDA:67,requirePricingEdit
FNDA:10,writePricingAudit
FNDA:14,queryFirstByField
FNDA:18,queryRowsByNormalizedKey
FNDA:52,seedCollectionIfEmpty
FNDA:13,ensurePricingSeeded
FNDA:0,vehicleCategoryImageUrl
FNDA:0,resolveFleetCategoryCode
FNDA:0,categoryLookupMaps
FNDA:0,resolveFleetCategoryMeta
FNDA:0,buildVehicleCategoryDisplayTitle
FNDA:0,normalizeVehicleCategoryItem
FNDA:0,mapVehicleCategoryAdminRow
FNDA:0,getVehicleCategoriesAdminRows
FNDA:0,findVehicleCategoryByCategoryCode
FNDA:0,normalizeFleetVehicleItem
FNDA:0,activeStatusFrom
FNDA:0,buildFleetVehicleDisplayTitle
FNDA:0,mapFleetVehicleAdminRow
FNDA:0,getFleetVehiclesAdminRows
FNDA:0,findFleetVehicleByPlate
FNDA:0,normalizePickupLocationItem
FNDA:0,mapPickupLocationAdminRow
FNDA:0,getPickupLocationsAdminRows
FNDA:1,getPricingAdminSnapshot
FNDA:3,saveBusinessSettings
FNDA:13,normalizeCatalogItem
FNDA:18,upsertByKey
FNDA:15,upsertInsurancePlan
FNDA:4,upsertExtraService
FNDA:5,upsertFeeRule
FNDA:12,deletePricingItem
FNDA:3,seedPricingDefaults
FNDA:0,isBlank
FNDA:0,applyMissing
FNDA:0,seedBusiness
FNDA:0,seedRows
FNDA:3,resetPricingDefaults
FNDA:0,resetBusiness
FNDA:0,resetRows
FNDA:3,upsertVehicleCategory
FNDA:3,deleteVehicleCategory
FNDA:3,upsertFleetVehicle
FNDA:3,deleteFleetVehicle
FNDA:0,normalizePricingSeasonItem
FNDA:1,normalizeCategoryRateRuleItem
FNDA:3,upsertPricingSeason
FNDA:3,deletePricingSeason
FNDA:4,upsertCategoryRateRule
FNDA:3,deleteCategoryRateRule
FNDA:3,upsertPickupLocation
FNDA:3,deletePickupLocation
FNDA:1,exportPricingCatalogSnapshot
FNDA:1,getStaffPricingCatalog
DA:1,1
DA:2,1
DA:3,1
DA:4,1
DA:5,1
DA:6,1
DA:7,1
DA:8,1
DA:9,1
DA:10,1
DA:11,133
DA:12,30
DA:13,28
DA:14,33
DA:15,90
DA:16,0
DA:17,0
DA:18,0
DA:19,0
DA:20,0
DA:21,0
DA:22,0
DA:23,0
DA:24,0
DA:25,0
DA:26,0
DA:27,0
DA:28,0
DA:29,0
DA:30,0
DA:31,0
DA:32,0
DA:33,0
DA:34,0
DA:35,0
DA:36,0
DA:37,0
DA:38,0
DA:39,0
DA:40,0
DA:41,0
DA:42,0
DA:43,18
DA:44,18
DA:45,18
DA:46,18
DA:47,0
DA:48,0
DA:49,18
DA:50,18
DA:51,18
DA:52,0
DA:53,0
DA:54,18
DA:55,1
DA:56,2
DA:57,67
DA:58,1
DA:59,10
DA:60,10
DA:61,10
DA:62,10
DA:63,10
DA:64,10
DA:65,10
DA:66,10
DA:67,10
DA:68,10
DA:69,10
DA:70,10
DA:71,10
DA:72,10
DA:73,10
DA:74,10
DA:75,1
DA:76,14
DA:77,14
DA:78,14
DA:79,14
DA:80,14
DA:81,0
DA:82,0
DA:83,14
DA:84,14
DA:85,14
DA:86,0
DA:87,0
DA:88,14
DA:89,1
DA:90,18
DA:91,18
DA:92,18
DA:93,18
DA:94,18
DA:95,18
DA:96,1
DA:97,52
DA:98,52
DA:99,52
DA:100,52
DA:101,52
DA:102,44
DA:103,52
DA:104,154
DA:105,154
DA:106,154
DA:107,154
DA:108,154
DA:109,154
DA:110,154
DA:111,44
DA:112,44
DA:113,1
DA:114,13
DA:115,13
DA:116,13
DA:117,13
DA:118,13
DA:119,13
DA:120,13
DA:121,13
DA:122,1
DA:123,0
DA:124,0
DA:125,0
DA:126,0
DA:127,0
DA:128,0
DA:129,0
DA:130,0
DA:131,0
DA:132,1
DA:133,0
DA:134,0
DA:135,0
DA:136,0
DA:137,1
DA:138,0
DA:139,0
DA:140,0
DA:141,0
DA:142,0
DA:143,0
DA:144,0
DA:145,0
DA:146,0
DA:147,0
DA:148,1
DA:149,0
DA:150,0
DA:151,0
DA:152,0
DA:153,0
DA:154,0
DA:155,0
DA:156,0
DA:157,0
DA:158,0
DA:159,0
DA:160,0
DA:161,0
DA:162,0
DA:163,1
DA:164,0
DA:165,0
DA:166,0
DA:167,0
DA:168,0
DA:169,0
DA:170,1
DA:171,0
DA:172,0
DA:173,0
DA:174,0
DA:175,0
DA:176,0
DA:177,0
DA:178,0
DA:179,0
DA:180,0
DA:181,0
DA:182,0
DA:183,0
DA:184,0
DA:185,0
DA:186,0
DA:187,0
DA:188,0
DA:189,0
DA:190,0
DA:191,0
DA:192,0
DA:193,0
DA:194,0
DA:195,0
DA:196,1
DA:197,0
DA:198,0
DA:199,0
DA:200,0
DA:201,0
DA:202,0
DA:203,0
DA:204,0
DA:205,0
DA:206,1
DA:207,0
DA:208,0
DA:209,0
DA:210,0
DA:211,0
DA:212,0
DA:213,0
DA:214,0
DA:215,0
DA:216,0
DA:217,0
DA:218,0
DA:219,0
DA:220,0
DA:221,0
DA:222,0
DA:223,0
DA:224,0
DA:225,1
DA:226,0
DA:227,0
DA:228,0
DA:229,0
DA:230,0
DA:231,0
DA:232,1
DA:233,0
DA:234,0
DA:235,0
DA:236,0
DA:237,0
DA:238,0
DA:239,0
DA:240,0
DA:241,0
DA:242,0
DA:243,0
DA:244,0
DA:245,0
DA:246,0
DA:247,0
DA:248,0
DA:249,0
DA:250,0
DA:251,1
DA:252,0
DA:253,0
DA:254,0
DA:255,0
DA:256,1
DA:257,0
DA:258,0
DA:259,0
DA:260,0
DA:261,0
DA:262,0
DA:263,0
DA:264,0
DA:265,1
DA:266,0
DA:267,0
DA:268,0
DA:269,0
DA:270,0
DA:271,0
DA:272,0
DA:273,1
DA:274,0
DA:275,0
DA:276,0
DA:277,0
DA:278,0
DA:279,0
DA:280,0
DA:281,0
DA:282,0
DA:283,0
DA:284,0
DA:285,0
DA:286,0
DA:287,0
DA:288,0
DA:289,0
DA:290,1
DA:291,0
DA:292,0
DA:293,0
DA:294,0
DA:295,0
DA:296,0
DA:297,1
DA:298,1
DA:299,0
DA:300,0
DA:301,0
DA:302,0
DA:303,0
DA:304,0
DA:305,0
DA:306,0
DA:307,0
DA:308,0
DA:309,0
DA:310,0
DA:311,0
DA:312,0
DA:313,0
DA:314,0
DA:315,0
DA:316,0
DA:317,0
DA:318,0
DA:319,0
DA:320,0
DA:321,0
DA:322,0
DA:323,0
DA:324,1
DA:325,0
DA:326,0
DA:327,0
DA:328,0
DA:329,0
DA:330,0
DA:331,0
DA:332,1
DA:333,0
DA:334,0
DA:335,0
DA:336,0
DA:337,0
DA:338,0
DA:339,0
DA:340,0
DA:341,1
DA:342,1
DA:343,1
DA:344,1
DA:345,1
DA:346,1
DA:347,0
DA:348,0
DA:349,0
DA:350,0
DA:351,0
DA:352,0
DA:353,0
DA:354,0
DA:355,0
DA:356,1
DA:357,1
DA:358,1
DA:359,1
DA:360,1
DA:361,3
DA:362,0
DA:363,0
DA:364,3
DA:365,3
DA:366,3
DA:367,3
DA:368,3
DA:369,3
DA:370,3
DA:371,3
DA:372,3
DA:373,3
DA:374,3
DA:375,3
DA:376,3
DA:377,3
DA:378,3
DA:379,3
DA:380,3
DA:381,3
DA:382,3
DA:383,3
DA:384,3
DA:385,3
DA:386,3
DA:387,3
DA:388,3
DA:389,3
DA:390,3
DA:391,3
DA:392,3
DA:393,3
DA:394,3
DA:395,3
DA:396,3
DA:397,3
DA:398,3
DA:399,3
DA:400,3
DA:401,3
DA:402,3
DA:403,3
DA:404,3
DA:405,3
DA:406,0
DA:407,3
DA:408,0
DA:409,0
DA:410,1
DA:411,1
DA:412,1
DA:413,1
DA:414,1
DA:415,1
DA:416,1
DA:417,1
DA:418,1
DA:419,1
DA:420,1
DA:421,1
DA:422,1
DA:423,13
DA:424,13
DA:425,13
DA:426,13
DA:427,13
DA:428,13
DA:429,13
DA:430,13
DA:431,13
DA:432,13
DA:433,13
DA:434,13
DA:435,13
DA:436,13
DA:437,13
DA:438,13
DA:439,13
DA:440,1
DA:441,1
DA:442,18
DA:443,18
DA:444,18
DA:445,13
DA:446,18
DA:447,18
DA:448,18
DA:449,13
DA:450,13
DA:451,13
DA:452,18
DA:453,5
DA:454,5
DA:455,18
DA:456,18
DA:457,18
DA:458,14
DA:459,18
DA:460,4
DA:461,18
DA:462,18
DA:463,15
DA:464,1
DA:465,1
DA:466,15
DA:467,18
DA:468,18
DA:469,18
DA:470,18
DA:471,1
DA:472,1
DA:473,1
DA:474,1
DA:475,1
DA:476,15
DA:477,10
DA:478,10
DA:479,15
DA:480,9
DA:481,15
DA:482,9
DA:483,9
DA:484,1
DA:485,1
DA:486,1
DA:487,1
DA:488,4
DA:489,1
DA:490,1
DA:491,1
DA:492,0
DA:493,4
DA:494,0
DA:495,0
DA:496,1
DA:497,1
DA:498,1
DA:499,1
DA:500,5
DA:501,2
DA:502,2
DA:503,5
DA:504,1
DA:505,5
DA:506,1
DA:507,1
DA:508,1
DA:509,1
DA:510,1
DA:511,1
DA:512,12
DA:513,12
DA:514,0
DA:515,0
DA:516,12
DA:517,12
DA:518,12
DA:519,12
DA:520,0
DA:521,0
DA:522,0
DA:523,0
DA:524,0
DA:525,0
DA:526,0
DA:527,0
DA:528,0
DA:529,0
DA:530,12
DA:531,0
DA:532,0
DA:533,1
DA:534,1
DA:535,1
DA:536,1
DA:537,1
DA:538,1
DA:539,3
DA:540,0
DA:541,0
DA:542,0
DA:543,0
DA:544,0
DA:545,0
DA:546,0
DA:547,0
DA:548,0
DA:549,0
DA:550,0
DA:551,0
DA:552,0
DA:553,0
DA:554,0
DA:555,0
DA:556,0
DA:557,0
DA:558,0
DA:559,0
DA:560,0
DA:561,0
DA:562,0
DA:563,0
DA:564,0
DA:565,0
DA:566,0
DA:567,0
DA:568,0
DA:569,0
DA:570,0
DA:571,0
DA:572,0
DA:573,0
DA:574,0
DA:575,0
DA:576,0
DA:577,0
DA:578,0
DA:579,0
DA:580,0
DA:581,0
DA:582,0
DA:583,0
DA:584,0
DA:585,0
DA:586,0
DA:587,0
DA:588,0
DA:589,0
DA:590,0
DA:591,0
DA:592,0
DA:593,0
DA:594,0
DA:595,0
DA:596,0
DA:597,0
DA:598,0
DA:599,0
DA:600,0
DA:601,0
DA:602,0
DA:603,0
DA:604,3
DA:605,3
DA:606,3
DA:607,3
DA:608,0
DA:609,0
DA:610,0
DA:611,1
DA:612,1
DA:613,1
DA:614,1
DA:615,1
DA:616,3
DA:617,0
DA:618,0
DA:619,0
DA:620,0
DA:621,0
DA:622,0
DA:623,0
DA:624,0
DA:625,0
DA:626,0
DA:627,0
DA:628,0
DA:629,0
DA:630,0
DA:631,0
DA:632,0
DA:633,0
DA:634,0
DA:635,0
DA:636,0
DA:637,0
DA:638,0
DA:639,0
DA:640,0
DA:641,0
DA:642,0
DA:643,3
DA:644,3
DA:645,3
DA:646,3
DA:647,0
DA:648,0
DA:649,0
DA:650,1
DA:651,1
DA:652,1
DA:653,1
DA:654,1
DA:655,3
DA:656,0
DA:657,0
DA:658,0
DA:659,0
DA:660,0
DA:661,0
DA:662,0
DA:663,0
DA:664,3
DA:665,3
DA:666,0
DA:667,3
DA:668,0
DA:669,3
DA:670,0
DA:671,0
DA:672,1
DA:673,1
DA:674,1
DA:675,1
DA:676,1
DA:677,3
DA:678,0
DA:679,0
DA:680,3
DA:681,3
DA:682,0
DA:683,3
DA:684,0
DA:685,0
DA:686,1
DA:687,1
DA:688,1
DA:689,1
DA:690,1
DA:691,3
DA:692,0
DA:693,0
DA:694,0
DA:695,0
DA:696,0
DA:697,0
DA:698,0
DA:699,0
DA:700,0
DA:701,3
DA:702,3
DA:703,0
DA:704,3
DA:705,0
DA:706,3
DA:707,0
DA:708,0
DA:709,1
DA:710,1
DA:711,1
DA:712,1
DA:713,1
DA:714,3
DA:715,0
DA:716,0
DA:717,3
DA:718,3
DA:719,0
DA:720,3
DA:721,0
DA:722,0
DA:723,1
DA:724,1
DA:725,0
DA:726,0
DA:727,0
DA:728,0
DA:729,0
DA:730,0
DA:731,0
DA:732,0
DA:733,0
DA:734,0
DA:735,0
DA:736,0
DA:737,0
DA:738,0
DA:739,0
DA:740,0
DA:741,1
DA:742,1
DA:743,1
DA:744,1
DA:745,1
DA:746,1
DA:747,1
DA:748,1
DA:749,1
DA:750,1
DA:751,1
DA:752,1
DA:753,1
DA:754,1
DA:755,1
DA:756,1
DA:757,1
DA:758,1
DA:759,1
DA:760,1
DA:761,1
DA:762,1
DA:763,1
DA:764,1
DA:765,3
DA:766,0
DA:767,0
DA:768,3
DA:769,0
DA:770,3
DA:771,0
DA:772,0
DA:773,1
DA:774,1
DA:775,1
DA:776,1
DA:777,1
DA:778,3
DA:779,3
DA:780,1
DA:781,1
DA:782,1
DA:783,1
DA:784,1
DA:785,4
DA:786,1
DA:787,4
DA:788,1
DA:789,0
DA:790,4
DA:791,0
DA:792,0
DA:793,1
DA:794,1
DA:795,1
DA:796,1
DA:797,1
DA:798,3
DA:799,3
DA:800,1
DA:801,1
DA:802,1
DA:803,1
DA:804,1
DA:805,1
DA:806,3
DA:807,0
DA:808,0
DA:809,0
DA:810,0
DA:811,3
DA:812,0
DA:813,0
DA:814,1
DA:815,1
DA:816,1
DA:817,1
DA:818,1
DA:819,3
DA:820,3
DA:821,1
DA:822,1
DA:823,1
DA:824,1
DA:825,1
DA:826,1
DA:827,0
DA:828,0
DA:829,0
DA:830,1
DA:831,1
DA:832,1
DA:833,1
DA:834,1
DA:835,1
DA:836,0
DA:837,0
LF:837
LH:405
BRDA:11,0,0,133
BRDA:11,1,0,20
BRDA:11,2,0,20
BRDA:12,3,0,30
BRDA:12,4,0,14
BRDA:12,5,0,16
BRDA:13,6,0,28
BRDA:13,7,0,0
BRDA:13,8,0,0
BRDA:13,9,0,0
BRDA:14,10,0,33
BRDA:14,11,0,28
BRDA:14,12,0,28
BRDA:15,13,0,90
BRDA:15,14,0,1
BRDA:43,15,0,18
BRDA:46,16,0,0
BRDA:46,17,0,0
BRDA:50,18,0,0
BRDA:51,19,0,0
BRDA:56,20,0,2
BRDA:57,21,0,67
BRDA:59,22,0,10
BRDA:66,23,0,2
BRDA:66,24,0,8
BRDA:67,25,0,0
BRDA:69,26,0,0
BRDA:69,27,0,0
BRDA:73,28,0,0
BRDA:76,29,0,14
BRDA:77,30,0,0
BRDA:80,31,0,0
BRDA:80,32,0,0
BRDA:84,33,0,0
BRDA:85,34,0,0
BRDA:90,35,0,18
BRDA:92,36,0,0
BRDA:94,37,0,39
BRDA:94,38,0,0
BRDA:94,39,0,0
BRDA:97,40,0,52
BRDA:100,41,0,8
BRDA:101,42,0,0
BRDA:101,43,0,44
BRDA:103,44,0,154
BRDA:109,45,0,0
BRDA:110,46,0,44
BRDA:114,47,0,13
BRDA:345,48,0,1
BRDA:346,49,0,0
BRDA:360,50,0,3
BRDA:361,51,0,0
BRDA:364,52,0,0
BRDA:387,53,0,0
BRDA:387,54,0,0
BRDA:388,55,0,0
BRDA:388,56,0,0
BRDA:405,57,0,0
BRDA:405,58,0,0
BRDA:407,59,0,0
BRDA:423,60,0,13
BRDA:425,61,0,1
BRDA:425,62,0,0
BRDA:427,63,0,0
BRDA:428,64,0,0
BRDA:430,65,0,0
BRDA:430,66,0,0
BRDA:436,67,0,10
BRDA:436,68,0,0
BRDA:436,69,0,3
BRDA:437,70,0,1
BRDA:437,71,0,0
BRDA:437,72,0,0
BRDA:437,73,0,2
BRDA:438,74,0,0
BRDA:438,75,0,0
BRDA:438,76,0,2
BRDA:441,77,0,18
BRDA:442,78,0,1
BRDA:442,79,0,0
BRDA:444,80,0,5
BRDA:445,81,0,13
BRDA:448,82,0,13
BRDA:448,83,0,13
BRDA:450,84,0,4
BRDA:451,85,0,9
BRDA:451,86,0,9
BRDA:452,87,0,5
BRDA:456,88,0,14
BRDA:456,89,0,0
BRDA:456,90,0,4
BRDA:458,91,0,14
BRDA:458,92,0,0
BRDA:459,93,0,4
BRDA:459,94,0,4
BRDA:462,95,0,15
BRDA:463,96,0,1
BRDA:464,97,0,0
BRDA:469,98,0,14
BRDA:469,99,0,4
BRDA:475,100,0,15
BRDA:476,101,0,10
BRDA:479,102,0,1
BRDA:479,103,0,9
BRDA:481,104,0,0
BRDA:481,105,0,0
BRDA:481,106,0,1
BRDA:481,107,0,8
BRDA:481,108,0,9
BRDA:481,109,0,9
BRDA:487,110,0,4
BRDA:488,111,0,1
BRDA:491,112,0,0
BRDA:493,113,0,0
BRDA:493,114,0,0
BRDA:493,115,0,0
BRDA:493,116,0,0
BRDA:493,117,0,0
BRDA:493,118,0,0
BRDA:499,119,0,5
BRDA:500,120,0,2
BRDA:503,121,0,1
BRDA:505,122,0,0
BRDA:505,123,0,0
BRDA:505,124,0,1
BRDA:505,125,0,0
BRDA:505,126,0,1
BRDA:505,127,0,1
BRDA:511,128,0,12
BRDA:512,129,0,0
BRDA:513,130,0,0
BRDA:517,131,0,0
BRDA:517,132,0,0
BRDA:517,133,0,0
BRDA:519,134,0,0
BRDA:530,135,0,0
BRDA:530,136,0,0
BRDA:530,137,0,0
BRDA:530,138,0,0
BRDA:530,139,0,0
BRDA:530,140,0,0
BRDA:530,141,0,0
BRDA:538,142,0,3
BRDA:539,143,0,0
BRDA:604,144,0,0
BRDA:605,145,0,0
BRDA:606,146,0,0
BRDA:607,147,0,0
BRDA:615,148,0,3
BRDA:616,149,0,0
BRDA:643,150,0,0
BRDA:644,151,0,0
BRDA:645,152,0,0
BRDA:646,153,0,0
BRDA:654,154,0,3
BRDA:655,155,0,0
BRDA:664,156,0,0
BRDA:666,157,0,0
BRDA:667,158,0,0
BRDA:669,159,0,0
BRDA:669,160,0,0
BRDA:669,161,0,0
BRDA:669,162,0,0
BRDA:669,163,0,0
BRDA:669,164,0,0
BRDA:669,165,0,0
BRDA:676,166,0,3
BRDA:677,167,0,0
BRDA:680,168,0,0
BRDA:681,169,0,0
BRDA:683,170,0,0
BRDA:683,171,0,0
BRDA:690,172,0,3
BRDA:691,173,0,0
BRDA:701,174,0,0
BRDA:703,175,0,0
BRDA:704,176,0,0
BRDA:706,177,0,0
BRDA:706,178,0,0
BRDA:706,179,0,0
BRDA:706,180,0,0
BRDA:706,181,0,0
BRDA:706,182,0,0
BRDA:706,183,0,0
BRDA:713,184,0,3
BRDA:714,185,0,0
BRDA:717,186,0,0
BRDA:718,187,0,0
BRDA:720,188,0,0
BRDA:720,189,0,0
BRDA:742,190,0,1
BRDA:745,191,0,0
BRDA:746,192,0,0
BRDA:746,193,0,0
BRDA:749,194,0,0
BRDA:749,195,0,0
BRDA:754,196,0,0
BRDA:754,197,0,0
BRDA:764,198,0,3
BRDA:765,199,0,0
BRDA:768,200,0,0
BRDA:770,201,0,0
BRDA:770,202,0,0
BRDA:770,203,0,0
BRDA:770,204,0,0
BRDA:770,205,0,0
BRDA:770,206,0,0
BRDA:777,207,0,3
BRDA:784,208,0,4
BRDA:785,209,0,1
BRDA:787,210,0,0
BRDA:787,211,0,0
BRDA:787,212,0,1
BRDA:788,213,0,0
BRDA:790,214,0,0
BRDA:790,215,0,0
BRDA:790,216,0,0
BRDA:790,217,0,0
BRDA:790,218,0,0
BRDA:790,219,0,0
BRDA:797,220,0,3
BRDA:805,221,0,3
BRDA:806,222,0,0
BRDA:811,223,0,0
BRDA:811,224,0,0
BRDA:811,225,0,0
BRDA:811,226,0,0
BRDA:811,227,0,0
BRDA:811,228,0,0
BRDA:818,229,0,3
BRDA:825,230,0,1
BRDA:826,231,0,0
BRDA:834,232,0,1
BRDA:835,233,0,0
BRF:234
BRH:89
end_of_record
TN:
SF:src/backend/pricingCatalog.jsw
FN:18,now
FN:19,hasFresh
FN:20,readBool
FN:21,toNumber
FN:22,text
FN:23,sortByOrder
FN:24,safeQuery
FN:54,normalizeKey
FN:55,normalizeStationProfiles
FN:71,normalizeStationSettingsMap
FN:83,normalizeBusinessSettings
FN:138,normalizeInsurance
FN:139,normalizeExtra
FN:140,normalizeFeeRule
FN:141,normalizeSeason
FN:158,normalizeCategoryRateRule
FN:176,normalizePickupLocation
FN:201,parseDateOnly
FN:209,seasonMatchesDate
FN:217,monthDay
FN:228,findActiveSeason
FN:239,mergeRowsByKey
FN:252,buildInsuranceMap
FN:253,buildExtraMap
FN:255,readBusinessSettings
FN:256,readInsurancePlans
FN:257,readExtraServices
FN:258,readFeeRules
FN:259,readPricingSeasons
FN:260,readCategoryRateRules
FN:261,readPickupLocations
FN:263,buildCatalogSnapshot
FN:283,getPricingCatalog
FN:299,getPublicPricingCatalog
FN:300,getPricingMaps
FN:301,athensHour
FN:301,lookup
FN:302,isNightShift
FN:303,feeRuleAmount
FN:307,computeAutomaticFees
FN:308,getFallbackCatalogSnapshot
FN:309,clearPricingCatalogCache
FN:311,resolveDynamicPricingRate
FNF:43
FNH:37
FNDA:12,now
FNDA:12,hasFresh
FNDA:812,readBool
FNDA:1508,toNumber
FNDA:3313,text
FNDA:120,sortByOrder
FNDA:84,safeQuery
FNDA:531,normalizeKey
FNDA:28,normalizeStationProfiles
FNDA:28,normalizeStationSettingsMap
FNDA:28,normalizeBusinessSettings
FNDA:84,normalizeInsurance
FNDA:140,normalizeExtra
FNDA:140,normalizeFeeRule
FNDA:0,normalizeSeason
FNDA:0,normalizeCategoryRateRule
FNDA:0,normalizePickupLocation
FNDA:2,parseDateOnly
FNDA:1,seasonMatchesDate
FNDA:0,monthDay
FNDA:15,findActiveSeason
FNDA:36,mergeRowsByKey
FNDA:28,buildInsuranceMap
FNDA:28,buildExtraMap
FNDA:12,readBusinessSettings
FNDA:12,readInsurancePlans
FNDA:12,readExtraServices
FNDA:12,readFeeRules
FNDA:12,readPricingSeasons
FNDA:12,readCategoryRateRules
FNDA:12,readPickupLocations
FNDA:28,buildCatalogSnapshot
FNDA:12,getPricingCatalog
FNDA:0,getPublicPricingCatalog
FNDA:0,getPricingMaps
FNDA:63,athensHour
FNDA:126,lookup
FNDA:74,isNightShift
FNDA:21,feeRuleAmount
FNDA:18,computeAutomaticFees
FNDA:16,getFallbackCatalogSnapshot
FNDA:74,clearPricingCatalogCache
FNDA:15,resolveDynamicPricingRate
DA:1,1
DA:2,1
DA:3,1
DA:4,1
DA:5,1
DA:6,1
DA:7,1
DA:8,1
DA:9,1
DA:10,1
DA:11,1
DA:12,1
DA:13,1
DA:14,1
DA:15,1
DA:16,1
DA:17,1
DA:18,12
DA:19,12
DA:20,812
DA:21,1508
DA:22,3313
DA:23,120
DA:24,84
DA:25,1
DA:26,1
DA:27,1
DA:28,1
DA:29,1
DA:30,1
DA:31,1
DA:32,1
DA:33,1
DA:34,1
DA:35,0
DA:36,0
DA:37,0
DA:38,1
DA:39,1
DA:40,0
DA:41,0
DA:42,0
DA:43,0
DA:44,0
DA:45,1
DA:46,1
DA:47,0
DA:48,0
DA:49,0
DA:50,0
DA:51,0
DA:52,1
DA:53,1
DA:54,531
DA:55,28
DA:56,28
DA:57,28
DA:58,28
DA:59,0
DA:60,0
DA:61,0
DA:62,0
DA:63,0
DA:64,0
DA:65,0
DA:66,0
DA:67,28
DA:68,28
DA:69,28
DA:70,28
DA:71,28
DA:72,28
DA:73,28
DA:74,28
DA:75,0
DA:76,0
DA:77,0
DA:78,0
DA:79,28
DA:80,28
DA:81,28
DA:82,1
DA:83,28
DA:84,28
DA:85,28
DA:86,28
DA:87,28
DA:88,28
DA:89,28
DA:90,28
DA:91,28
DA:92,28
DA:93,28
DA:94,28
DA:95,28
DA:96,28
DA:97,28
DA:98,28
DA:99,28
DA:100,28
DA:101,28
DA:102,28
DA:103,28
DA:104,28
DA:105,28
DA:106,28
DA:107,28
DA:108,28
DA:109,28
DA:110,28
DA:111,28
DA:112,28
DA:113,28
DA:114,28
DA:115,28
DA:116,28
DA:117,28
DA:118,28
DA:119,28
DA:120,28
DA:121,28
DA:122,28
DA:123,28
DA:124,28
DA:125,28
DA:126,28
DA:127,28
DA:128,28
DA:129,28
DA:130,28
DA:131,28
DA:132,28
DA:133,28
DA:134,28
DA:135,28
DA:136,28
DA:137,28
DA:138,84
DA:139,140
DA:140,140
DA:141,0
DA:142,0
DA:143,0
DA:144,0
DA:145,0
DA:146,0
DA:147,0
DA:148,0
DA:149,0
DA:150,0
DA:151,0
DA:152,0
DA:153,0
DA:154,0
DA:155,0
DA:156,0
DA:157,0
DA:158,0
DA:159,0
DA:160,0
DA:161,0
DA:162,0
DA:163,0
DA:164,0
DA:165,0
DA:166,0
DA:167,0
DA:168,0
DA:169,0
DA:170,0
DA:171,0
DA:172,0
DA:173,0
DA:174,0
DA:175,1
DA:176,0
DA:177,0
DA:178,0
DA:179,0
DA:180,0
DA:181,0
DA:182,0
DA:183,0
DA:184,0
DA:185,0
DA:186,0
DA:187,0
DA:188,0
DA:189,0
DA:190,0
DA:191,0
DA:192,0
DA:193,0
DA:194,0
DA:195,0
DA:196,0
DA:197,0
DA:198,0
DA:199,0
DA:200,1
DA:201,2
DA:202,2
DA:203,2
DA:204,2
DA:205,2
DA:206,2
DA:207,2
DA:208,2
DA:209,1
DA:210,1
DA:211,1
DA:212,1
DA:213,1
DA:214,1
DA:215,1
DA:216,1
DA:217,0
DA:218,0
DA:219,0
DA:220,0
DA:221,0
DA:222,0
DA:223,0
DA:224,0
DA:225,0
DA:226,1
DA:227,1
DA:228,15
DA:229,15
DA:230,15
DA:231,15
DA:232,0
DA:233,0
DA:234,0
DA:235,15
DA:236,15
DA:237,15
DA:238,1
DA:239,36
DA:240,36
DA:241,36
DA:242,36
DA:243,0
DA:244,0
DA:245,0
DA:246,0
DA:247,0
DA:248,36
DA:249,36
DA:250,36
DA:251,1
DA:252,28
DA:253,28
DA:254,1
DA:255,12
DA:256,12
DA:257,12
DA:258,12
DA:259,12
DA:260,12
DA:261,12
DA:262,1
DA:263,28
DA:264,28
DA:265,28
DA:266,28
DA:267,28
DA:268,28
DA:269,28
DA:270,28
DA:271,28
DA:272,28
DA:273,28
DA:274,28
DA:275,28
DA:276,28
DA:277,28
DA:278,28
DA:279,28
DA:280,28
DA:281,28
DA:282,1
DA:283,1
DA:284,12
DA:285,12
DA:286,12
DA:287,12
DA:288,12
DA:289,12
DA:290,12
DA:291,12
DA:292,12
DA:293,12
DA:294,12
DA:295,12
DA:296,12
DA:297,12
DA:298,12
DA:299,1
DA:300,1
DA:301,63
DA:302,1
DA:303,21
DA:304,1
DA:305,1
DA:306,1
DA:307,1
DA:308,1
DA:309,1
DA:310,1
DA:311,1
DA:312,15
DA:313,15
DA:314,15
DA:315,15
DA:316,15
DA:317,15
DA:318,15
DA:319,15
DA:320,15
DA:321,12
DA:322,12
DA:323,12
DA:324,9
DA:325,9
DA:326,12
DA:327,12
DA:328,12
DA:329,12
DA:330,4
DA:331,15
DA:332,15
DA:333,1
DA:334,1
DA:335,1
DA:336,1
DA:337,1
DA:338,1
DA:339,1
DA:340,1
DA:341,1
DA:342,1
DA:343,0
DA:344,15
DA:345,15
DA:346,15
DA:347,15
DA:348,15
DA:349,15
DA:350,15
DA:351,15
DA:352,15
DA:353,15
LF:353
LH:252
BRDA:34,0,0,0
BRDA:39,1,0,0
BRDA:46,2,0,0
BRDA:18,3,0,12
BRDA:19,4,0,12
BRDA:19,5,0,0
BRDA:20,6,0,812
BRDA:20,7,0,810
BRDA:20,8,0,348
BRDA:20,9,0,2
BRDA:20,10,0,0
BRDA:20,11,0,2
BRDA:20,12,0,348
BRDA:20,13,0,2
BRDA:20,14,0,0
BRDA:21,15,0,1508
BRDA:21,16,0,1472
BRDA:21,17,0,36
BRDA:22,18,0,3313
BRDA:22,19,0,701
BRDA:22,20,0,763
BRDA:23,21,0,120
BRDA:23,22,0,0
BRDA:23,23,0,0
BRDA:24,24,0,84
BRDA:24,25,0,0
BRDA:24,26,0,0
BRDA:24,27,0,0
BRDA:54,28,0,531
BRDA:55,29,0,28
BRDA:56,30,0,0
BRDA:71,31,0,28
BRDA:72,32,0,0
BRDA:72,33,0,0
BRDA:72,34,0,0
BRDA:83,35,0,28
BRDA:87,36,0,27
BRDA:91,37,0,0
BRDA:105,38,0,27
BRDA:105,39,0,1
BRDA:106,40,0,27
BRDA:106,41,0,1
BRDA:138,42,0,84
BRDA:138,43,0,0
BRDA:138,44,0,0
BRDA:138,45,0,0
BRDA:138,46,0,0
BRDA:138,47,0,0
BRDA:138,48,0,0
BRDA:139,49,0,140
BRDA:139,50,0,0
BRDA:139,51,0,0
BRDA:139,52,0,0
BRDA:139,53,0,0
BRDA:139,54,0,0
BRDA:139,55,0,0
BRDA:139,56,0,0
BRDA:139,57,0,0
BRDA:140,58,0,140
BRDA:140,59,0,0
BRDA:140,60,0,0
BRDA:140,61,0,0
BRDA:140,62,0,0
BRDA:140,63,0,0
BRDA:140,64,0,0
BRDA:140,65,0,0
BRDA:140,66,0,0
BRDA:201,67,0,2
BRDA:203,68,0,0
BRDA:205,69,0,0
BRDA:209,70,0,1
BRDA:210,71,0,0
BRDA:213,72,0,0
BRDA:216,73,0,0
BRDA:228,74,0,15
BRDA:229,75,0,0
BRDA:236,76,0,14
BRDA:229,77,0,1
BRDA:230,78,0,1
BRDA:239,79,0,36
BRDA:241,80,0,156
BRDA:249,81,0,156
BRDA:252,82,0,28
BRDA:252,83,0,84
BRDA:253,84,0,28
BRDA:253,85,0,140
BRDA:253,86,0,0
BRDA:253,87,0,0
BRDA:255,88,0,12
BRDA:255,89,0,11
BRDA:255,90,0,12
BRDA:256,91,0,12
BRDA:256,92,0,0
BRDA:256,93,0,12
BRDA:256,94,0,36
BRDA:256,95,0,36
BRDA:257,96,0,12
BRDA:257,97,0,0
BRDA:257,98,0,12
BRDA:257,99,0,60
BRDA:257,100,0,60
BRDA:258,101,0,12
BRDA:258,102,0,0
BRDA:258,103,0,12
BRDA:258,104,0,60
BRDA:258,105,0,60
BRDA:259,106,0,12
BRDA:259,107,0,0
BRDA:259,108,0,12
BRDA:260,109,0,12
BRDA:260,110,0,0
BRDA:260,111,0,12
BRDA:261,112,0,12
BRDA:261,113,0,0
BRDA:261,114,0,12
BRDA:263,115,0,28
BRDA:276,116,0,0
BRDA:277,117,0,0
BRDA:278,118,0,0
BRDA:275,119,0,140
BRDA:283,120,0,12
BRDA:284,121,0,0
BRDA:285,122,0,0
BRDA:291,123,0,0
BRDA:292,124,0,0
BRDA:293,125,0,0
BRDA:301,126,0,63
BRDA:301,127,0,126
BRDA:301,128,0,0
BRDA:301,129,0,0
BRDA:301,130,0,252
BRDA:302,131,0,74
BRDA:302,132,0,64
BRDA:302,133,0,11
BRDA:302,134,0,63
BRDA:302,135,0,57
BRDA:302,136,0,57
BRDA:302,137,0,61
BRDA:302,138,0,55
BRDA:302,139,0,2
BRDA:303,140,0,21
BRDA:303,141,0,2
BRDA:307,142,0,18
BRDA:307,143,0,7
BRDA:307,144,0,0
BRDA:307,145,0,16
BRDA:307,146,0,3
BRDA:307,147,0,15
BRDA:307,148,0,1
BRDA:307,149,0,14
BRDA:307,150,0,7
BRDA:307,151,0,7
BRDA:307,152,0,2
BRDA:307,153,0,16
BRDA:307,154,0,1
BRDA:307,155,0,17
BRDA:307,156,0,2
BRDA:307,157,0,16
BRDA:307,158,0,2
BRDA:307,159,0,0
BRDA:307,160,0,0
BRDA:307,161,0,16
BRDA:307,162,0,1
BRDA:307,163,0,0
BRDA:307,164,0,0
BRDA:307,165,0,17
BRDA:307,166,0,52
BRDA:307,167,0,22
BRDA:307,168,0,34
BRDA:307,169,0,1
BRDA:307,170,0,45
BRDA:307,171,0,1
BRDA:308,172,0,16
BRDA:308,173,0,48
BRDA:308,174,0,80
BRDA:308,175,0,80
BRDA:309,176,0,74
BRDA:311,177,0,15
BRDA:313,178,0,0
BRDA:314,179,0,0
BRDA:315,180,0,0
BRDA:345,181,0,12
BRDA:346,182,0,3
BRDA:346,183,0,12
BRDA:349,184,0,3
BRDA:349,185,0,12
BRDA:350,186,0,1
BRDA:350,187,0,14
BRDA:351,188,0,3
BRDA:351,189,0,0
BRDA:351,190,0,0
BRDA:351,191,0,12
BRDA:320,192,0,12
BRDA:321,193,0,0
BRDA:322,194,0,3
BRDA:322,195,0,9
BRDA:323,196,0,0
BRDA:323,197,0,0
BRDA:323,198,0,0
BRDA:323,199,0,0
BRDA:323,200,0,9
BRDA:326,201,0,1
BRDA:326,202,0,8
BRDA:327,203,0,3
BRDA:327,204,0,2
BRDA:327,205,0,6
BRDA:328,206,0,3
BRDA:329,207,0,2
BRDA:329,208,0,2
BRDA:329,209,0,1
BRDA:329,210,0,4
BRDA:332,211,0,1
BRDA:333,212,0,0
BRDA:333,213,0,0
BRDA:333,214,0,0
BRDA:334,215,0,0
BRDA:336,216,0,0
BRDA:337,217,0,0
BRDA:338,218,0,0
BRDA:339,219,0,0
BRDA:339,220,0,0
BRDA:342,221,0,0
BRF:222
BRH:135
end_of_record
TN:
SF:src/backend/pricingSnapshot.js
FN:4,text
FN:9,num
FN:14,round2
FN:18,buildCatalogMaps
FN:35,normalizeExtraDetails
FN:75,buildPricingSnapshot
FNF:6
FNH:6
FNDA:165,text
FNDA:198,num
FNDA:165,round2
FNDA:11,buildCatalogMaps
FNDA:11,normalizeExtraDetails
FNDA:11,buildPricingSnapshot
DA:1,1
DA:2,1
DA:3,1
DA:4,165
DA:5,165
DA:6,165
DA:7,165
DA:8,1
DA:9,198
DA:10,198
DA:11,198
DA:12,198
DA:13,1
DA:14,165
DA:15,165
DA:16,165
DA:17,1
DA:18,11
DA:19,11
DA:20,11
DA:21,11
DA:22,11
DA:23,33
DA:24,33
DA:25,33
DA:26,11
DA:27,11
DA:28,55
DA:29,55
DA:30,55
DA:31,11
DA:32,11
DA:33,11
DA:34,1
DA:35,11
DA:36,11
DA:37,11
DA:38,0
DA:39,0
DA:40,0
DA:41,0
DA:42,0
DA:43,0
DA:44,0
DA:45,0
DA:46,0
DA:47,0
DA:48,0
DA:49,0
DA:50,0
DA:51,0
DA:52,0
DA:53,0
DA:54,0
DA:55,0
DA:56,0
DA:57,0
DA:58,0
DA:59,0
DA:60,0
DA:61,0
DA:62,0
DA:63,0
DA:64,0
DA:65,0
DA:66,0
DA:67,0
DA:68,11
DA:69,11
DA:70,1
DA:71,1
DA:72,1
DA:73,1
DA:74,1
DA:75,1
DA:76,11
DA:77,11
DA:78,11
DA:79,11
DA:80,11
DA:81,11
DA:82,11
DA:83,11
DA:84,11
DA:85,11
DA:86,11
DA:87,11
DA:88,11
DA:89,11
DA:90,11
DA:91,11
DA:92,11
DA:93,11
DA:94,11
DA:95,11
DA:96,11
DA:97,11
DA:98,11
DA:99,11
DA:100,11
DA:101,11
DA:102,11
DA:103,11
DA:104,11
DA:105,11
DA:106,11
DA:107,11
DA:108,11
DA:109,11
DA:110,11
DA:111,11
DA:112,11
DA:113,11
DA:114,11
DA:115,11
DA:116,11
DA:117,11
DA:118,11
DA:119,11
DA:120,11
DA:121,11
DA:122,11
DA:123,11
DA:124,11
DA:125,11
DA:126,11
DA:127,11
DA:128,11
DA:129,11
DA:130,11
DA:131,11
DA:132,11
DA:133,11
DA:134,11
DA:135,11
DA:136,11
LF:136
LH:106
BRDA:4,0,0,165
BRDA:5,1,0,11
BRDA:6,2,0,43
BRDA:9,3,0,198
BRDA:11,4,0,0
BRDA:14,5,0,165
BRDA:18,6,0,11
BRDA:19,7,0,0
BRDA:20,8,0,0
BRDA:22,9,0,33
BRDA:27,10,0,55
BRDA:35,11,0,11
BRDA:36,12,0,0
BRDA:75,13,0,11
BRDA:76,14,0,0
BRDA:79,15,0,0
BRDA:80,16,0,0
BRDA:81,17,0,0
BRDA:81,18,0,0
BRDA:83,19,0,0
BRDA:83,20,0,0
BRDA:84,21,0,0
BRDA:84,22,0,0
BRDA:85,23,0,0
BRDA:85,24,0,0
BRDA:86,25,0,0
BRDA:86,26,0,0
BRDA:87,27,0,0
BRDA:87,28,0,0
BRDA:88,29,0,0
BRDA:93,30,0,0
BRDA:95,31,0,0
BRDA:105,32,0,0
BRDA:106,33,0,0
BRDA:107,34,0,0
BRDA:108,35,0,0
BRDA:111,36,0,0
BRDA:112,37,0,0
BRDA:112,38,0,0
BRDA:112,39,0,0
BRF:40
BRH:10
end_of_record
TN:
SF:src/backend/rentalContract.jsw
FN:19,safeText
FN:20,clamp
FN:22,deriveStationCode
FN:30,stationMatchesBooking
FN:38,parsePhotosField
FN:45,normalizeDriversPayload
FN:77,toDateInputValue
FN:89,computeVatBreakdown
FN:95,round2
FN:99,billableDaysFromBooking
FN:108,deriveChargeLines
FN:141,buildChargeLinesFromCharges
FN:166,normalizeChargeLinesPayload
FN:196,buildFinancialSnapshot
FN:283,syncBookingChargeFields
FN:300,round2
FN:302,cloneJson
FN:306,buildPricingSnapshot
FN:324,normalizePricingOverridePayload
FN:334,normalizeCheckoutGuardrailOverride
FN:345,normalizeSignatureState
FN:363,buildDocumentPipelineSnapshot
FN:489,getDocumentReadinessSlice
FN:507,buildContractDocumentPackage
FN:657,formatPrintableDate
FN:668,formatPrintableMoney
FN:672,row
FN:679,buildPrintableDocumentModelFromPackage
FN:831,renderSectionHtml
FN:846,renderContractDocumentHtmlFromPrintable
FN:934,htmlToPlainTextForPdf
FN:953,renderPdfBufferFromHtml
FN:973,renderPdfBufferFromHtmlHighFidelity
FN:999,getRendererCapabilitySnapshot
FN:1021,runRendererSelfTestInternal
FN:1095,buildSyntheticDocumentPackage
FN:1179,runDocumentTemplateRegressionHarnessInternal
FN:1230,renderPdfBufferFromHtmlAdapter
FN:1275,computePricingDrift
FN:1291,buildPricingReview
FN:1299,normalizeSelectedExtras
FN:1322,getFleetMapByIds
FN:1364,looksLikeOpaqueId
FN:1369,bookingCategoryCode
FN:1379,buildCategoryLabel
FN:1392,rangesOverlap
FN:1396,findBusyAssignedVehicleIds
FN:1418,getRentalByBookingId
FN:1427,buildRentalDraftFromBooking
FN:1462,ensureRentalForBooking
FN:1516,mirrorToBooking
FN:1558,applyChargesPayload
FN:1580,applyBillingPayload
FN:1605,applyFinancialsPayload
FN:1635,applyFinancialTransactionsPayload
FN:1673,buildContractLookups
FN:1896,searchContractCustomers
FN:1941,searchContractCompanies
FN:1979,digitsOnly
FN:1983,normalizeLoose
FN:1987,bookingStatusLabel
FN:1991,bookingSourceLabelBackend
FN:1997,matchBookingAgainstCustomerSeeds
FN:2007,collectBookingMatchesByCustomerSeeds
FN:2042,getCustomerFinancialInsightsFromBookings
FN:2112,matchBookingAgainstCompanySeeds
FN:2127,collectBookingMatchesByCompanySeeds
FN:2168,getCompanyInsights
FN:2223,getCustomerInsights
FN:2266,mergeBillingFallback
FN:2289,mergeFinancialsFallback
FN:2308,getContract
FN:2401,exportContractDocumentPackage
FN:2445,exportContractPrintableModel
FN:2456,exportContractRenderedDocument
FN:2470,getContractDocumentRenderCapabilities
FN:2482,selfTestContractDocumentRenderer
FN:2498,runContractDocumentTemplateRegression
FN:2508,exportContractPdfFromHtml
FN:2541,confirmBookingAnalysis
FN:2564,startRental
FN:2586,closeRental
FN:2611,saveContract
FN:2879,pdfBuffer
FN:2931,pdfBuffer
FN:3000,saveCheckout
FN:3004,saveCheckin
FNF:87
FNH:11
FNDA:249,safeText
FNDA:0,clamp
FNDA:0,deriveStationCode
FNDA:0,stationMatchesBooking
FNDA:0,parsePhotosField
FNDA:0,normalizeDriversPayload
FNDA:0,toDateInputValue
FNDA:13,computeVatBreakdown
FNDA:24,round2
FNDA:13,billableDaysFromBooking
FNDA:7,deriveChargeLines
FNDA:5,buildChargeLinesFromCharges
FNDA:4,normalizeChargeLinesPayload
FNDA:0,buildFinancialSnapshot
FNDA:0,syncBookingChargeFields
FNDA:94,round2
FNDA:0,cloneJson
FNDA:0,buildPricingSnapshot
FNDA:0,normalizePricingOverridePayload
FNDA:0,normalizeCheckoutGuardrailOverride
FNDA:0,normalizeSignatureState
FNDA:0,buildDocumentPipelineSnapshot
FNDA:0,getDocumentReadinessSlice
FNDA:0,buildContractDocumentPackage
FNDA:0,formatPrintableDate
FNDA:0,formatPrintableMoney
FNDA:0,row
FNDA:0,buildPrintableDocumentModelFromPackage
FNDA:0,renderSectionHtml
FNDA:0,renderContractDocumentHtmlFromPrintable
FNDA:0,htmlToPlainTextForPdf
FNDA:0,renderPdfBufferFromHtml
FNDA:0,renderPdfBufferFromHtmlHighFidelity
FNDA:0,getRendererCapabilitySnapshot
FNDA:0,runRendererSelfTestInternal
FNDA:0,buildSyntheticDocumentPackage
FNDA:0,runDocumentTemplateRegressionHarnessInternal
FNDA:0,renderPdfBufferFromHtmlAdapter
FNDA:0,computePricingDrift
FNDA:0,buildPricingReview
FNDA:0,normalizeSelectedExtras
FNDA:0,getFleetMapByIds
FNDA:0,looksLikeOpaqueId
FNDA:0,bookingCategoryCode
FNDA:0,buildCategoryLabel
FNDA:0,rangesOverlap
FNDA:0,findBusyAssignedVehicleIds
FNDA:0,getRentalByBookingId
FNDA:0,buildRentalDraftFromBooking
FNDA:0,ensureRentalForBooking
FNDA:0,mirrorToBooking
FNDA:0,applyChargesPayload
FNDA:0,applyBillingPayload
FNDA:0,applyFinancialsPayload
FNDA:0,applyFinancialTransactionsPayload
FNDA:0,buildContractLookups
FNDA:0,searchContractCustomers
FNDA:0,searchContractCompanies
FNDA:0,digitsOnly
FNDA:0,normalizeLoose
FNDA:0,bookingStatusLabel
FNDA:0,bookingSourceLabelBackend
FNDA:0,matchBookingAgainstCustomerSeeds
FNDA:0,collectBookingMatchesByCustomerSeeds
FNDA:0,getCustomerFinancialInsightsFromBookings
FNDA:0,matchBookingAgainstCompanySeeds
FNDA:0,collectBookingMatchesByCompanySeeds
FNDA:0,getCompanyInsights
FNDA:0,getCustomerInsights
FNDA:0,mergeBillingFallback
FNDA:0,mergeFinancialsFallback
FNDA:0,getContract
FNDA:0,exportContractDocumentPackage
FNDA:0,exportContractPrintableModel
FNDA:0,exportContractRenderedDocument
FNDA:0,getContractDocumentRenderCapabilities
FNDA:0,selfTestContractDocumentRenderer
FNDA:0,runContractDocumentTemplateRegression
FNDA:0,exportContractPdfFromHtml
FNDA:0,confirmBookingAnalysis
FNDA:0,startRental
FNDA:0,closeRental
FNDA:4,saveContract
FNDA:0,pdfBuffer
FNDA:0,pdfBuffer
FNDA:2,saveCheckout
FNDA:2,saveCheckin
DA:1,1
DA:2,1
DA:3,1
DA:4,1
DA:5,1
DA:6,1
DA:7,1
DA:8,1
DA:9,1
DA:10,1
DA:11,1
DA:12,1
DA:13,1
DA:14,1
DA:15,1
DA:16,1
DA:17,1
DA:18,1
DA:19,249
DA:20,0
DA:21,1
DA:22,0
DA:23,0
DA:24,0
DA:25,0
DA:26,0
DA:27,0
DA:28,0
DA:29,1
DA:30,0
DA:31,0
DA:32,0
DA:33,0
DA:34,0
DA:35,0
DA:36,0
DA:37,1
DA:38,0
DA:39,0
DA:40,0
DA:41,0
DA:42,0
DA:43,0
DA:44,1
DA:45,0
DA:46,0
DA:47,0
DA:48,0
DA:49,0
DA:50,0
DA:51,0
DA:52,0
DA:53,0
DA:54,0
DA:55,0
DA:56,0
DA:57,0
DA:58,0
DA:59,0
DA:60,0
DA:61,0
DA:62,0
DA:63,0
DA:64,0
DA:65,0
DA:66,0
DA:67,0
DA:68,0
DA:69,0
DA:70,0
DA:71,0
DA:72,0
DA:73,0
DA:74,0
DA:75,1
DA:76,1
DA:77,0
DA:78,0
DA:79,0
DA:80,0
DA:81,0
DA:82,0
DA:83,0
DA:84,0
DA:85,0
DA:86,0
DA:87,0
DA:88,1
DA:89,1
DA:90,13
DA:91,13
DA:92,13
DA:93,8
DA:94,8
DA:95,8
DA:96,8
DA:97,8
DA:98,1
DA:99,1
DA:100,13
DA:101,13
DA:102,13
DA:103,9
DA:104,9
DA:105,9
DA:106,9
DA:107,1
DA:108,1
DA:109,7
DA:110,7
DA:111,7
DA:112,7
DA:113,7
DA:114,7
DA:115,7
DA:116,7
DA:117,7
DA:118,7
DA:119,7
DA:120,7
DA:121,7
DA:122,7
DA:123,7
DA:124,7
DA:125,7
DA:126,7
DA:127,7
DA:128,1
DA:129,1
DA:130,1
DA:131,1
DA:132,1
DA:133,1
DA:134,1
DA:135,1
DA:136,1
DA:137,1
DA:138,1
DA:139,1
DA:140,1
DA:141,1
DA:142,5
DA:143,5
DA:144,45
DA:145,45
DA:146,45
DA:147,45
DA:148,45
DA:149,45
DA:150,45
DA:151,45
DA:152,45
DA:153,45
DA:154,45
DA:155,45
DA:156,45
DA:157,45
DA:158,45
DA:159,45
DA:160,45
DA:161,45
DA:162,45
DA:163,5
DA:164,5
DA:165,1
DA:166,1
DA:167,4
DA:168,4
DA:169,5
DA:170,5
DA:171,5
DA:172,5
DA:173,5
DA:174,5
DA:175,5
DA:176,5
DA:177,5
DA:178,5
DA:179,5
DA:180,5
DA:181,5
DA:182,5
DA:183,5
DA:184,5
DA:185,5
DA:186,5
DA:187,5
DA:188,5
DA:189,5
DA:190,4
DA:191,4
DA:192,1
DA:193,1
DA:194,1
DA:195,1
DA:196,0
DA:197,0
DA:198,0
DA:199,0
DA:200,0
DA:201,0
DA:202,0
DA:203,0
DA:204,0
DA:205,0
DA:206,0
DA:207,0
DA:208,0
DA:209,0
DA:210,0
DA:211,0
DA:212,0
DA:213,0
DA:214,0
DA:215,0
DA:216,0
DA:217,0
DA:218,0
DA:219,0
DA:220,0
DA:221,0
DA:222,0
DA:223,0
DA:224,0
DA:225,0
DA:226,0
DA:227,0
DA:228,0
DA:229,0
DA:230,0
DA:231,0
DA:232,0
DA:233,0
DA:234,0
DA:235,0
DA:236,0
DA:237,0
DA:238,0
DA:239,0
DA:240,0
DA:241,0
DA:242,0
DA:243,0
DA:244,0
DA:245,0
DA:246,0
DA:247,0
DA:248,0
DA:249,0
DA:250,0
DA:251,0
DA:252,0
DA:253,0
DA:254,0
DA:255,0
DA:256,0
DA:257,0
DA:258,0
DA:259,0
DA:260,0
DA:261,0
DA:262,0
DA:263,0
DA:264,0
DA:265,0
DA:266,0
DA:267,0
DA:268,0
DA:269,0
DA:270,0
DA:271,0
DA:272,0
DA:273,0
DA:274,0
DA:275,0
DA:276,0
DA:277,0
DA:278,0
DA:279,0
DA:280,0
DA:281,0
DA:282,1
DA:283,0
DA:284,0
DA:285,0
DA:286,0
DA:287,0
DA:288,0
DA:289,0
DA:290,0
DA:291,0
DA:292,0
DA:293,0
DA:294,0
DA:295,0
DA:296,0
DA:297,0
DA:298,1
DA:299,1
DA:300,94
DA:301,1
DA:302,0
DA:303,0
DA:304,0
DA:305,1
DA:306,0
DA:307,0
DA:308,0
DA:309,0
DA:310,0
DA:311,0
DA:312,0
DA:313,0
DA:314,0
DA:315,0
DA:316,0
DA:317,0
DA:318,0
DA:319,0
DA:320,0
DA:321,0
DA:322,0
DA:323,1
DA:324,0
DA:325,0
DA:326,0
DA:327,0
DA:328,0
DA:329,0
DA:330,0
DA:331,0
DA:332,0
DA:333,1
DA:334,0
DA:335,0
DA:336,0
DA:337,0
DA:338,0
DA:339,0
DA:340,0
DA:341,0
DA:342,0
DA:343,0
DA:344,1
DA:345,0
DA:346,0
DA:347,0
DA:348,0
DA:349,0
DA:350,0
DA:351,0
DA:352,0
DA:353,0
DA:354,0
DA:355,0
DA:356,0
DA:357,0
DA:358,0
DA:359,1
DA:360,1
DA:361,1
DA:362,1
DA:363,0
DA:364,0
DA:365,0
DA:366,0
DA:367,0
DA:368,0
DA:369,0
DA:370,0
DA:371,0
DA:372,0
DA:373,0
DA:374,0
DA:375,0
DA:376,0
DA:377,0
DA:378,0
DA:379,0
DA:380,0
DA:381,0
DA:382,0
DA:383,0
DA:384,0
DA:385,0
DA:386,0
DA:387,0
DA:388,0
DA:389,0
DA:390,0
DA:391,0
DA:392,0
DA:393,0
DA:394,0
DA:395,0
DA:396,0
DA:397,0
DA:398,0
DA:399,0
DA:400,0
DA:401,0
DA:402,0
DA:403,0
DA:404,0
DA:405,0
DA:406,0
DA:407,0
DA:408,0
DA:409,0
DA:410,0
DA:411,0
DA:412,0
DA:413,0
DA:414,0
DA:415,0
DA:416,0
DA:417,0
DA:418,0
DA:419,0
DA:420,0
DA:421,0
DA:422,0
DA:423,0
DA:424,0
DA:425,0
DA:426,0
DA:427,0
DA:428,0
DA:429,0
DA:430,0
DA:431,0
DA:432,0
DA:433,0
DA:434,0
DA:435,0
DA:436,0
DA:437,0
DA:438,0
DA:439,0
DA:440,0
DA:441,0
DA:442,0
DA:443,0
DA:444,0
DA:445,0
DA:446,0
DA:447,0
DA:448,0
DA:449,0
DA:450,0
DA:451,0
DA:452,0
DA:453,0
DA:454,0
DA:455,0
DA:456,0
DA:457,0
DA:458,0
DA:459,0
DA:460,0
DA:461,0
DA:462,0
DA:463,0
DA:464,0
DA:465,0
DA:466,0
DA:467,0
DA:468,0
DA:469,0
DA:470,0
DA:471,0
DA:472,0
DA:473,0
DA:474,0
DA:475,0
DA:476,0
DA:477,0
DA:478,0
DA:479,0
DA:480,0
DA:481,0
DA:482,0
DA:483,0
DA:484,1
DA:485,1
DA:486,1
DA:487,1
DA:488,1
DA:489,0
DA:490,0
DA:491,0
DA:492,0
DA:493,0
DA:494,0
DA:495,0
DA:496,0
DA:497,0
DA:498,0
DA:499,0
DA:500,0
DA:501,0
DA:502,0
DA:503,1
DA:504,1
DA:505,1
DA:506,1
DA:507,0
DA:508,0
DA:509,0
DA:510,0
DA:511,0
DA:512,0
DA:513,0
DA:514,0
DA:515,0
DA:516,0
DA:517,0
DA:518,0
DA:519,0
DA:520,0
DA:521,0
DA:522,0
DA:523,0
DA:524,0
DA:525,0
DA:526,0
DA:527,0
DA:528,0
DA:529,0
DA:530,0
DA:531,0
DA:532,0
DA:533,0
DA:534,0
DA:535,0
DA:536,0
DA:537,0
DA:538,0
DA:539,0
DA:540,0
DA:541,0
DA:542,0
DA:543,0
DA:544,0
DA:545,0
DA:546,0
DA:547,0
DA:548,0
DA:549,0
DA:550,0
DA:551,0
DA:552,0
DA:553,0
DA:554,0
DA:555,0
DA:556,0
DA:557,0
DA:558,0
DA:559,0
DA:560,0
DA:561,0
DA:562,0
DA:563,0
DA:564,0
DA:565,0
DA:566,0
DA:567,0
DA:568,0
DA:569,0
DA:570,0
DA:571,0
DA:572,0
DA:573,0
DA:574,0
DA:575,0
DA:576,0
DA:577,0
DA:578,0
DA:579,0
DA:580,0
DA:581,0
DA:582,0
DA:583,0
DA:584,0
DA:585,0
DA:586,0
DA:587,0
DA:588,0
DA:589,0
DA:590,0
DA:591,0
DA:592,0
DA:593,0
DA:594,0
DA:595,0
DA:596,0
DA:597,0
DA:598,0
DA:599,0
DA:600,0
DA:601,0
DA:602,0
DA:603,0
DA:604,0
DA:605,0
DA:606,0
DA:607,0
DA:608,0
DA:609,0
DA:610,0
DA:611,0
DA:612,0
DA:613,0
DA:614,0
DA:615,0
DA:616,0
DA:617,0
DA:618,0
DA:619,0
DA:620,0
DA:621,0
DA:622,0
DA:623,0
DA:624,0
DA:625,0
DA:626,0
DA:627,0
DA:628,0
DA:629,0
DA:630,0
DA:631,0
DA:632,0
DA:633,0
DA:634,0
DA:635,0
DA:636,0
DA:637,0
DA:638,0
DA:639,0
DA:640,0
DA:641,0
DA:642,0
DA:643,0
DA:644,0
DA:645,0
DA:646,0
DA:647,0
DA:648,0
DA:649,0
DA:650,0
DA:651,0
DA:652,0
DA:653,0
DA:654,0
DA:655,0
DA:656,1
DA:657,0
DA:658,0
DA:659,0
DA:660,0
DA:661,0
DA:662,0
DA:663,0
DA:664,0
DA:665,0
DA:666,0
DA:667,1
DA:668,0
DA:669,0
DA:670,0
DA:671,1
DA:672,0
DA:673,0
DA:674,0
DA:675,1
DA:676,1
DA:677,1
DA:678,1
DA:679,0
DA:680,0
DA:681,0
DA:682,0
DA:683,0
DA:684,0
DA:685,0
DA:686,0
DA:687,0
DA:688,0
DA:689,0
DA:690,0
DA:691,0
DA:692,0
DA:693,0
DA:694,0
DA:695,0
DA:696,0
DA:697,0
DA:698,0
DA:699,0
DA:700,0
DA:701,0
DA:702,0
DA:703,0
DA:704,0
DA:705,0
DA:706,0
DA:707,0
DA:708,0
DA:709,0
DA:710,0
DA:711,0
DA:712,0
DA:713,0
DA:714,0
DA:715,0
DA:716,0
DA:717,0
DA:718,0
DA:719,0
DA:720,0
DA:721,0
DA:722,0
DA:723,0
DA:724,0
DA:725,0
DA:726,0
DA:727,0
DA:728,0
DA:729,0
DA:730,0
DA:731,0
DA:732,0
DA:733,0
DA:734,0
DA:735,0
DA:736,0
DA:737,0
DA:738,0
DA:739,0
DA:740,0
DA:741,0
DA:742,0
DA:743,0
DA:744,0
DA:745,0
DA:746,0
DA:747,0
DA:748,0
DA:749,0
DA:750,0
DA:751,0
DA:752,0
DA:753,0
DA:754,0
DA:755,0
DA:756,0
DA:757,0
DA:758,0
DA:759,0
DA:760,0
DA:761,0
DA:762,0
DA:763,0
DA:764,0
DA:765,0
DA:766,0
DA:767,0
DA:768,0
DA:769,0
DA:770,0
DA:771,0
DA:772,0
DA:773,0
DA:774,0
DA:775,0
DA:776,0
DA:777,0
DA:778,0
DA:779,0
DA:780,0
DA:781,0
DA:782,0
DA:783,0
DA:784,0
DA:785,0
DA:786,0
DA:787,0
DA:788,0
DA:789,0
DA:790,0
DA:791,0
DA:792,0
DA:793,0
DA:794,0
DA:795,0
DA:796,0
DA:797,0
DA:798,0
DA:799,0
DA:800,0
DA:801,0
DA:802,0
DA:803,0
DA:804,0
DA:805,0
DA:806,0
DA:807,0
DA:808,0
DA:809,0
DA:810,0
DA:811,0
DA:812,0
DA:813,0
DA:814,0
DA:815,0
DA:816,0
DA:817,0
DA:818,0
DA:819,0
DA:820,0
DA:821,0
DA:822,0
DA:823,0
DA:824,0
DA:825,0
DA:826,0
DA:827,0
DA:828,1
DA:829,1
DA:830,1
DA:831,0
DA:832,0
DA:833,0
DA:834,0
DA:835,0
DA:836,0
DA:837,0
DA:838,0
DA:839,0
DA:840,0
DA:841,0
DA:842,1
DA:843,1
DA:844,1
DA:845,1
DA:846,0
DA:847,0
DA:848,0
DA:849,0
DA:850,0
DA:851,0
DA:852,0
DA:853,0
DA:854,0
DA:855,0
DA:856,0
DA:857,0
DA:858,0
DA:859,0
DA:860,0
DA:861,0
DA:862,0
DA:863,0
DA:864,0
DA:865,0
DA:866,0
DA:867,0
DA:868,0
DA:869,0
DA:870,0
DA:871,0
DA:872,0
DA:873,0
DA:874,0
DA:875,0
DA:876,0
DA:877,0
DA:878,0
DA:879,0
DA:880,0
DA:881,0
DA:882,0
DA:883,0
DA:884,0
DA:885,0
DA:886,0
DA:887,0
DA:888,0
DA:889,0
DA:890,0
DA:891,0
DA:892,0
DA:893,0
DA:894,0
DA:895,0
DA:896,0
DA:897,0
DA:898,0
DA:899,0
DA:900,0
DA:901,0
DA:902,0
DA:903,0
DA:904,0
DA:905,0
DA:906,0
DA:907,0
DA:908,0
DA:909,0
DA:910,0
DA:911,0
DA:912,0
DA:913,0
DA:914,0
DA:915,0
DA:916,0
DA:917,0
DA:918,0
DA:919,0
DA:920,0
DA:921,0
DA:922,0
DA:923,0
DA:924,0
DA:925,0
DA:926,0
DA:927,0
DA:928,0
DA:929,0
DA:930,0
DA:931,0
DA:932,0
DA:933,1
DA:934,0
DA:935,0
DA:936,0
DA:937,0
DA:938,0
DA:939,0
DA:940,0
DA:941,0
DA:942,0
DA:943,0
DA:944,0
DA:945,0
DA:946,0
DA:947,0
DA:948,0
DA:949,0
DA:950,0
DA:951,0
DA:952,1
DA:953,0
DA:954,0
DA:955,0
DA:956,0
DA:957,0
DA:958,0
DA:959,0
DA:960,0
DA:961,0
DA:962,0
DA:963,0
DA:964,0
DA:965,0
DA:966,0
DA:967,0
DA:968,0
DA:969,0
DA:970,0
DA:971,0
DA:972,1
DA:973,0
DA:974,0
DA:975,0
DA:976,0
DA:977,0
DA:978,0
DA:979,0
DA:980,0
DA:981,0
DA:982,0
DA:983,0
DA:984,0
DA:985,0
DA:986,0
DA:987,0
DA:988,0
DA:989,0
DA:990,0
DA:991,0
DA:992,0
DA:993,0
DA:994,0
DA:995,0
DA:996,0
DA:997,0
DA:998,1
DA:999,0
DA:1000,0
DA:1001,0
DA:1002,0
DA:1003,0
DA:1004,0
DA:1005,0
DA:1006,0
DA:1007,0
DA:1008,0
DA:1009,0
DA:1010,0
DA:1011,0
DA:1012,0
DA:1013,0
DA:1014,0
DA:1015,0
DA:1016,0
DA:1017,0
DA:1018,0
DA:1019,0
DA:1020,1
DA:1021,0
DA:1022,0
DA:1023,0
DA:1024,0
DA:1025,0
DA:1026,0
DA:1027,0
DA:1028,0
DA:1029,0
DA:1030,0
DA:1031,0
DA:1032,0
DA:1033,0
DA:1034,0
DA:1035,0
DA:1036,0
DA:1037,0
DA:1038,0
DA:1039,0
DA:1040,0
DA:1041,0
DA:1042,0
DA:1043,0
DA:1044,0
DA:1045,0
DA:1046,0
DA:1047,0
DA:1048,0
DA:1049,0
DA:1050,0
DA:1051,0
DA:1052,0
DA:1053,0
DA:1054,0
DA:1055,0
DA:1056,0
DA:1057,0
DA:1058,0
DA:1059,0
DA:1060,0
DA:1061,0
DA:1062,0
DA:1063,0
DA:1064,0
DA:1065,0
DA:1066,0
DA:1067,0
DA:1068,0
DA:1069,0
DA:1070,0
DA:1071,0
DA:1072,0
DA:1073,0
DA:1074,0
DA:1075,0
DA:1076,0
DA:1077,0
DA:1078,0
DA:1079,0
DA:1080,0
DA:1081,0
DA:1082,0
DA:1083,0
DA:1084,0
DA:1085,0
DA:1086,0
DA:1087,0
DA:1088,0
DA:1089,0
DA:1090,0
DA:1091,0
DA:1092,0
DA:1093,0
DA:1094,1
DA:1095,0
DA:1096,0
DA:1097,0
DA:1098,0
DA:1099,0
DA:1100,0
DA:1101,0
DA:1102,0
DA:1103,0
DA:1104,0
DA:1105,0
DA:1106,0
DA:1107,0
DA:1108,0
DA:1109,0
DA:1110,0
DA:1111,0
DA:1112,0
DA:1113,0
DA:1114,0
DA:1115,0
DA:1116,0
DA:1117,0
DA:1118,0
DA:1119,0
DA:1120,0
DA:1121,0
DA:1122,0
DA:1123,0
DA:1124,0
DA:1125,0
DA:1126,0
DA:1127,0
DA:1128,0
DA:1129,0
DA:1130,0
DA:1131,0
DA:1132,0
DA:1133,0
DA:1134,0
DA:1135,0
DA:1136,0
DA:1137,0
DA:1138,0
DA:1139,0
DA:1140,0
DA:1141,0
DA:1142,0
DA:1143,0
DA:1144,0
DA:1145,0
DA:1146,0
DA:1147,0
DA:1148,0
DA:1149,0
DA:1150,0
DA:1151,0
DA:1152,0
DA:1153,0
DA:1154,0
DA:1155,0
DA:1156,0
DA:1157,0
DA:1158,0
DA:1159,0
DA:1160,0
DA:1161,0
DA:1162,0
DA:1163,0
DA:1164,0
DA:1165,0
DA:1166,0
DA:1167,0
DA:1168,0
DA:1169,0
DA:1170,0
DA:1171,0
DA:1172,0
DA:1173,0
DA:1174,0
DA:1175,0
DA:1176,0
DA:1177,0
DA:1178,1
DA:1179,0
DA:1180,0
DA:1181,0
DA:1182,0
DA:1183,0
DA:1184,0
DA:1185,0
DA:1186,0
DA:1187,0
DA:1188,0
DA:1189,0
DA:1190,0
DA:1191,0
DA:1192,0
DA:1193,0
DA:1194,0
DA:1195,0
DA:1196,0
DA:1197,0
DA:1198,0
DA:1199,0
DA:1200,0
DA:1201,0
DA:1202,0
DA:1203,0
DA:1204,0
DA:1205,0
DA:1206,0
DA:1207,0
DA:1208,0
DA:1209,0
DA:1210,0
DA:1211,0
DA:1212,0
DA:1213,0
DA:1214,0
DA:1215,0
DA:1216,0
DA:1217,0
DA:1218,0
DA:1219,0
DA:1220,0
DA:1221,0
DA:1222,0
DA:1223,0
DA:1224,0
DA:1225,0
DA:1226,0
DA:1227,0
DA:1228,0
DA:1229,1
DA:1230,0
DA:1231,0
DA:1232,0
DA:1233,0
DA:1234,0
DA:1235,0
DA:1236,0
DA:1237,0
DA:1238,0
DA:1239,0
DA:1240,0
DA:1241,0
DA:1242,0
DA:1243,0
DA:1244,0
DA:1245,0
DA:1246,0
DA:1247,0
DA:1248,0
DA:1249,0
DA:1250,0
DA:1251,0
DA:1252,0
DA:1253,0
DA:1254,0
DA:1255,0
DA:1256,0
DA:1257,0
DA:1258,0
DA:1259,0
DA:1260,0
DA:1261,0
DA:1262,0
DA:1263,0
DA:1264,0
DA:1265,0
DA:1266,0
DA:1267,0
DA:1268,0
DA:1269,0
DA:1270,0
DA:1271,0
DA:1272,0
DA:1273,0
DA:1274,1
DA:1275,0
DA:1276,0
DA:1277,0
DA:1278,0
DA:1279,0
DA:1280,0
DA:1281,0
DA:1282,0
DA:1283,0
DA:1284,0
DA:1285,0
DA:1286,0
DA:1287,0
DA:1288,0
DA:1289,0
DA:1290,1
DA:1291,0
DA:1292,0
DA:1293,0
DA:1294,0
DA:1295,0
DA:1296,0
DA:1297,0
DA:1298,1
DA:1299,0
DA:1300,0
DA:1301,0
DA:1302,0
DA:1303,0
DA:1304,0
DA:1305,0
DA:1306,0
DA:1307,0
DA:1308,0
DA:1309,0
DA:1310,0
DA:1311,0
DA:1312,0
DA:1313,0
DA:1314,0
DA:1315,0
DA:1316,0
DA:1317,0
DA:1318,1
DA:1319,1
DA:1320,1
DA:1321,1
DA:1322,0
DA:1323,0
DA:1324,0
DA:1325,0
DA:1326,0
DA:1327,0
DA:1328,0
DA:1329,0
DA:1330,0
DA:1331,0
DA:1332,0
DA:1333,0
DA:1334,0
DA:1335,0
DA:1336,0
DA:1337,0
DA:1338,0
DA:1339,0
DA:1340,0
DA:1341,0
DA:1342,0
DA:1343,0
DA:1344,0
DA:1345,0
DA:1346,0
DA:1347,0
DA:1348,0
DA:1349,0
DA:1350,0
DA:1351,0
DA:1352,0
DA:1353,0
DA:1354,0
DA:1355,0
DA:1356,0
DA:1357,0
DA:1358,0
DA:1359,0
DA:1360,0
DA:1361,0
DA:1362,1
DA:1363,1
DA:1364,0
DA:1365,0
DA:1366,0
DA:1367,0
DA:1368,1
DA:1369,0
DA:1370,0
DA:1371,0
DA:1372,0
DA:1373,0
DA:1374,0
DA:1375,0
DA:1376,0
DA:1377,0
DA:1378,1
DA:1379,0
DA:1380,0
DA:1381,0
DA:1382,0
DA:1383,0
DA:1384,0
DA:1385,0
DA:1386,0
DA:1387,0
DA:1388,0
DA:1389,1
DA:1390,1
DA:1391,1
DA:1392,0
DA:1393,0
DA:1394,0
DA:1395,1
DA:1396,0
DA:1397,0
DA:1398,0
DA:1399,0
DA:1400,0
DA:1401,0
DA:1402,0
DA:1403,0
DA:1404,0
DA:1405,0
DA:1406,0
DA:1407,0
DA:1408,0
DA:1409,0
DA:1410,0
DA:1411,0
DA:1412,0
DA:1413,0
DA:1414,1
DA:1415,1
DA:1416,1
DA:1417,1
[...]
DA:2973,0
DA:2974,0
DA:2975,0
DA:2976,0
DA:2977,0
DA:2978,0
DA:2979,0
DA:2980,0
DA:2981,0
DA:2982,0
DA:2983,0
DA:2984,0
DA:2985,0
DA:2986,0
DA:2987,0
DA:2988,0
DA:2989,0
DA:2990,0
DA:2991,0
DA:2992,4
DA:2993,1
DA:2994,1
DA:2995,1
DA:2996,1
DA:2997,1
DA:2998,1
DA:2999,1
DA:3000,1
DA:3001,2
DA:3002,2
DA:3003,1
DA:3004,1
DA:3005,2
DA:3006,2
LF:3006
LH:408
BRDA:19,0,0,249
BRDA:19,1,0,1
BRDA:89,2,0,13
BRDA:92,3,0,10
BRDA:92,4,0,5
BRDA:92,5,0,8
BRDA:95,6,0,24
BRDA:99,7,0,13
BRDA:100,8,0,12
BRDA:101,9,0,12
BRDA:102,10,0,9
BRDA:102,11,0,4
BRDA:102,12,0,9
BRDA:108,13,0,7
BRDA:116,14,0,4
BRDA:116,15,0,3
BRDA:116,16,0,2
BRDA:117,17,0,3
BRDA:117,18,0,4
BRDA:118,19,0,3
BRDA:118,20,0,4
BRDA:119,21,0,3
BRDA:119,22,0,4
BRDA:120,23,0,3
BRDA:120,24,0,4
BRDA:141,25,0,5
BRDA:142,26,0,0
BRDA:143,27,0,45
BRDA:144,28,0,44
BRDA:146,29,0,5
BRDA:146,30,0,40
BRDA:151,31,0,44
BRDA:157,32,0,0
BRDA:158,33,0,25
BRDA:158,34,0,20
BRDA:159,35,0,44
BRDA:160,36,0,44
BRDA:160,37,0,0
BRDA:144,38,0,9
BRDA:163,39,0,45
BRDA:163,40,0,39
BRDA:166,41,0,4
BRDA:167,42,0,3
BRDA:167,43,0,1
BRDA:168,44,0,5
BRDA:169,45,0,4
BRDA:169,46,0,3
BRDA:169,47,0,2
BRDA:170,48,0,0
BRDA:170,49,0,0
BRDA:171,50,0,0
BRDA:171,51,0,0
BRDA:171,52,0,0
BRDA:172,53,0,2
BRDA:172,54,0,1
BRDA:172,55,0,1
BRDA:172,56,0,1
BRDA:173,57,0,1
BRDA:173,58,0,1
BRDA:175,59,0,2
BRDA:177,60,0,2
BRDA:178,61,0,2
BRDA:178,62,0,2
BRDA:178,63,0,0
BRDA:179,64,0,2
BRDA:182,65,0,1
BRDA:182,66,0,1
BRDA:185,67,0,2
BRDA:185,68,0,0
BRDA:186,69,0,2
BRDA:187,70,0,2
BRDA:300,71,0,94
BRDA:300,72,0,78
BRDA:2611,73,0,4
BRDA:2612,74,0,2
BRDA:2614,75,0,0
BRDA:2621,76,0,0
BRDA:2625,77,0,0
BRDA:2629,78,0,0
BRDA:2633,79,0,0
BRDA:2637,80,0,0
BRDA:2641,81,0,0
BRDA:2645,82,0,0
BRDA:2649,83,0,0
BRDA:2653,84,0,0
BRDA:2657,85,0,0
BRDA:2662,86,0,0
BRDA:2663,87,0,0
BRDA:2664,88,0,0
BRDA:2665,89,0,0
BRDA:2666,90,0,0
BRDA:2667,91,0,0
BRDA:2668,92,0,0
BRDA:2669,93,0,0
BRDA:2670,94,0,0
BRDA:2671,95,0,0
BRDA:2672,96,0,0
BRDA:2673,97,0,0
BRDA:2674,98,0,0
BRDA:2675,99,0,0
BRDA:2676,100,0,0
BRDA:2677,101,0,0
BRDA:2678,102,0,0
BRDA:2679,103,0,0
BRDA:2680,104,0,0
BRDA:2681,105,0,0
BRDA:2687,106,0,0
BRDA:2688,107,0,0
BRDA:2689,108,0,0
BRDA:2690,109,0,0
BRDA:2692,110,0,0
BRDA:2693,111,0,0
BRDA:2695,112,0,0
BRDA:2695,113,0,0
BRDA:2696,114,0,0
BRDA:2696,115,0,0
BRDA:2698,116,0,0
BRDA:2699,117,0,0
BRDA:2701,118,0,0
BRDA:2702,119,0,0
BRDA:2703,120,0,0
BRDA:2706,121,0,0
BRDA:2706,122,0,0
BRDA:2709,123,0,0
BRDA:2709,124,0,0
BRDA:2709,125,0,0
BRDA:2720,126,0,0
BRDA:2720,127,0,0
BRDA:2742,128,0,0
BRDA:2744,129,0,0
BRDA:2748,130,0,0
BRDA:2748,131,0,0
BRDA:2748,132,0,0
BRDA:2749,133,0,0
BRDA:2755,134,0,0
BRDA:2755,135,0,0
BRDA:2755,136,0,0
BRDA:2755,137,0,0
BRDA:2756,138,0,0
BRDA:2756,139,0,0
BRDA:2757,140,0,0
BRDA:2758,141,0,0
BRDA:2760,142,0,0
BRDA:2760,143,0,0
BRDA:2760,144,0,0
BRDA:2762,145,0,0
BRDA:2763,146,0,0
BRDA:2763,147,0,0
BRDA:2764,148,0,0
BRDA:2765,149,0,0
BRDA:2765,150,0,0
BRDA:2765,151,0,0
BRDA:2765,152,0,0
BRDA:2772,153,0,0
BRDA:2772,154,0,0
BRDA:2777,155,0,0
BRDA:2777,156,0,0
BRDA:2778,157,0,0
BRDA:2778,158,0,0
BRDA:2778,159,0,0
BRDA:2779,160,0,0
BRDA:2780,161,0,0
BRDA:2781,162,0,0
BRDA:2781,163,0,0
BRDA:2784,164,0,0
BRDA:3000,165,0,2
BRDA:3004,166,0,2
BRF:167
BRH:67
end_of_record
TN:
SF:src/backend/siteConfig.js
FNF:0
FNH:0
DA:1,1
DA:2,1
DA:3,1
DA:4,1
DA:5,1
DA:6,1
DA:7,1
DA:8,1
DA:9,1
DA:10,1
DA:11,1
DA:12,1
DA:13,1
DA:14,1
DA:15,1
DA:16,1
DA:17,1
DA:18,1
DA:19,1
DA:20,1
DA:21,1
DA:22,1
DA:23,1
DA:24,1
DA:25,1
DA:26,1
DA:27,1
DA:28,1
DA:29,1
DA:30,1
DA:31,1
DA:32,1
LF:32
LH:32
BRF:0
BRH:0
end_of_record
TN:
SF:src/backend/staffAccess.jsw
FN:55,cleanId
FN:60,cryptoMode
FN:65,text
FN:70,normalizeEmail
FN:74,readBool
FN:82,slugKey
FN:93,addHours
FN:99,addDays
FN:105,buildTempPassword
FN:109,buildOnboardingMessage
FN:123,safeJson
FN:127,derivePasswordHash
FN:135,verifyPassword
FN:143,buildPermField
FN:147,toPermissionMap
FN:155,parseSpecialPermissions
FN:162,roleToView
FN:177,normalizeRole
FN:198,normalizeUser
FN:212,defaultRoles
FN:248,bootstrapRoles
FN:260,logAudit
FN:277,getStaffUser
FN:284,getRole
FN:292,getAllRoles
FN:298,getRoleMap
FN:305,getCredential
FN:312,upsertCredential
FN:335,createSession
FN:354,getSessionByToken
FN:360,buildProfile
FN:388,canAccessArea
FN:397,summarizeRole
FN:404,getAllCredentials
FN:409,getActiveCredentialsCount
FN:414,canUseBootstrapLogin
FN:421,getBootstrapPassword
FN:435,getAllSessions
FN:443,getAuditRows
FN:448,getStaffUsersList
FN:453,getCollectionHealth
FN:462,_getAuthHealthDetails
FN:494,assertUniqueRoleKey
FN:503,assertUniqueUserEmail
FN:512,revokeSessionsByQuery
FN:528,loginStaff
FN:593,getSessionState
FN:624,logoutStaff
FN:637,requireStaffAccess
FN:652,authorizeStaffRoute
FN:661,getStaffAccessSnapshot
FN:768,upsertStaffRole
FN:792,upsertStaffUser
FN:819,deactivateStaffUser
FN:832,reactivateStaffUser
FN:844,inviteStaffUser
FN:898,setStaffPassword
FN:913,resetStaffPassword
FN:930,revokeStaffSessions
FN:952,changeOwnPassword
FN:967,revokeOwnOtherSessions
FN:981,hasRecentRecoveryRequest
FN:1003,requestAccessRecovery
FN:1031,getPublicLoginBootstrap
FN:1042,getPublicAuthHealth
FN:1052,getBootstrapHelp
FN:1062,hasSpecialPermission
FN:1066,doPurgeExpiredSessions
FN:1090,cleanupSessions
FN:1097,scheduledSessionCleanup
FNF:70
FNH:23
FNDA:0,cleanId
FNDA:0,cryptoMode
FNDA:1926,text
FNDA:506,normalizeEmail
FNDA:582,readBool
FNDA:0,slugKey
FNDA:52,addHours
FNDA:68,addDays
FNDA:0,buildTempPassword
FNDA:0,buildOnboardingMessage
FNDA:0,safeJson
FNDA:176,derivePasswordHash
FNDA:57,verifyPassword
FNDA:2632,buildPermField
FNDA:98,toPermissionMap
FNDA:98,parseSpecialPermissions
FNDA:0,roleToView
FNDA:0,normalizeRole
FNDA:0,normalizeUser
FNDA:0,defaultRoles
FNDA:175,bootstrapRoles
FNDA:67,logAudit
FNDA:112,getStaffUser
FNDA:107,getRole
FNDA:0,getAllRoles
FNDA:0,getRoleMap
FNDA:104,getCredential
FNDA:0,upsertCredential
FNDA:53,createSession
FNDA:92,getSessionByToken
FNDA:98,buildProfile
FNDA:2,canAccessArea
FNDA:0,summarizeRole
FNDA:0,getAllCredentials
FNDA:0,getActiveCredentialsCount
FNDA:0,canUseBootstrapLogin
FNDA:0,getBootstrapPassword
FNDA:0,getAllSessions
FNDA:0,getAuditRows
FNDA:0,getStaffUsersList
FNDA:0,getCollectionHealth
FNDA:0,_getAuthHealthDetails
FNDA:0,assertUniqueRoleKey
FNDA:0,assertUniqueUserEmail
FNDA:0,revokeSessionsByQuery
FNDA:68,loginStaff
FNDA:116,getSessionState
FNDA:4,logoutStaff
FNDA:107,requireStaffAccess
FNDA:0,authorizeStaffRoute
FNDA:0,getStaffAccessSnapshot
FNDA:0,upsertStaffRole
FNDA:0,upsertStaffUser
FNDA:0,deactivateStaffUser
FNDA:0,reactivateStaffUser
FNDA:0,inviteStaffUser
FNDA:0,setStaffPassword
FNDA:0,resetStaffPassword
FNDA:0,revokeStaffSessions
FNDA:0,changeOwnPassword
FNDA:0,revokeOwnOtherSessions
FNDA:0,hasRecentRecoveryRequest
FNDA:0,requestAccessRecovery
FNDA:0,getPublicLoginBootstrap
FNDA:0,getPublicAuthHealth
FNDA:0,getBootstrapHelp
FNDA:0,hasSpecialPermission
FNDA:0,doPurgeExpiredSessions
FNDA:0,cleanupSessions
FNDA:0,scheduledSessionCleanup
DA:1,1
DA:2,1
DA:3,1
DA:4,1
DA:5,1
DA:6,1
DA:7,1
DA:8,1
DA:9,1
DA:10,1
DA:11,1
DA:12,1
DA:13,1
DA:14,1
DA:15,1
DA:16,1
DA:17,1
DA:18,1
DA:19,1
DA:20,1
DA:21,1
DA:22,1
DA:23,1
DA:24,1
DA:25,1
DA:26,1
DA:27,1
DA:28,1
DA:29,1
DA:30,1
DA:31,1
DA:32,1
DA:33,1
DA:34,1
DA:35,1
DA:36,1
DA:37,1
DA:38,1
DA:39,1
DA:40,1
DA:41,1
DA:42,1
DA:43,1
DA:44,1
DA:45,1
DA:46,1
DA:47,1
DA:48,1
DA:49,1
DA:50,1
DA:51,1
DA:52,1
DA:53,1
DA:54,1
DA:55,0
DA:56,0
DA:57,0
DA:58,0
DA:59,1
DA:60,0
DA:61,0
DA:62,0
DA:63,0
DA:64,1
DA:65,1926
DA:66,1926
DA:67,1926
DA:68,1926
DA:69,1
DA:70,506
DA:71,506
DA:72,506
DA:73,1
DA:74,582
DA:75,582
DA:76,582
DA:77,84
DA:78,84
DA:79,0
DA:80,0
DA:81,1
DA:82,1
DA:83,0
DA:84,0
DA:85,0
DA:86,0
DA:87,0
DA:88,0
DA:89,0
DA:90,0
DA:91,0
DA:92,1
DA:93,1
DA:94,52
DA:95,52
DA:96,52
DA:97,52
DA:98,1
DA:99,1
DA:100,68
DA:101,68
DA:102,68
DA:103,68
DA:104,1
DA:105,0
DA:106,0
DA:107,0
DA:108,1
DA:109,0
DA:110,0
DA:111,0
DA:112,0
DA:113,0
DA:114,0
DA:115,0
DA:116,0
DA:117,0
DA:118,0
DA:119,0
DA:120,0
DA:121,0
DA:122,1
DA:123,0
DA:124,0
DA:125,0
DA:126,1
DA:127,1
DA:128,176
DA:129,176
DA:130,0
DA:131,0
DA:132,0
DA:133,0
DA:134,1
DA:135,57
DA:136,57
DA:137,57
DA:138,57
DA:139,57
DA:140,57
DA:141,57
DA:142,1
DA:143,2632
DA:144,2632
DA:145,2632
DA:146,1
DA:147,98
DA:148,98
DA:149,98
DA:150,490
DA:151,98
DA:152,98
DA:153,98
DA:154,1
DA:155,98
DA:156,98
DA:157,98
DA:158,98
DA:159,98
DA:160,98
DA:161,1
DA:162,0
DA:163,0
DA:164,0
DA:165,0
DA:166,0
DA:167,0
DA:168,0
DA:169,0
DA:170,0
DA:171,0
DA:172,0
DA:173,0
DA:174,0
DA:175,0
DA:176,1
DA:177,0
DA:178,0
DA:179,0
DA:180,0
DA:181,0
DA:182,0
DA:183,0
DA:184,0
DA:185,0
DA:186,0
DA:187,0
DA:188,0
DA:189,0
DA:190,0
DA:191,0
DA:192,0
DA:193,0
DA:194,0
DA:195,0
DA:196,0
DA:197,1
DA:198,0
DA:199,0
DA:200,0
DA:201,0
DA:202,0
DA:203,0
DA:204,0
DA:205,0
DA:206,0
DA:207,0
DA:208,0
DA:209,0
DA:210,0
DA:211,1
DA:212,0
DA:213,0
DA:214,0
DA:215,0
DA:216,0
DA:217,0
DA:218,0
DA:219,0
DA:220,0
DA:221,0
DA:222,0
DA:223,0
DA:224,0
DA:225,0
DA:226,0
DA:227,0
DA:228,0
DA:229,0
DA:230,0
DA:231,0
DA:232,0
DA:233,0
DA:234,0
DA:235,0
DA:236,0
DA:237,0
DA:238,0
DA:239,0
DA:240,0
DA:241,0
DA:242,0
DA:243,0
DA:244,0
DA:245,0
DA:246,0
DA:247,1
DA:248,175
DA:249,175
DA:250,175
DA:251,0
DA:252,0
DA:253,0
DA:254,0
DA:255,0
DA:256,0
DA:257,0
DA:258,0
DA:259,1
DA:260,67
DA:261,67
DA:262,67
DA:263,67
DA:264,67
DA:265,67
DA:266,67
DA:267,67
DA:268,67
DA:269,67
DA:270,67
DA:271,67
DA:272,67
DA:273,67
DA:274,67
DA:275,67
DA:276,1
DA:277,112
DA:278,112
DA:279,112
DA:280,112
DA:281,112
DA:282,112
DA:283,1
DA:284,107
DA:285,107
DA:286,107
DA:287,107
DA:288,107
DA:289,107
DA:290,107
DA:291,1
DA:292,0
DA:293,0
DA:294,0
DA:295,0
DA:296,0
DA:297,1
DA:298,0
DA:299,0
DA:300,0
DA:301,0
DA:302,0
DA:303,0
DA:304,1
DA:305,104
DA:306,104
DA:307,104
DA:308,104
DA:309,104
DA:310,104
DA:311,1
DA:312,0
DA:313,0
DA:314,0
DA:315,0
DA:316,0
DA:317,0
DA:318,0
DA:319,0
DA:320,0
DA:321,0
DA:322,0
DA:323,0
DA:324,0
DA:325,0
DA:326,0
DA:327,0
DA:328,0
DA:329,0
DA:330,0
DA:331,1
DA:332,1
DA:333,1
DA:334,1
DA:335,53
DA:336,53
DA:337,53
DA:338,53
DA:339,53
DA:340,53
DA:341,53
DA:342,53
DA:343,53
DA:344,53
DA:345,53
DA:346,53
DA:347,53
DA:348,53
DA:349,53
DA:350,53
DA:351,53
DA:352,53
DA:353,1
DA:354,92
DA:355,92
DA:356,92
DA:357,92
DA:358,92
DA:359,1
DA:360,98
DA:361,98
DA:362,98
DA:363,98
DA:364,98
DA:365,98
DA:366,94
DA:367,94
DA:368,94
DA:369,94
DA:370,98
DA:371,98
DA:372,98
DA:373,98
DA:374,98
DA:375,98
DA:376,98
DA:377,98
DA:378,98
DA:379,98
DA:380,98
DA:381,98
DA:382,98
DA:383,98
DA:384,98
DA:385,98
DA:386,98
DA:387,1
DA:388,2
DA:389,2
DA:390,2
DA:391,2
DA:392,2
DA:393,2
DA:394,2
DA:395,2
DA:396,1
DA:397,0
DA:398,0
DA:399,0
DA:400,0
DA:401,0
DA:402,0
DA:403,1
DA:404,0
DA:405,0
DA:406,0
DA:407,0
DA:408,1
DA:409,0
DA:410,0
DA:411,0
DA:412,0
DA:413,1
DA:414,0
DA:415,0
DA:416,0
DA:417,0
DA:418,0
DA:419,1
DA:420,1
DA:421,0
DA:422,0
DA:423,0
DA:424,0
DA:425,0
DA:426,0
DA:427,0
DA:428,0
DA:429,0
DA:430,0
DA:431,0
DA:432,0
DA:433,0
DA:434,1
DA:435,0
DA:436,0
DA:437,0
DA:438,0
DA:439,0
DA:440,0
DA:441,0
DA:442,1
DA:443,0
DA:444,0
DA:445,0
DA:446,0
DA:447,1
DA:448,0
DA:449,0
DA:450,0
DA:451,0
DA:452,1
DA:453,0
DA:454,0
DA:455,0
DA:456,0
DA:457,0
DA:458,0
DA:459,0
DA:460,0
DA:461,1
DA:462,0
DA:463,0
DA:464,0
DA:465,0
DA:466,0
DA:467,0
DA:468,0
DA:469,0
DA:470,0
DA:471,0
DA:472,0
DA:473,0
DA:474,0
DA:475,0
DA:476,0
DA:477,0
DA:478,0
DA:479,0
DA:480,0
DA:481,0
DA:482,0
DA:483,0
DA:484,0
DA:485,0
DA:486,0
DA:487,0
DA:488,0
DA:489,0
DA:490,0
DA:491,0
DA:492,0
DA:493,1
DA:494,0
DA:495,0
DA:496,0
DA:497,0
DA:498,0
DA:499,0
DA:500,0
DA:501,0
DA:502,1
DA:503,0
DA:504,0
DA:505,0
DA:506,0
DA:507,0
DA:508,0
DA:509,0
DA:510,0
DA:511,1
DA:512,0
DA:513,0
DA:514,0
DA:515,0
DA:516,0
DA:517,0
DA:518,0
DA:519,0
DA:520,0
DA:521,0
DA:522,0
DA:523,0
DA:524,1
DA:525,1
DA:526,1
DA:527,1
DA:528,1
DA:529,68
DA:530,68
DA:531,68
DA:532,68
DA:533,65
DA:534,65
DA:535,68
DA:536,4
DA:537,4
DA:538,4
DA:539,61
DA:540,61
DA:541,68
DA:542,2
DA:543,2
DA:544,2
DA:545,59
DA:546,59
DA:547,68
DA:548,0
DA:549,0
DA:550,0
DA:551,0
DA:552,0
DA:553,0
DA:554,0
DA:555,0
DA:556,0
DA:557,0
DA:558,0
DA:559,0
DA:560,0
DA:561,59
DA:562,68
DA:563,2
DA:564,2
DA:565,2
DA:566,68
DA:567,4
DA:568,4
DA:569,4
DA:570,53
DA:571,53
DA:572,53
DA:573,53
DA:574,53
DA:575,53
DA:576,53
DA:577,53
DA:578,53
DA:579,53
DA:580,53
DA:581,53
DA:582,53
DA:583,53
DA:584,53
DA:585,68
DA:586,68
DA:587,68
DA:588,68
DA:589,1
DA:590,1
DA:591,1
DA:592,1
DA:593,1
DA:594,116
DA:595,116
DA:596,89
DA:597,89
DA:598,116
DA:599,48
DA:600,116
DA:601,116
DA:602,1
DA:603,1
DA:604,1
DA:605,47
DA:606,47
DA:607,116
DA:608,46
DA:609,116
DA:610,45
DA:611,45
DA:612,45
DA:613,45
DA:614,45
DA:615,45
DA:616,45
DA:617,45
DA:618,45
DA:619,45
DA:620,1
DA:621,1
DA:622,1
DA:623,1
DA:624,1
DA:625,4
DA:626,4
DA:627,3
DA:628,4
DA:629,2
DA:630,2
DA:631,2
DA:632,2
DA:633,1
DA:634,1
DA:635,1
DA:636,1
DA:637,1
DA:638,107
DA:639,107
DA:640,107
DA:641,107
DA:642,0
DA:643,0
DA:644,0
DA:645,2
DA:646,0
DA:647,0
DA:648,1
DA:649,1
DA:650,1
DA:651,1
DA:652,1
DA:653,0
DA:654,0
DA:655,0
DA:656,0
DA:657,1
DA:658,1
DA:659,1
DA:660,1
DA:661,1
DA:662,0
DA:663,0
DA:664,0
DA:665,0
DA:666,0
DA:667,0
DA:668,0
DA:669,0
DA:670,0
DA:671,0
DA:672,0
DA:673,0
DA:674,0
DA:675,0
DA:676,0
DA:677,0
DA:678,0
DA:679,0
DA:680,0
DA:681,0
DA:682,0
DA:683,0
DA:684,0
DA:685,0
DA:686,0
DA:687,0
DA:688,0
DA:689,0
DA:690,0
DA:691,0
DA:692,0
DA:693,0
DA:694,0
DA:695,0
DA:696,0
DA:697,0
DA:698,0
DA:699,0
DA:700,0
DA:701,0
DA:702,0
DA:703,0
DA:704,0
DA:705,0
DA:706,0
DA:707,0
DA:708,0
DA:709,0
DA:710,0
DA:711,0
DA:712,0
DA:713,0
DA:714,0
DA:715,0
DA:716,0
DA:717,0
DA:718,0
DA:719,0
DA:720,0
DA:721,0
DA:722,0
DA:723,0
DA:724,0
DA:725,0
DA:726,0
DA:727,0
DA:728,0
DA:729,0
DA:730,0
DA:731,0
DA:732,0
DA:733,0
DA:734,0
DA:735,0
DA:736,0
DA:737,0
DA:738,0
DA:739,0
DA:740,0
DA:741,0
DA:742,0
DA:743,0
DA:744,0
DA:745,0
DA:746,0
DA:747,0
DA:748,0
DA:749,0
DA:750,0
DA:751,0
DA:752,0
DA:753,0
DA:754,0
DA:755,0
DA:756,0
DA:757,0
DA:758,0
DA:759,0
DA:760,0
DA:761,0
DA:762,0
DA:763,0
DA:764,1
DA:765,1
DA:766,1
DA:767,1
DA:768,1
DA:769,0
DA:770,0
DA:771,0
DA:772,0
DA:773,0
DA:774,0
DA:775,0
DA:776,0
DA:777,0
DA:778,0
DA:779,0
DA:780,0
DA:781,0
DA:782,0
DA:783,0
DA:784,0
DA:785,0
DA:786,0
DA:787,0
DA:788,1
DA:789,1
DA:790,1
DA:791,1
DA:792,1
DA:793,0
DA:794,0
DA:795,0
DA:796,0
DA:797,0
DA:798,0
DA:799,0
DA:800,0
DA:801,0
DA:802,0
DA:803,0
DA:804,0
DA:805,0
DA:806,0
DA:807,0
DA:808,0
DA:809,0
DA:810,0
DA:811,0
DA:812,0
DA:813,0
DA:814,0
DA:815,1
DA:816,1
DA:817,1
DA:818,1
DA:819,1
DA:820,0
DA:821,0
DA:822,0
DA:823,0
DA:824,0
DA:825,0
DA:826,0
DA:827,0
DA:828,1
DA:829,1
DA:830,1
DA:831,1
DA:832,1
DA:833,0
DA:834,0
DA:835,0
DA:836,0
DA:837,0
DA:838,0
DA:839,0
DA:840,1
DA:841,1
DA:842,1
DA:843,1
DA:844,1
DA:845,0
DA:846,0
DA:847,0
DA:848,0
DA:849,0
DA:850,0
DA:851,0
DA:852,0
DA:853,0
DA:854,0
DA:855,0
DA:856,0
DA:857,0
DA:858,0
DA:859,0
DA:860,0
DA:861,0
DA:862,0
DA:863,0
DA:864,0
DA:865,0
DA:866,0
DA:867,0
DA:868,0
DA:869,0
DA:870,0
DA:871,0
DA:872,0
DA:873,0
DA:874,0
DA:875,0
DA:876,0
DA:877,0
DA:878,0
DA:879,0
DA:880,0
DA:881,0
DA:882,0
DA:883,0
DA:884,0
DA:885,0
DA:886,0
DA:887,0
DA:888,0
DA:889,0
DA:890,0
DA:891,0
DA:892,0
DA:893,0
DA:894,1
DA:895,1
DA:896,1
DA:897,1
DA:898,1
DA:899,0
DA:900,0
DA:901,0
DA:902,0
DA:903,0
DA:904,0
DA:905,0
DA:906,0
DA:907,0
DA:908,0
DA:909,1
DA:910,1
DA:911,1
DA:912,1
DA:913,1
DA:914,0
DA:915,0
DA:916,0
DA:917,0
DA:918,0
DA:919,0
DA:920,0
DA:921,0
DA:922,0
DA:923,0
DA:924,0
DA:925,0
DA:926,1
DA:927,1
DA:928,1
DA:929,1
DA:930,1
DA:931,0
DA:932,0
DA:933,0
DA:934,0
DA:935,0
DA:936,0
DA:937,0
DA:938,0
DA:939,0
DA:940,0
DA:941,0
DA:942,0
DA:943,0
DA:944,0
DA:945,0
DA:946,0
DA:947,0
DA:948,1
DA:949,1
DA:950,1
DA:951,1
DA:952,1
DA:953,0
DA:954,0
DA:955,0
DA:956,0
DA:957,0
DA:958,0
DA:959,0
DA:960,0
DA:961,0
DA:962,1
DA:963,1
DA:964,1
DA:965,1
DA:966,1
DA:967,1
DA:968,0
DA:969,0
DA:970,0
DA:971,0
DA:972,0
DA:973,0
DA:974,0
DA:975,0
DA:976,0
DA:977,0
DA:978,0
DA:979,1
DA:980,1
DA:981,0
DA:982,0
DA:983,0
DA:984,0
DA:985,0
DA:986,0
DA:987,0
DA:988,0
DA:989,0
DA:990,0
DA:991,0
DA:992,0
DA:993,0
DA:994,0
DA:995,0
DA:996,0
DA:997,0
DA:998,0
DA:999,1
DA:1000,1
DA:1001,1
DA:1002,1
DA:1003,1
DA:1004,0
DA:1005,0
DA:1006,0
DA:1007,0
DA:1008,0
DA:1009,0
DA:1010,0
DA:1011,0
DA:1012,0
DA:1013,0
DA:1014,0
DA:1015,0
DA:1016,0
DA:1017,0
DA:1018,0
DA:1019,0
DA:1020,0
DA:1021,0
DA:1022,0
DA:1023,0
DA:1024,0
DA:1025,0
DA:1026,0
DA:1027,0
DA:1028,0
DA:1029,0
DA:1030,1
DA:1031,1
DA:1032,0
DA:1033,0
DA:1034,0
DA:1035,0
DA:1036,0
DA:1037,0
DA:1038,0
DA:1039,0
DA:1040,0
DA:1041,1
DA:1042,1
DA:1043,0
DA:1044,0
DA:1045,0
DA:1046,0
DA:1047,0
DA:1048,0
DA:1049,0
DA:1050,0
DA:1051,1
DA:1052,1
DA:1053,0
DA:1054,0
DA:1055,0
DA:1056,0
DA:1057,0
DA:1058,0
DA:1059,0
DA:1060,0
DA:1061,1
DA:1062,0
DA:1063,0
DA:1064,0
DA:1065,1
DA:1066,0
DA:1067,0
DA:1068,0
DA:1069,0
DA:1070,0
DA:1071,0
DA:1072,0
DA:1073,0
DA:1074,0
DA:1075,0
DA:1076,0
DA:1077,0
DA:1078,0
DA:1079,0
DA:1080,0
DA:1081,0
DA:1082,0
DA:1083,0
DA:1084,0
DA:1085,0
DA:1086,1
DA:1087,1
DA:1088,1
DA:1089,1
DA:1090,1
DA:1091,0
DA:1092,0
DA:1093,0
DA:1094,0
DA:1095,0
DA:1096,1
DA:1097,1
DA:1098,0
DA:1099,0
DA:1100,0
DA:1101,0
LF:1101
LH:436
BRDA:65,0,0,1926
BRDA:66,1,0,410
BRDA:67,2,0,466
BRDA:70,3,0,506
BRDA:74,4,0,582
BRDA:75,5,0,498
BRDA:75,6,0,84
BRDA:76,7,0,0
BRDA:76,8,0,84
BRDA:78,9,0,0
BRDA:93,10,0,52
BRDA:95,11,0,0
BRDA:99,12,0,68
BRDA:101,13,0,0
BRDA:127,14,0,176
BRDA:129,15,0,0
BRDA:129,16,0,0
BRDA:129,17,0,0
BRDA:135,18,0,57
BRDA:138,19,0,0
BRDA:143,20,0,2632
BRDA:147,21,0,98
BRDA:149,22,0,0
BRDA:149,23,0,490
BRDA:150,24,0,0
BRDA:155,25,0,98
BRDA:158,26,0,98
BRDA:248,27,0,175
BRDA:250,28,0,0
BRDA:250,29,0,0
BRDA:260,30,0,67
BRDA:274,31,0,0
BRDA:277,32,0,112
BRDA:279,33,0,0
BRDA:281,34,0,2
BRDA:284,35,0,107
BRDA:286,36,0,0
BRDA:289,37,0,0
BRDA:305,38,0,104
BRDA:307,39,0,0
BRDA:309,40,0,0
BRDA:335,41,0,53
BRDA:337,42,0,1
BRDA:337,43,0,52
BRDA:354,44,0,92
BRDA:357,45,0,39
BRDA:360,46,0,98
BRDA:361,47,0,0
BRDA:361,48,0,0
BRDA:361,49,0,0
BRDA:363,50,0,0
BRDA:364,51,0,0
BRDA:365,52,0,94
BRDA:373,53,0,0
BRDA:373,54,0,0
BRDA:375,55,0,94
BRDA:375,56,0,4
BRDA:375,57,0,0
BRDA:375,58,0,0
BRDA:381,59,0,0
BRDA:383,60,0,53
BRDA:366,61,0,658
BRDA:366,62,0,2632
BRDA:368,63,0,1128
BRDA:388,64,0,2
BRDA:389,65,0,0
BRDA:392,66,0,0
BRDA:528,67,0,68
BRDA:531,68,0,2
BRDA:532,69,0,66
BRDA:532,70,0,3
BRDA:532,71,0,65
BRDA:535,72,0,63
BRDA:535,73,0,4
BRDA:538,74,0,61
BRDA:541,75,0,2
BRDA:544,76,0,59
BRDA:547,77,0,0
BRDA:560,78,0,59
BRDA:562,79,0,2
BRDA:565,80,0,57
BRDA:566,81,0,4
BRDA:569,82,0,53
BRDA:593,83,0,116
BRDA:595,84,0,114
BRDA:595,85,0,27
BRDA:595,86,0,89
BRDA:598,87,0,51
BRDA:598,88,0,41
BRDA:598,89,0,48
BRDA:600,90,0,48
BRDA:600,91,0,0
BRDA:601,92,0,48
BRDA:601,93,0,48
BRDA:601,94,0,1
BRDA:602,95,0,0
BRDA:604,96,0,47
BRDA:607,97,0,1
BRDA:607,98,0,46
BRDA:609,99,0,1
BRDA:609,100,0,45
BRDA:615,101,0,0
BRDA:624,102,0,4
BRDA:626,103,0,1
BRDA:626,104,0,3
BRDA:628,105,0,1
BRDA:628,106,0,2
BRDA:637,107,0,107
BRDA:639,108,0,105
BRDA:639,109,0,64
BRDA:639,110,0,43
BRDA:640,111,0,2
BRDA:640,112,0,2
BRDA:640,113,0,103
BRDA:640,114,0,41
BRDA:640,115,0,2
BRDA:641,116,0,75
BRDA:641,117,0,0
BRDA:644,118,0,2
BRDA:645,119,0,0
BRF:120
BRH:84
end_of_record
TN:
SF:src/backend/utils.js
FN:2,safeText
FN:6,safeNum
FN:11,asDate
FN:17,addDays
FN:23,pickLabel
FN:29,isLikelyId
FN:34,extractCode
FN:42,normalizeDateParam
FNF:8
FNH:2
FNDA:0,safeText
FNDA:191,safeNum
FNDA:26,asDate
FNDA:0,addDays
FNDA:0,pickLabel
FNDA:0,isLikelyId
FNDA:0,extractCode
FNDA:0,normalizeDateParam
DA:1,1
DA:2,1
DA:3,0
DA:4,0
DA:5,1
DA:6,1
DA:7,191
DA:8,191
DA:9,191
DA:10,1
DA:11,1
DA:12,26
DA:13,26
DA:14,26
DA:15,26
DA:16,1
DA:17,1
DA:18,0
DA:19,0
DA:20,0
DA:21,0
DA:22,1
DA:23,1
DA:24,0
DA:25,0
DA:26,0
DA:27,0
DA:28,1
DA:29,1
DA:30,0
DA:31,0
DA:32,0
DA:33,1
DA:34,1
DA:35,0
DA:36,0
DA:37,0
DA:38,0
DA:39,0
DA:40,0
DA:41,1
DA:42,1
DA:43,0
DA:44,0
DA:45,0
LF:45
LH:23
BRDA:6,0,0,191
BRDA:8,1,0,111
BRDA:8,2,0,80
BRDA:11,3,0,26
BRDA:12,4,0,20
BRDA:12,5,0,6
BRDA:12,6,0,20
BRDA:13,7,0,0
BRDA:13,8,0,20
BRDA:14,9,0,2
BRDA:14,10,0,18
BRF:11
BRH:10
end_of_record
